<?xml version="1.0" encoding="utf-8"?>
<test-run id="2" name="Generics.BinaryTree.exe" fullname="C:/Users/Daniil/Desktop/C#/ООП С#/лабы/Бинарное дерево/bin/Debug/Generics.BinaryTree.exe" testcasecount="8" result="Failed" start-time="2023-12-04 21:55:01Z" end-time="2023-12-04 21:55:01Z" duration="0.455879" total="8" passed="5" failed="3" inconclusive="0" skipped="0" asserts="10" random-seed="1902991414">
  <command-line><![CDATA["C:\Users\Daniil\Desktop\C#\ООП С#\лабы\Бинарное дерево\bin\Debug\Generics.BinaryTree.exe"   ]]></command-line>
  <filter />
  <test-suite type="Assembly" id="1009" name="Generics.BinaryTree.exe" fullname="C:/Users/Daniil/Desktop/C#/ООП С#/лабы/Бинарное дерево/bin/Debug/Generics.BinaryTree.exe" runstate="Runnable" testcasecount="8" result="Failed" site="Child" start-time="2023-12-04 21:55:01Z" end-time="2023-12-04 21:55:01Z" duration="0.455879" total="8" passed="5" failed="3" warnings="0" inconclusive="0" skipped="0" asserts="10">
    <environment framework-version="3.6.0.0" clr-version="4.0.30319.42000" os-version="Microsoft Windows NT 6.2.9200.0" platform="Win32NT" cwd="C:\Users\Daniil\Desktop\C#\ООП С#\лабы\Бинарное дерево\bin\Debug" machine-name="DESKTOP-SU09UBG" user="Daniil" user-domain="DESKTOP-SU09UBG" culture="ru-RU" uiculture="ru-RU" os-architecture="x86" />
    <settings>
      <setting name="WorkDirectory" value="C:\Users\Daniil\Desktop\C#\ООП С#\лабы\Бинарное дерево\bin\Debug" />
      <setting name="NumberOfTestWorkers" value="12" />
    </settings>
    <properties>
      <property name="_PID" value="16700" />
      <property name="_APPDOMAIN" value="Generics.BinaryTree.exe" />
    </properties>
    <failure>
      <message><![CDATA[One or more child tests had errors]]></message>
    </failure>
    <test-suite type="TestSuite" id="1010" name="Generics" fullname="Generics" runstate="Runnable" testcasecount="8" result="Failed" site="Child" start-time="2023-12-04 21:55:01Z" end-time="2023-12-04 21:55:01Z" duration="0.425167" total="8" passed="5" failed="3" warnings="0" inconclusive="0" skipped="0" asserts="10">
      <failure>
        <message><![CDATA[One or more child tests had errors]]></message>
      </failure>
      <test-suite type="TestSuite" id="1011" name="BinaryTrees" fullname="Generics.BinaryTrees" runstate="Runnable" testcasecount="8" result="Failed" site="Child" start-time="2023-12-04 21:55:01Z" end-time="2023-12-04 21:55:01Z" duration="0.393535" total="8" passed="5" failed="3" warnings="0" inconclusive="0" skipped="0" asserts="10">
        <failure>
          <message><![CDATA[One or more child tests had errors]]></message>
        </failure>
        <test-suite type="TestFixture" id="1000" name="BinaryTree_should" fullname="Generics.BinaryTrees.BinaryTree_should" classname="Generics.BinaryTrees.BinaryTree_should" runstate="Runnable" testcasecount="8" result="Failed" site="Child" start-time="2023-12-04 21:55:01Z" end-time="2023-12-04 21:55:01Z" duration="0.361546" total="8" passed="5" failed="3" warnings="0" inconclusive="0" skipped="0" asserts="10">
          <failure>
            <message><![CDATA[One or more child tests had errors]]></message>
          </failure>
          <test-case id="1001" name="BeEmptyWhenCreated" fullname="Generics.BinaryTrees.BinaryTree_should.BeEmptyWhenCreated" methodname="BeEmptyWhenCreated" classname="Generics.BinaryTrees.BinaryTree_should" runstate="Runnable" seed="1345599905" result="Passed" start-time="2023-12-04 21:55:01Z" end-time="2023-12-04 21:55:01Z" duration="0.008092" asserts="1" />
          <test-case id="1007" name="CanStoreDefaultValueOfT" fullname="Generics.BinaryTrees.BinaryTree_should.CanStoreDefaultValueOfT" methodname="CanStoreDefaultValueOfT" classname="Generics.BinaryTrees.BinaryTree_should" runstate="Runnable" seed="1329152666" result="Failed" start-time="2023-12-04 21:55:01Z" end-time="2023-12-04 21:55:01Z" duration="0.022832" asserts="1">
            <failure>
              <message><![CDATA[  Expected is <System.Int32[3]>, actual is <Generics.BinaryTrees.BinaryTree`1[System.Int32]>
  Values differ at index [1]
  Expected: 1
  But was:  0
]]></message>
              <stack-trace><![CDATA[в NUnit.Framework.CollectionAssert.AreEqual(IEnumerable expected, IEnumerable actual)
в Generics.BinaryTrees.BinaryTree_should.CanStoreDefaultValueOfT() в C:\Users\Daniil\Desktop\C#\ООП С#\лабы\Бинарное дерево\BinaryTree_should.cs:строка 76
]]></stack-trace>
            </failure>
            <assertions>
              <assertion result="Failed">
                <message><![CDATA[  Expected is <System.Int32[3]>, actual is <Generics.BinaryTrees.BinaryTree`1[System.Int32]>
  Values differ at index [1]
  Expected: 1
  But was:  0
]]></message>
                <stack-trace><![CDATA[в NUnit.Framework.CollectionAssert.AreEqual(IEnumerable expected, IEnumerable actual)
в Generics.BinaryTrees.BinaryTree_should.CanStoreDefaultValueOfT() в C:\Users\Daniil\Desktop\C#\ООП С#\лабы\Бинарное дерево\BinaryTree_should.cs:строка 76
]]></stack-trace>
              </assertion>
            </assertions>
          </test-case>
          <test-case id="1008" name="EnumerationIsLazy" fullname="Generics.BinaryTrees.BinaryTree_should.EnumerationIsLazy" methodname="EnumerationIsLazy" classname="Generics.BinaryTrees.BinaryTree_should" runstate="Runnable" seed="761052868" result="Passed" start-time="2023-12-04 21:55:01Z" end-time="2023-12-04 21:55:01Z" duration="0.098234" asserts="0" />
          <test-case id="1005" name="InitializeFromAnArrayAndSort1" fullname="Generics.BinaryTrees.BinaryTree_should.InitializeFromAnArrayAndSort1" methodname="InitializeFromAnArrayAndSort1" classname="Generics.BinaryTrees.BinaryTree_should" runstate="Runnable" seed="1897182569" result="Failed" start-time="2023-12-04 21:55:01Z" end-time="2023-12-04 21:55:01Z" duration="0.000933" asserts="1">
            <failure>
              <message><![CDATA[  Expected is <System.Int32[4]>, actual is <Generics.BinaryTrees.BinaryTree`1[System.Int32]>
  Values differ at index [1]
  Expected: 2
  But was:  1
]]></message>
              <stack-trace><![CDATA[в NUnit.Framework.CollectionAssert.AreEqual(IEnumerable expected, IEnumerable actual)
в Generics.BinaryTrees.BinaryTree_should.InitializeFromAnArrayAndSort1() в C:\Users\Daniil\Desktop\C#\ООП С#\лабы\Бинарное дерево\BinaryTree_should.cs:строка 62
]]></stack-trace>
            </failure>
            <assertions>
              <assertion result="Failed">
                <message><![CDATA[  Expected is <System.Int32[4]>, actual is <Generics.BinaryTrees.BinaryTree`1[System.Int32]>
  Values differ at index [1]
  Expected: 2
  But was:  1
]]></message>
                <stack-trace><![CDATA[в NUnit.Framework.CollectionAssert.AreEqual(IEnumerable expected, IEnumerable actual)
в Generics.BinaryTrees.BinaryTree_should.InitializeFromAnArrayAndSort1() в C:\Users\Daniil\Desktop\C#\ООП С#\лабы\Бинарное дерево\BinaryTree_should.cs:строка 62
]]></stack-trace>
              </assertion>
            </assertions>
          </test-case>
          <test-case id="1006" name="InitializeFromAnArrayAndSort2" fullname="Generics.BinaryTrees.BinaryTree_should.InitializeFromAnArrayAndSort2" methodname="InitializeFromAnArrayAndSort2" classname="Generics.BinaryTrees.BinaryTree_should" runstate="Runnable" seed="511453055" result="Failed" start-time="2023-12-04 21:55:01Z" end-time="2023-12-04 21:55:01Z" duration="0.000736" asserts="1">
            <failure>
              <message><![CDATA[  Expected is <System.Int32[9]>, actual is <Generics.BinaryTrees.BinaryTree`1[System.Int32]>
  Values differ at index [1]
  Expected: 2
  But was:  1
]]></message>
              <stack-trace><![CDATA[в NUnit.Framework.CollectionAssert.AreEqual(IEnumerable expected, IEnumerable actual)
в Generics.BinaryTrees.BinaryTree_should.InitializeFromAnArrayAndSort2() в C:\Users\Daniil\Desktop\C#\ООП С#\лабы\Бинарное дерево\BinaryTree_should.cs:строка 69
]]></stack-trace>
            </failure>
            <assertions>
              <assertion result="Failed">
                <message><![CDATA[  Expected is <System.Int32[9]>, actual is <Generics.BinaryTrees.BinaryTree`1[System.Int32]>
  Values differ at index [1]
  Expected: 2
  But was:  1
]]></message>
                <stack-trace><![CDATA[в NUnit.Framework.CollectionAssert.AreEqual(IEnumerable expected, IEnumerable actual)
в Generics.BinaryTrees.BinaryTree_should.InitializeFromAnArrayAndSort2() в C:\Users\Daniil\Desktop\C#\ООП С#\лабы\Бинарное дерево\BinaryTree_should.cs:строка 69
]]></stack-trace>
              </assertion>
            </assertions>
          </test-case>
          <test-case id="1003" name="PlaceEqualElementToLeft" fullname="Generics.BinaryTrees.BinaryTree_should.PlaceEqualElementToLeft" methodname="PlaceEqualElementToLeft" classname="Generics.BinaryTrees.BinaryTree_should" runstate="Runnable" seed="1575258262" result="Passed" start-time="2023-12-04 21:55:01Z" end-time="2023-12-04 21:55:01Z" duration="0.000298" asserts="2" />
          <test-case id="1004" name="PlaceGreaterElementToRight" fullname="Generics.BinaryTrees.BinaryTree_should.PlaceGreaterElementToRight" methodname="PlaceGreaterElementToRight" classname="Generics.BinaryTrees.BinaryTree_should" runstate="Runnable" seed="2041152559" result="Passed" start-time="2023-12-04 21:55:01Z" end-time="2023-12-04 21:55:01Z" duration="0.000213" asserts="2" />
          <test-case id="1002" name="PlaceLesserElementToLeft" fullname="Generics.BinaryTrees.BinaryTree_should.PlaceLesserElementToLeft" methodname="PlaceLesserElementToLeft" classname="Generics.BinaryTrees.BinaryTree_should" runstate="Runnable" seed="2117909076" result="Passed" start-time="2023-12-04 21:55:01Z" end-time="2023-12-04 21:55:01Z" duration="0.000190" asserts="2" />
        </test-suite>
      </test-suite>
    </test-suite>
  </test-suite>
</test-run>