<?xml version="1.0" encoding="utf-8"?>
<test-run id="2" name="Generics.Table.exe" fullname="C:/Users/Daniil/Desktop/C#/ООП С#/лабы/Таблицы/bin/Debug/Generics.Table.exe" testcasecount="14" result="Passed" start-time="2023-11-28 17:13:09Z" end-time="2023-11-28 17:13:10Z" duration="0.600665" total="14" passed="14" failed="0" inconclusive="0" skipped="0" asserts="24" random-seed="1625805461">
  <command-line><![CDATA["C:\Users\Daniil\Desktop\C#\ООП С#\лабы\Таблицы\bin\Debug\Generics.Table.exe"   ]]></command-line>
  <filter />
  <test-suite type="Assembly" id="1017" name="Generics.Table.exe" fullname="C:/Users/Daniil/Desktop/C#/ООП С#/лабы/Таблицы/bin/Debug/Generics.Table.exe" runstate="Runnable" testcasecount="14" result="Passed" start-time="2023-11-28 17:13:09Z" end-time="2023-11-28 17:13:10Z" duration="0.600665" total="14" passed="14" failed="0" warnings="0" inconclusive="0" skipped="0" asserts="24">
    <environment framework-version="3.6.0.0" clr-version="4.0.30319.42000" os-version="Microsoft Windows NT 6.2.9200.0" platform="Win32NT" cwd="C:\Users\Daniil\Desktop\C#\ООП С#\лабы\Таблицы\bin\Debug" machine-name="DESKTOP-SU09UBG" user="Daniil" user-domain="DESKTOP-SU09UBG" culture="ru-RU" uiculture="ru-RU" os-architecture="x86" />
    <settings>
      <setting name="WorkDirectory" value="C:\Users\Daniil\Desktop\C#\ООП С#\лабы\Таблицы\bin\Debug" />
      <setting name="NumberOfTestWorkers" value="12" />
    </settings>
    <properties>
      <property name="_PID" value="6868" />
      <property name="_APPDOMAIN" value="Generics.Table.exe" />
    </properties>
    <test-suite type="TestSuite" id="1018" name="Generics" fullname="Generics" runstate="Runnable" testcasecount="14" result="Passed" start-time="2023-11-28 17:13:09Z" end-time="2023-11-28 17:13:10Z" duration="0.569265" total="14" passed="14" failed="0" warnings="0" inconclusive="0" skipped="0" asserts="24">
      <test-suite type="TestSuite" id="1019" name="Tables" fullname="Generics.Tables" runstate="Runnable" testcasecount="14" result="Passed" start-time="2023-11-28 17:13:09Z" end-time="2023-11-28 17:13:10Z" duration="0.537415" total="14" passed="14" failed="0" warnings="0" inconclusive="0" skipped="0" asserts="24">
        <test-suite type="TestFixture" id="1013" name="TableBothIndices_should" fullname="Generics.Tables.TableBothIndices_should" classname="Generics.Tables.TableBothIndices_should" runstate="Runnable" testcasecount="3" result="Passed" start-time="2023-11-28 17:13:09Z" end-time="2023-11-28 17:13:09Z" duration="0.095187" total="3" passed="3" failed="0" warnings="0" inconclusive="0" skipped="0" asserts="3">
          <test-case id="1014" name="WorkTogether1" fullname="Generics.Tables.TableBothIndices_should.WorkTogether1" methodname="WorkTogether1" classname="Generics.Tables.TableBothIndices_should" runstate="Runnable" seed="1664610110" result="Passed" start-time="2023-11-28 17:13:09Z" end-time="2023-11-28 17:13:09Z" duration="0.012058" asserts="1" />
          <test-case id="1015" name="WorkTogether2" fullname="Generics.Tables.TableBothIndices_should.WorkTogether2" methodname="WorkTogether2" classname="Generics.Tables.TableBothIndices_should" runstate="Runnable" seed="379523985" result="Passed" start-time="2023-11-28 17:13:09Z" end-time="2023-11-28 17:13:09Z" duration="0.000379" asserts="1" />
          <test-case id="1016" name="WorkTogether3" fullname="Generics.Tables.TableBothIndices_should.WorkTogether3" methodname="WorkTogether3" classname="Generics.Tables.TableBothIndices_should" runstate="Runnable" seed="1907821491" result="Passed" start-time="2023-11-28 17:13:09Z" end-time="2023-11-28 17:13:09Z" duration="0.009041" asserts="1" />
        </test-suite>
        <test-suite type="TestFixture" id="1006" name="TableExistedIndex_should" fullname="Generics.Tables.TableExistedIndex_should" classname="Generics.Tables.TableExistedIndex_should" runstate="Runnable" testcasecount="6" result="Passed" start-time="2023-11-28 17:13:09Z" end-time="2023-11-28 17:13:09Z" duration="0.189033" total="6" passed="6" failed="0" warnings="0" inconclusive="0" skipped="0" asserts="6">
          <test-case id="1008" name="FailIfGettingFromNonExistingColumn" fullname="Generics.Tables.TableExistedIndex_should.FailIfGettingFromNonExistingColumn" methodname="FailIfGettingFromNonExistingColumn" classname="Generics.Tables.TableExistedIndex_should" runstate="Runnable" seed="1428295278" result="Passed" start-time="2023-11-28 17:13:09Z" end-time="2023-11-28 17:13:09Z" duration="0.000314" asserts="1" />
          <test-case id="1007" name="FailIfGettingFromNonExistingRow" fullname="Generics.Tables.TableExistedIndex_should.FailIfGettingFromNonExistingRow" methodname="FailIfGettingFromNonExistingRow" classname="Generics.Tables.TableExistedIndex_should" runstate="Runnable" seed="274737787" result="Passed" start-time="2023-11-28 17:13:09Z" end-time="2023-11-28 17:13:09Z" duration="0.000287" asserts="1" />
          <test-case id="1010" name="FailIfSettingToNonExistingColumn" fullname="Generics.Tables.TableExistedIndex_should.FailIfSettingToNonExistingColumn" methodname="FailIfSettingToNonExistingColumn" classname="Generics.Tables.TableExistedIndex_should" runstate="Runnable" seed="1088306783" result="Passed" start-time="2023-11-28 17:13:09Z" end-time="2023-11-28 17:13:09Z" duration="0.000297" asserts="1" />
          <test-case id="1009" name="FailIfSettingToNonExistingRow" fullname="Generics.Tables.TableExistedIndex_should.FailIfSettingToNonExistingRow" methodname="FailIfSettingToNonExistingRow" classname="Generics.Tables.TableExistedIndex_should" runstate="Runnable" seed="324800872" result="Passed" start-time="2023-11-28 17:13:09Z" end-time="2023-11-28 17:13:09Z" duration="0.000290" asserts="1" />
          <test-case id="1012" name="GetDefaultIfNoValueSet" fullname="Generics.Tables.TableExistedIndex_should.GetDefaultIfNoValueSet" methodname="GetDefaultIfNoValueSet" classname="Generics.Tables.TableExistedIndex_should" runstate="Runnable" seed="1790245734" result="Passed" start-time="2023-11-28 17:13:09Z" end-time="2023-11-28 17:13:09Z" duration="0.000204" asserts="1" />
          <test-case id="1011" name="SetToExistedRowAndColumn" fullname="Generics.Tables.TableExistedIndex_should.SetToExistedRowAndColumn" methodname="SetToExistedRowAndColumn" classname="Generics.Tables.TableExistedIndex_should" runstate="Runnable" seed="1778418413" result="Passed" start-time="2023-11-28 17:13:09Z" end-time="2023-11-28 17:13:09Z" duration="0.000162" asserts="1" />
        </test-suite>
        <test-suite type="TestFixture" id="1000" name="TableOpenIndex_should" fullname="Generics.Tables.TableOpenIndex_should" classname="Generics.Tables.TableOpenIndex_should" runstate="Runnable" testcasecount="5" result="Passed" start-time="2023-11-28 17:13:09Z" end-time="2023-11-28 17:13:10Z" duration="0.159583" total="5" passed="5" failed="0" warnings="0" inconclusive="0" skipped="0" asserts="15">
          <test-case id="1001" name="AddColumnsAndRows" fullname="Generics.Tables.TableOpenIndex_should.AddColumnsAndRows" methodname="AddColumnsAndRows" classname="Generics.Tables.TableOpenIndex_should" runstate="Runnable" seed="1236775606" result="Passed" start-time="2023-11-28 17:13:09Z" end-time="2023-11-28 17:13:09Z" duration="0.001539" asserts="3" />
          <test-case id="1002" name="DontAddExistedColumnsAndRows1" fullname="Generics.Tables.TableOpenIndex_should.DontAddExistedColumnsAndRows1" methodname="DontAddExistedColumnsAndRows1" classname="Generics.Tables.TableOpenIndex_should" runstate="Runnable" seed="2025082884" result="Passed" start-time="2023-11-28 17:13:09Z" end-time="2023-11-28 17:13:09Z" duration="0.000383" asserts="3" />
          <test-case id="1003" name="DontAddExistedColumnsAndRows2" fullname="Generics.Tables.TableOpenIndex_should.DontAddExistedColumnsAndRows2" methodname="DontAddExistedColumnsAndRows2" classname="Generics.Tables.TableOpenIndex_should" runstate="Runnable" seed="1081510580" result="Passed" start-time="2023-11-28 17:13:09Z" end-time="2023-11-28 17:13:09Z" duration="0.000301" asserts="3" />
          <test-case id="1004" name="ReturnDefaultIfNoValueSet1" fullname="Generics.Tables.TableOpenIndex_should.ReturnDefaultIfNoValueSet1" methodname="ReturnDefaultIfNoValueSet1" classname="Generics.Tables.TableOpenIndex_should" runstate="Runnable" seed="704612328" result="Passed" start-time="2023-11-28 17:13:10Z" end-time="2023-11-28 17:13:10Z" duration="0.000216" asserts="3" />
          <test-case id="1005" name="ReturnDefaultIfNoValueSet2" fullname="Generics.Tables.TableOpenIndex_should.ReturnDefaultIfNoValueSet2" methodname="ReturnDefaultIfNoValueSet2" classname="Generics.Tables.TableOpenIndex_should" runstate="Runnable" seed="1782777478" result="Passed" start-time="2023-11-28 17:13:10Z" end-time="2023-11-28 17:13:10Z" duration="0.000220" asserts="3" />
        </test-suite>
      </test-suite>
    </test-suite>
  </test-suite>
</test-run>