<?xml version="1.0" encoding="utf-8"?>
<test-run id="2" name="Delegates.PairsAnalysis.exe" fullname="C:/Users/Daniil/Desktop/C#/ООП С#/лабы/Анализ пар/bin/Debug/Delegates.PairsAnalysis.exe" testcasecount="12" result="Passed" start-time="2023-12-04 13:42:56Z" end-time="2023-12-04 13:42:57Z" duration="0.533695" total="12" passed="12" failed="0" inconclusive="0" skipped="0" asserts="12" random-seed="127730990">
  <command-line><![CDATA["C:\Users\Daniil\Desktop\C#\ООП С#\лабы\Анализ пар\bin\Debug\Delegates.PairsAnalysis.exe"   ]]></command-line>
  <filter />
  <test-suite type="Assembly" id="1015" name="Delegates.PairsAnalysis.exe" fullname="C:/Users/Daniil/Desktop/C#/ООП С#/лабы/Анализ пар/bin/Debug/Delegates.PairsAnalysis.exe" runstate="Runnable" testcasecount="12" result="Passed" start-time="2023-12-04 13:42:56Z" end-time="2023-12-04 13:42:57Z" duration="0.533695" total="12" passed="12" failed="0" warnings="0" inconclusive="0" skipped="0" asserts="12">
    <environment framework-version="3.6.0.0" clr-version="4.0.30319.42000" os-version="Microsoft Windows NT 6.2.9200.0" platform="Win32NT" cwd="C:\Users\Daniil\Desktop\C#\ООП С#\лабы\Анализ пар\bin\Debug" machine-name="DESKTOP-SU09UBG" user="Daniil" user-domain="DESKTOP-SU09UBG" culture="ru-RU" uiculture="ru-RU" os-architecture="x86" />
    <settings>
      <setting name="WorkDirectory" value="C:\Users\Daniil\Desktop\C#\ООП С#\лабы\Анализ пар\bin\Debug" />
      <setting name="NumberOfTestWorkers" value="12" />
    </settings>
    <properties>
      <property name="_PID" value="10632" />
      <property name="_APPDOMAIN" value="Delegates.PairsAnalysis.exe" />
    </properties>
    <test-suite type="TestSuite" id="1016" name="Delegates" fullname="Delegates" runstate="Runnable" testcasecount="12" result="Passed" start-time="2023-12-04 13:42:56Z" end-time="2023-12-04 13:42:57Z" duration="0.501757" total="12" passed="12" failed="0" warnings="0" inconclusive="0" skipped="0" asserts="12">
      <test-suite type="TestSuite" id="1017" name="PairsAnalysis" fullname="Delegates.PairsAnalysis" runstate="Runnable" testcasecount="12" result="Passed" start-time="2023-12-04 13:42:56Z" end-time="2023-12-04 13:42:57Z" duration="0.470491" total="12" passed="12" failed="0" warnings="0" inconclusive="0" skipped="0" asserts="12">
        <test-suite type="TestFixture" id="1000" name="Analysis_should" fullname="Delegates.PairsAnalysis.Analysis_should" classname="Delegates.PairsAnalysis.Analysis_should" runstate="Runnable" testcasecount="12" result="Passed" start-time="2023-12-04 13:42:56Z" end-time="2023-12-04 13:42:57Z" duration="0.438471" total="12" passed="12" failed="0" warnings="0" inconclusive="0" skipped="0" asserts="12">
          <test-suite type="ParameterizedMethod" id="1012" name="FindAverageRelativeDifference_ProcessDoublesCorrectly" fullname="Delegates.PairsAnalysis.Analysis_should.FindAverageRelativeDifference_ProcessDoublesCorrectly" classname="Delegates.PairsAnalysis.Analysis_should" runstate="Runnable" testcasecount="5" result="Passed" start-time="2023-12-04 13:42:56Z" end-time="2023-12-04 13:42:56Z" duration="0.156998" total="5" passed="5" failed="0" warnings="0" inconclusive="0" skipped="0" asserts="5">
            <test-case id="1007" name="FindAverageRelativeDifference_ProcessDoublesCorrectly(0.0d,System.Double[])" fullname="Delegates.PairsAnalysis.Analysis_should.FindAverageRelativeDifference_ProcessDoublesCorrectly(0.0d,System.Double[])" methodname="FindAverageRelativeDifference_ProcessDoublesCorrectly" classname="Delegates.PairsAnalysis.Analysis_should" runstate="Runnable" seed="1395435504" result="Passed" start-time="2023-12-04 13:42:56Z" end-time="2023-12-04 13:42:56Z" duration="0.008632" asserts="1" />
            <test-case id="1008" name="FindAverageRelativeDifference_ProcessDoublesCorrectly(1.0d,System.Double[])" fullname="Delegates.PairsAnalysis.Analysis_should.FindAverageRelativeDifference_ProcessDoublesCorrectly(1.0d,System.Double[])" methodname="FindAverageRelativeDifference_ProcessDoublesCorrectly" classname="Delegates.PairsAnalysis.Analysis_should" runstate="Runnable" seed="99286131" result="Passed" start-time="2023-12-04 13:42:56Z" end-time="2023-12-04 13:42:56Z" duration="0.000057" asserts="1" />
            <test-case id="1009" name="FindAverageRelativeDifference_ProcessDoublesCorrectly(-1.0d,System.Double[])" fullname="Delegates.PairsAnalysis.Analysis_should.FindAverageRelativeDifference_ProcessDoublesCorrectly(-1.0d,System.Double[])" methodname="FindAverageRelativeDifference_ProcessDoublesCorrectly" classname="Delegates.PairsAnalysis.Analysis_should" runstate="Runnable" seed="426234561" result="Passed" start-time="2023-12-04 13:42:56Z" end-time="2023-12-04 13:42:56Z" duration="0.000065" asserts="1" />
            <test-case id="1010" name="FindAverageRelativeDifference_ProcessDoublesCorrectly(0.1d,System.Double[])" fullname="Delegates.PairsAnalysis.Analysis_should.FindAverageRelativeDifference_ProcessDoublesCorrectly(0.1d,System.Double[])" methodname="FindAverageRelativeDifference_ProcessDoublesCorrectly" classname="Delegates.PairsAnalysis.Analysis_should" runstate="Runnable" seed="11860001" result="Passed" start-time="2023-12-04 13:42:56Z" end-time="2023-12-04 13:42:56Z" duration="0.000078" asserts="1" />
            <test-case id="1011" name="FindAverageRelativeDifference_ProcessDoublesCorrectly(1.5d,System.Double[])" fullname="Delegates.PairsAnalysis.Analysis_should.FindAverageRelativeDifference_ProcessDoublesCorrectly(1.5d,System.Double[])" methodname="FindAverageRelativeDifference_ProcessDoublesCorrectly" classname="Delegates.PairsAnalysis.Analysis_should" runstate="Runnable" seed="897945807" result="Passed" start-time="2023-12-04 13:42:56Z" end-time="2023-12-04 13:42:56Z" duration="0.000080" asserts="1" />
          </test-suite>
          <test-case id="1013" name="FindAverageRelativeDifference_ThrowsAtEmptyCollection" fullname="Delegates.PairsAnalysis.Analysis_should.FindAverageRelativeDifference_ThrowsAtEmptyCollection" methodname="FindAverageRelativeDifference_ThrowsAtEmptyCollection" classname="Delegates.PairsAnalysis.Analysis_should" runstate="Runnable" seed="1207925133" result="Passed" start-time="2023-12-04 13:42:56Z" end-time="2023-12-04 13:42:56Z" duration="0.008734" asserts="1" />
          <test-case id="1014" name="FindAverageRelativeDifference_ThrowsAtOneElementCollection" fullname="Delegates.PairsAnalysis.Analysis_should.FindAverageRelativeDifference_ThrowsAtOneElementCollection" methodname="FindAverageRelativeDifference_ThrowsAtOneElementCollection" classname="Delegates.PairsAnalysis.Analysis_should" runstate="Runnable" seed="1050552307" result="Passed" start-time="2023-12-04 13:42:56Z" end-time="2023-12-04 13:42:56Z" duration="0.000259" asserts="1" />
          <test-suite type="ParameterizedMethod" id="1004" name="FindMaxPeriodIndex_ProcessDatesCorrectly" fullname="Delegates.PairsAnalysis.Analysis_should.FindMaxPeriodIndex_ProcessDatesCorrectly" classname="Delegates.PairsAnalysis.Analysis_should" runstate="Runnable" testcasecount="3" result="Passed" start-time="2023-12-04 13:42:56Z" end-time="2023-12-04 13:42:57Z" duration="0.093554" total="3" passed="3" failed="0" warnings="0" inconclusive="0" skipped="0" asserts="3">
            <test-case id="1001" name="FindMaxPeriodIndex_ProcessDatesCorrectly(0,System.String[])" fullname="Delegates.PairsAnalysis.Analysis_should.FindMaxPeriodIndex_ProcessDatesCorrectly(0,System.String[])" methodname="FindMaxPeriodIndex_ProcessDatesCorrectly" classname="Delegates.PairsAnalysis.Analysis_should" runstate="Runnable" seed="659693707" result="Passed" start-time="2023-12-04 13:42:57Z" end-time="2023-12-04 13:42:57Z" duration="0.004053" asserts="1" />
            <test-case id="1002" name="FindMaxPeriodIndex_ProcessDatesCorrectly(2,System.String[])" fullname="Delegates.PairsAnalysis.Analysis_should.FindMaxPeriodIndex_ProcessDatesCorrectly(2,System.String[])" methodname="FindMaxPeriodIndex_ProcessDatesCorrectly" classname="Delegates.PairsAnalysis.Analysis_should" runstate="Runnable" seed="136811696" result="Passed" start-time="2023-12-04 13:42:57Z" end-time="2023-12-04 13:42:57Z" duration="0.000064" asserts="1" />
            <test-case id="1003" name="FindMaxPeriodIndex_ProcessDatesCorrectly(4,System.String[])" fullname="Delegates.PairsAnalysis.Analysis_should.FindMaxPeriodIndex_ProcessDatesCorrectly(4,System.String[])" methodname="FindMaxPeriodIndex_ProcessDatesCorrectly" classname="Delegates.PairsAnalysis.Analysis_should" runstate="Runnable" seed="556715883" result="Passed" start-time="2023-12-04 13:42:57Z" end-time="2023-12-04 13:42:57Z" duration="0.000042" asserts="1" />
          </test-suite>
          <test-case id="1005" name="FindMaxPeriodIndex_ThrowsAtEmptyCollection" fullname="Delegates.PairsAnalysis.Analysis_should.FindMaxPeriodIndex_ThrowsAtEmptyCollection" methodname="FindMaxPeriodIndex_ThrowsAtEmptyCollection" classname="Delegates.PairsAnalysis.Analysis_should" runstate="Runnable" seed="230232697" result="Passed" start-time="2023-12-04 13:42:57Z" end-time="2023-12-04 13:42:57Z" duration="0.000405" asserts="1" />
          <test-case id="1006" name="FindMaxPeriodIndex_ThrowsAtOneElementCollection" fullname="Delegates.PairsAnalysis.Analysis_should.FindMaxPeriodIndex_ThrowsAtOneElementCollection" methodname="FindMaxPeriodIndex_ThrowsAtOneElementCollection" classname="Delegates.PairsAnalysis.Analysis_should" runstate="Runnable" seed="880321220" result="Passed" start-time="2023-12-04 13:42:57Z" end-time="2023-12-04 13:42:57Z" duration="0.000355" asserts="1" />
        </test-suite>
      </test-suite>
    </test-suite>
  </test-suite>
</test-run>