<?xml version="1.0" encoding="utf-8"?>
<test-run id="2" name="Incapsulation.Weights.exe" fullname="C:/Users/Daniil/Desktop/C#/ООП С#/Инкапсуляция/Веса/bin/Debug/Incapsulation.Weights.exe" testcasecount="27" result="Passed" start-time="2023-10-28 19:51:42Z" end-time="2023-10-28 19:51:43Z" duration="1.136877" total="27" passed="27" failed="0" inconclusive="0" skipped="0" asserts="18" random-seed="1926687437">
  <command-line><![CDATA["C:\Users\Daniil\Desktop\C#\ООП С#\Инкапсуляция\Веса\bin\Debug\Incapsulation.Weights.exe"   ]]></command-line>
  <filter />
  <test-suite type="Assembly" id="1034" name="Incapsulation.Weights.exe" fullname="C:/Users/Daniil/Desktop/C#/ООП С#/Инкапсуляция/Веса/bin/Debug/Incapsulation.Weights.exe" runstate="Runnable" testcasecount="27" result="Passed" start-time="2023-10-28 19:51:42Z" end-time="2023-10-28 19:51:43Z" duration="1.136877" total="27" passed="27" failed="0" warnings="0" inconclusive="0" skipped="0" asserts="18">
    <environment framework-version="3.6.0.0" clr-version="4.0.30319.42000" os-version="Microsoft Windows NT 6.2.9200.0" platform="Win32NT" cwd="C:\Users\Daniil\Desktop\C#\ООП С#\Инкапсуляция\Веса\bin\Debug" machine-name="DESKTOP-SU09UBG" user="Daniil" user-domain="DESKTOP-SU09UBG" culture="ru-RU" uiculture="ru-RU" os-architecture="x86" />
    <settings>
      <setting name="WorkDirectory" value="C:\Users\Daniil\Desktop\C#\ООП С#\Инкапсуляция\Веса\bin\Debug" />
      <setting name="NumberOfTestWorkers" value="12" />
    </settings>
    <properties>
      <property name="_PID" value="10848" />
      <property name="_APPDOMAIN" value="Incapsulation.Weights.exe" />
    </properties>
    <test-suite type="TestSuite" id="1035" name="Incapsulation" fullname="Incapsulation" runstate="Runnable" testcasecount="27" result="Passed" start-time="2023-10-28 19:51:42Z" end-time="2023-10-28 19:51:43Z" duration="1.104874" total="27" passed="27" failed="0" warnings="0" inconclusive="0" skipped="0" asserts="18">
      <test-suite type="TestSuite" id="1036" name="Weights" fullname="Incapsulation.Weights" runstate="Runnable" testcasecount="27" result="Passed" start-time="2023-10-28 19:51:42Z" end-time="2023-10-28 19:51:43Z" duration="1.072734" total="27" passed="27" failed="0" warnings="0" inconclusive="0" skipped="0" asserts="18">
        <test-suite type="TestFixture" id="1000" name="Indexer_should" fullname="Incapsulation.Weights.Indexer_should" classname="Incapsulation.Weights.Indexer_should" runstate="Runnable" testcasecount="27" result="Passed" start-time="2023-10-28 19:51:42Z" end-time="2023-10-28 19:51:43Z" duration="1.040720" total="27" passed="27" failed="0" warnings="0" inconclusive="0" skipped="0" asserts="18">
          <test-suite type="ParameterizedMethod" id="1017" name="ConstructorFails_WhenRangeIsInvalid" fullname="Incapsulation.Weights.Indexer_should.ConstructorFails_WhenRangeIsInvalid" classname="Incapsulation.Weights.Indexer_should" runstate="Runnable" testcasecount="8" result="Passed" start-time="2023-10-28 19:51:42Z" end-time="2023-10-28 19:51:42Z" duration="0.249763" total="8" passed="8" failed="0" warnings="0" inconclusive="0" skipped="0" asserts="8">
            <test-case id="1009" name="ConstructorFails_WhenRangeIsInvalid(-1,3)" fullname="Incapsulation.Weights.Indexer_should.ConstructorFails_WhenRangeIsInvalid(-1,3)" methodname="ConstructorFails_WhenRangeIsInvalid" classname="Incapsulation.Weights.Indexer_should" runstate="Runnable" seed="1871061684" result="Passed" start-time="2023-10-28 19:51:42Z" end-time="2023-10-28 19:51:42Z" duration="0.011857" asserts="1" />
            <test-case id="1010" name="ConstructorFails_WhenRangeIsInvalid(1,-1)" fullname="Incapsulation.Weights.Indexer_should.ConstructorFails_WhenRangeIsInvalid(1,-1)" methodname="ConstructorFails_WhenRangeIsInvalid" classname="Incapsulation.Weights.Indexer_should" runstate="Runnable" seed="752000676" result="Passed" start-time="2023-10-28 19:51:42Z" end-time="2023-10-28 19:51:42Z" duration="0.000103" asserts="1" />
            <test-case id="1011" name="ConstructorFails_WhenRangeIsInvalid(1,10)" fullname="Incapsulation.Weights.Indexer_should.ConstructorFails_WhenRangeIsInvalid(1,10)" methodname="ConstructorFails_WhenRangeIsInvalid" classname="Incapsulation.Weights.Indexer_should" runstate="Runnable" seed="1427429632" result="Passed" start-time="2023-10-28 19:51:42Z" end-time="2023-10-28 19:51:42Z" duration="0.000144" asserts="1" />
            <test-case id="1012" name="ConstructorFails_WhenRangeIsInvalid(0,5)" fullname="Incapsulation.Weights.Indexer_should.ConstructorFails_WhenRangeIsInvalid(0,5)" methodname="ConstructorFails_WhenRangeIsInvalid" classname="Incapsulation.Weights.Indexer_should" runstate="Runnable" seed="1972525442" result="Passed" start-time="2023-10-28 19:51:42Z" end-time="2023-10-28 19:51:42Z" duration="0.000103" asserts="1" />
            <test-case id="1013" name="ConstructorFails_WhenRangeIsInvalid(1,4)" fullname="Incapsulation.Weights.Indexer_should.ConstructorFails_WhenRangeIsInvalid(1,4)" methodname="ConstructorFails_WhenRangeIsInvalid" classname="Incapsulation.Weights.Indexer_should" runstate="Runnable" seed="586375634" result="Passed" start-time="2023-10-28 19:51:42Z" end-time="2023-10-28 19:51:42Z" duration="0.000101" asserts="1" />
            <test-case id="1014" name="ConstructorFails_WhenRangeIsInvalid(2,3)" fullname="Incapsulation.Weights.Indexer_should.ConstructorFails_WhenRangeIsInvalid(2,3)" methodname="ConstructorFails_WhenRangeIsInvalid" classname="Incapsulation.Weights.Indexer_should" runstate="Runnable" seed="469047089" result="Passed" start-time="2023-10-28 19:51:42Z" end-time="2023-10-28 19:51:42Z" duration="0.000083" asserts="1" />
            <test-case id="1015" name="ConstructorFails_WhenRangeIsInvalid(3,2)" fullname="Incapsulation.Weights.Indexer_should.ConstructorFails_WhenRangeIsInvalid(3,2)" methodname="ConstructorFails_WhenRangeIsInvalid" classname="Incapsulation.Weights.Indexer_should" runstate="Runnable" seed="1826131720" result="Passed" start-time="2023-10-28 19:51:42Z" end-time="2023-10-28 19:51:42Z" duration="0.000108" asserts="1" />
            <test-case id="1016" name="ConstructorFails_WhenRangeIsInvalid(4,1)" fullname="Incapsulation.Weights.Indexer_should.ConstructorFails_WhenRangeIsInvalid(4,1)" methodname="ConstructorFails_WhenRangeIsInvalid" classname="Incapsulation.Weights.Indexer_should" runstate="Runnable" seed="917238518" result="Passed" start-time="2023-10-28 19:51:42Z" end-time="2023-10-28 19:51:42Z" duration="0.000090" asserts="1" />
          </test-suite>
          <test-suite type="ParameterizedMethod" id="1027" name="ConstructorNotFail_WhenRangeIsValid" fullname="Incapsulation.Weights.Indexer_should.ConstructorNotFail_WhenRangeIsValid" classname="Incapsulation.Weights.Indexer_should" runstate="Runnable" testcasecount="9" result="Passed" start-time="2023-10-28 19:51:42Z" end-time="2023-10-28 19:51:42Z" duration="0.285232" total="9" passed="9" failed="0" warnings="0" inconclusive="0" skipped="0" asserts="0">
            <test-case id="1018" name="ConstructorNotFail_WhenRangeIsValid(0,0)" fullname="Incapsulation.Weights.Indexer_should.ConstructorNotFail_WhenRangeIsValid(0,0)" methodname="ConstructorNotFail_WhenRangeIsValid" classname="Incapsulation.Weights.Indexer_should" runstate="Runnable" seed="65096073" result="Passed" start-time="2023-10-28 19:51:42Z" end-time="2023-10-28 19:51:42Z" duration="0.000134" asserts="0" />
            <test-case id="1019" name="ConstructorNotFail_WhenRangeIsValid(0,1)" fullname="Incapsulation.Weights.Indexer_should.ConstructorNotFail_WhenRangeIsValid(0,1)" methodname="ConstructorNotFail_WhenRangeIsValid" classname="Incapsulation.Weights.Indexer_should" runstate="Runnable" seed="117371600" result="Passed" start-time="2023-10-28 19:51:42Z" end-time="2023-10-28 19:51:42Z" duration="0.000040" asserts="0" />
            <test-case id="1020" name="ConstructorNotFail_WhenRangeIsValid(0,4)" fullname="Incapsulation.Weights.Indexer_should.ConstructorNotFail_WhenRangeIsValid(0,4)" methodname="ConstructorNotFail_WhenRangeIsValid" classname="Incapsulation.Weights.Indexer_should" runstate="Runnable" seed="612699163" result="Passed" start-time="2023-10-28 19:51:42Z" end-time="2023-10-28 19:51:42Z" duration="0.000077" asserts="0" />
            <test-case id="1021" name="ConstructorNotFail_WhenRangeIsValid(1,0)" fullname="Incapsulation.Weights.Indexer_should.ConstructorNotFail_WhenRangeIsValid(1,0)" methodname="ConstructorNotFail_WhenRangeIsValid" classname="Incapsulation.Weights.Indexer_should" runstate="Runnable" seed="843460516" result="Passed" start-time="2023-10-28 19:51:42Z" end-time="2023-10-28 19:51:42Z" duration="0.000051" asserts="0" />
            <test-case id="1022" name="ConstructorNotFail_WhenRangeIsValid(1,1)" fullname="Incapsulation.Weights.Indexer_should.ConstructorNotFail_WhenRangeIsValid(1,1)" methodname="ConstructorNotFail_WhenRangeIsValid" classname="Incapsulation.Weights.Indexer_should" runstate="Runnable" seed="350224233" result="Passed" start-time="2023-10-28 19:51:42Z" end-time="2023-10-28 19:51:42Z" duration="0.000041" asserts="0" />
            <test-case id="1023" name="ConstructorNotFail_WhenRangeIsValid(1,3)" fullname="Incapsulation.Weights.Indexer_should.ConstructorNotFail_WhenRangeIsValid(1,3)" methodname="ConstructorNotFail_WhenRangeIsValid" classname="Incapsulation.Weights.Indexer_should" runstate="Runnable" seed="2138418281" result="Passed" start-time="2023-10-28 19:51:42Z" end-time="2023-10-28 19:51:42Z" duration="0.000062" asserts="0" />
            <test-case id="1024" name="ConstructorNotFail_WhenRangeIsValid(3,0)" fullname="Incapsulation.Weights.Indexer_should.ConstructorNotFail_WhenRangeIsValid(3,0)" methodname="ConstructorNotFail_WhenRangeIsValid" classname="Incapsulation.Weights.Indexer_should" runstate="Runnable" seed="689820993" result="Passed" start-time="2023-10-28 19:51:42Z" end-time="2023-10-28 19:51:42Z" duration="0.000039" asserts="0" />
            <test-case id="1025" name="ConstructorNotFail_WhenRangeIsValid(3,1)" fullname="Incapsulation.Weights.Indexer_should.ConstructorNotFail_WhenRangeIsValid(3,1)" methodname="ConstructorNotFail_WhenRangeIsValid" classname="Incapsulation.Weights.Indexer_should" runstate="Runnable" seed="326104408" result="Passed" start-time="2023-10-28 19:51:42Z" end-time="2023-10-28 19:51:42Z" duration="0.000041" asserts="0" />
            <test-case id="1026" name="ConstructorNotFail_WhenRangeIsValid(4,0)" fullname="Incapsulation.Weights.Indexer_should.ConstructorNotFail_WhenRangeIsValid(4,0)" methodname="ConstructorNotFail_WhenRangeIsValid" classname="Incapsulation.Weights.Indexer_should" runstate="Runnable" seed="1461548281" result="Passed" start-time="2023-10-28 19:51:42Z" end-time="2023-10-28 19:51:42Z" duration="0.000056" asserts="0" />
          </test-suite>
          <test-suite type="ParameterizedMethod" id="1004" name="GetCorrectly" fullname="Incapsulation.Weights.Indexer_should.GetCorrectly" classname="Incapsulation.Weights.Indexer_should" runstate="Runnable" testcasecount="2" result="Passed" start-time="2023-10-28 19:51:42Z" end-time="2023-10-28 19:51:42Z" duration="0.062487" total="2" passed="2" failed="0" warnings="0" inconclusive="0" skipped="0" asserts="2">
            <test-case id="1002" name="GetCorrectly(0,2)" fullname="Incapsulation.Weights.Indexer_should.GetCorrectly(0,2)" methodname="GetCorrectly" classname="Incapsulation.Weights.Indexer_should" runstate="Runnable" seed="142420191" result="Passed" start-time="2023-10-28 19:51:42Z" end-time="2023-10-28 19:51:42Z" duration="0.004269" asserts="1" />
            <test-case id="1003" name="GetCorrectly(1,3)" fullname="Incapsulation.Weights.Indexer_should.GetCorrectly(1,3)" methodname="GetCorrectly" classname="Incapsulation.Weights.Indexer_should" runstate="Runnable" seed="2076853202" result="Passed" start-time="2023-10-28 19:51:42Z" end-time="2023-10-28 19:51:42Z" duration="0.000043" asserts="1" />
          </test-suite>
          <test-case id="1001" name="HaveCorrectLength" fullname="Incapsulation.Weights.Indexer_should.HaveCorrectLength" methodname="HaveCorrectLength" classname="Incapsulation.Weights.Indexer_should" runstate="Runnable" seed="1668567809" result="Passed" start-time="2023-10-28 19:51:42Z" end-time="2023-10-28 19:51:42Z" duration="0.000444" asserts="1" />
          <test-case id="1008" name="IndexerDoesNotCopyArray" fullname="Incapsulation.Weights.Indexer_should.IndexerDoesNotCopyArray" methodname="IndexerDoesNotCopyArray" classname="Incapsulation.Weights.Indexer_should" runstate="Runnable" seed="423921396" result="Passed" start-time="2023-10-28 19:51:42Z" end-time="2023-10-28 19:51:42Z" duration="0.000250" asserts="1" />
          <test-suite type="ParameterizedMethod" id="1030" name="IndexerGetter_Fails_WhenIndexIsWrong" fullname="Incapsulation.Weights.Indexer_should.IndexerGetter_Fails_WhenIndexIsWrong" classname="Incapsulation.Weights.Indexer_should" runstate="Runnable" testcasecount="2" result="Passed" start-time="2023-10-28 19:51:42Z" end-time="2023-10-28 19:51:42Z" duration="0.064069" total="2" passed="2" failed="0" warnings="0" inconclusive="0" skipped="0" asserts="2">
            <test-case id="1028" name="IndexerGetter_Fails_WhenIndexIsWrong(-1)" fullname="Incapsulation.Weights.Indexer_should.IndexerGetter_Fails_WhenIndexIsWrong(-1)" methodname="IndexerGetter_Fails_WhenIndexIsWrong" classname="Incapsulation.Weights.Indexer_should" runstate="Runnable" seed="578348899" result="Passed" start-time="2023-10-28 19:51:42Z" end-time="2023-10-28 19:51:42Z" duration="0.000929" asserts="1" />
            <test-case id="1029" name="IndexerGetter_Fails_WhenIndexIsWrong(2)" fullname="Incapsulation.Weights.Indexer_should.IndexerGetter_Fails_WhenIndexIsWrong(2)" methodname="IndexerGetter_Fails_WhenIndexIsWrong" classname="Incapsulation.Weights.Indexer_should" runstate="Runnable" seed="637151959" result="Passed" start-time="2023-10-28 19:51:42Z" end-time="2023-10-28 19:51:42Z" duration="0.000168" asserts="1" />
          </test-suite>
          <test-suite type="ParameterizedMethod" id="1033" name="IndexerSetter_Fails_WhenIndexIsWrong" fullname="Incapsulation.Weights.Indexer_should.IndexerSetter_Fails_WhenIndexIsWrong" classname="Incapsulation.Weights.Indexer_should" runstate="Runnable" testcasecount="2" result="Passed" start-time="2023-10-28 19:51:42Z" end-time="2023-10-28 19:51:42Z" duration="0.064064" total="2" passed="2" failed="0" warnings="0" inconclusive="0" skipped="0" asserts="2">
            <test-case id="1031" name="IndexerSetter_Fails_WhenIndexIsWrong(-1)" fullname="Incapsulation.Weights.Indexer_should.IndexerSetter_Fails_WhenIndexIsWrong(-1)" methodname="IndexerSetter_Fails_WhenIndexIsWrong" classname="Incapsulation.Weights.Indexer_should" runstate="Runnable" seed="1351577988" result="Passed" start-time="2023-10-28 19:51:42Z" end-time="2023-10-28 19:51:42Z" duration="0.000303" asserts="1" />
            <test-case id="1032" name="IndexerSetter_Fails_WhenIndexIsWrong(2)" fullname="Incapsulation.Weights.Indexer_should.IndexerSetter_Fails_WhenIndexIsWrong(2)" methodname="IndexerSetter_Fails_WhenIndexIsWrong" classname="Incapsulation.Weights.Indexer_should" runstate="Runnable" seed="2145855138" result="Passed" start-time="2023-10-28 19:51:42Z" end-time="2023-10-28 19:51:42Z" duration="0.000070" asserts="1" />
          </test-suite>
          <test-suite type="ParameterizedMethod" id="1007" name="SetCorrectly" fullname="Incapsulation.Weights.Indexer_should.SetCorrectly" classname="Incapsulation.Weights.Indexer_should" runstate="Runnable" testcasecount="2" result="Passed" start-time="2023-10-28 19:51:43Z" end-time="2023-10-28 19:51:43Z" duration="0.062075" total="2" passed="2" failed="0" warnings="0" inconclusive="0" skipped="0" asserts="2">
            <test-case id="1005" name="SetCorrectly(0)" fullname="Incapsulation.Weights.Indexer_should.SetCorrectly(0)" methodname="SetCorrectly" classname="Incapsulation.Weights.Indexer_should" runstate="Runnable" seed="219866765" result="Passed" start-time="2023-10-28 19:51:43Z" end-time="2023-10-28 19:51:43Z" duration="0.000147" asserts="1" />
            <test-case id="1006" name="SetCorrectly(1)" fullname="Incapsulation.Weights.Indexer_should.SetCorrectly(1)" methodname="SetCorrectly" classname="Incapsulation.Weights.Indexer_should" runstate="Runnable" seed="559621565" result="Passed" start-time="2023-10-28 19:51:43Z" end-time="2023-10-28 19:51:43Z" duration="0.000055" asserts="1" />
          </test-suite>
        </test-suite>
      </test-suite>
    </test-suite>
  </test-suite>
</test-run>