<?xml version="1.0" encoding="utf-8"?>
<test-run id="2" name="Inheritance.MapObjects.exe" fullname="C:/Users/Daniil/Desktop/C#/ООП С#/лабы/HOMM/bin/Debug/Inheritance.MapObjects.exe" testcasecount="6" result="Passed" start-time="2023-12-04 16:01:07Z" end-time="2023-12-04 16:01:08Z" duration="0.280038" total="6" passed="6" failed="0" inconclusive="0" skipped="0" asserts="15" random-seed="1447726540">
  <command-line><![CDATA["C:\Users\Daniil\Desktop\C#\ООП С#\лабы\HOMM\bin\Debug\Inheritance.MapObjects.exe"   ]]></command-line>
  <filter />
  <test-suite type="Assembly" id="1007" name="Inheritance.MapObjects.exe" fullname="C:/Users/Daniil/Desktop/C#/ООП С#/лабы/HOMM/bin/Debug/Inheritance.MapObjects.exe" runstate="Runnable" testcasecount="6" result="Passed" start-time="2023-12-04 16:01:07Z" end-time="2023-12-04 16:01:08Z" duration="0.280038" total="6" passed="6" failed="0" warnings="0" inconclusive="0" skipped="0" asserts="15">
    <environment framework-version="3.6.0.0" clr-version="4.0.30319.42000" os-version="Microsoft Windows NT 6.2.9200.0" platform="Win32NT" cwd="C:\Users\Daniil\Desktop\C#\ООП С#\лабы\HOMM\bin\Debug" machine-name="DESKTOP-SU09UBG" user="Daniil" user-domain="DESKTOP-SU09UBG" culture="ru-RU" uiculture="ru-RU" os-architecture="x86" />
    <settings>
      <setting name="WorkDirectory" value="C:\Users\Daniil\Desktop\C#\ООП С#\лабы\HOMM\bin\Debug" />
      <setting name="NumberOfTestWorkers" value="12" />
    </settings>
    <properties>
      <property name="_PID" value="1732" />
      <property name="_APPDOMAIN" value="Inheritance.MapObjects.exe" />
    </properties>
    <test-suite type="TestSuite" id="1008" name="Inheritance" fullname="Inheritance" runstate="Runnable" testcasecount="6" result="Passed" start-time="2023-12-04 16:01:07Z" end-time="2023-12-04 16:01:08Z" duration="0.249766" total="6" passed="6" failed="0" warnings="0" inconclusive="0" skipped="0" asserts="15">
      <test-suite type="TestSuite" id="1009" name="MapObjects" fullname="Inheritance.MapObjects" runstate="Runnable" testcasecount="6" result="Passed" start-time="2023-12-04 16:01:07Z" end-time="2023-12-04 16:01:08Z" duration="0.219185" total="6" passed="6" failed="0" warnings="0" inconclusive="0" skipped="0" asserts="15">
        <test-suite type="TestFixture" id="1000" name="Player_should" fullname="Inheritance.MapObjects.Player_should" classname="Inheritance.MapObjects.Player_should" runstate="Runnable" testcasecount="6" result="Passed" start-time="2023-12-04 16:01:07Z" end-time="2023-12-04 16:01:08Z" duration="0.188643" total="6" passed="6" failed="0" warnings="0" inconclusive="0" skipped="0" asserts="15">
          <test-case id="1002" name="BeatWeakCreepsAndCollectTreasure" fullname="Inheritance.MapObjects.Player_should.BeatWeakCreepsAndCollectTreasure" methodname="BeatWeakCreepsAndCollectTreasure" classname="Inheritance.MapObjects.Player_should" runstate="Runnable" seed="435054520" result="Passed" start-time="2023-12-04 16:01:07Z" end-time="2023-12-04 16:01:07Z" duration="0.007709" asserts="2" />
          <test-case id="1005" name="BeatWeakGuardAndOwnDwelling" fullname="Inheritance.MapObjects.Player_should.BeatWeakGuardAndOwnDwelling" methodname="BeatWeakGuardAndOwnDwelling" classname="Inheritance.MapObjects.Player_should" runstate="Runnable" seed="1036580178" result="Passed" start-time="2023-12-04 16:01:07Z" end-time="2023-12-04 16:01:07Z" duration="0.000456" asserts="3" />
          <test-case id="1003" name="LoseToPowerfulCreeps" fullname="Inheritance.MapObjects.Player_should.LoseToPowerfulCreeps" methodname="LoseToPowerfulCreeps" classname="Inheritance.MapObjects.Player_should" runstate="Runnable" seed="1891902232" result="Passed" start-time="2023-12-04 16:01:07Z" end-time="2023-12-04 16:01:07Z" duration="0.000236" asserts="2" />
          <test-case id="1006" name="LoseToPowerfulGuard" fullname="Inheritance.MapObjects.Player_should.LoseToPowerfulGuard" methodname="LoseToPowerfulGuard" classname="Inheritance.MapObjects.Player_should" runstate="Runnable" seed="500692095" result="Passed" start-time="2023-12-04 16:01:08Z" end-time="2023-12-04 16:01:08Z" duration="0.000317" asserts="3" />
          <test-case id="1004" name="OwnDwelling" fullname="Inheritance.MapObjects.Player_should.OwnDwelling" methodname="OwnDwelling" classname="Inheritance.MapObjects.Player_should" runstate="Runnable" seed="595717641" result="Passed" start-time="2023-12-04 16:01:08Z" end-time="2023-12-04 16:01:08Z" duration="0.000387" asserts="3" />
          <test-case id="1001" name="TakeResources" fullname="Inheritance.MapObjects.Player_should.TakeResources" methodname="TakeResources" classname="Inheritance.MapObjects.Player_should" runstate="Runnable" seed="830564740" result="Passed" start-time="2023-12-04 16:01:08Z" end-time="2023-12-04 16:01:08Z" duration="0.000293" asserts="2" />
        </test-suite>
      </test-suite>
    </test-suite>
  </test-suite>
</test-run>