<?xml version="1.0" encoding="utf-8"?>
<test-run id="2" name="Incapsulation.RationalNumbers.exe" fullname="C:/Users/Daniil/Desktop/C#/ООП С#/Инкапсуляция/Рациональные числа/bin/Debug/Incapsulation.RationalNumbers.exe" testcasecount="48" result="Passed" start-time="2023-10-29 15:29:29Z" end-time="2023-10-29 15:29:31Z" duration="1.716559" total="48" passed="48" failed="0" inconclusive="0" skipped="0" asserts="88" random-seed="1176317458">
  <command-line><![CDATA["C:\Users\Daniil\Desktop\C#\ООП С#\Инкапсуляция\Рациональные числа\bin\Debug\Incapsulation.RationalNumbers.exe"   ]]></command-line>
  <filter />
  <test-suite type="Assembly" id="1053" name="Incapsulation.RationalNumbers.exe" fullname="C:/Users/Daniil/Desktop/C#/ООП С#/Инкапсуляция/Рациональные числа/bin/Debug/Incapsulation.RationalNumbers.exe" runstate="Runnable" testcasecount="48" result="Passed" start-time="2023-10-29 15:29:29Z" end-time="2023-10-29 15:29:31Z" duration="1.716559" total="48" passed="48" failed="0" warnings="0" inconclusive="0" skipped="0" asserts="88">
    <environment framework-version="3.6.0.0" clr-version="4.0.30319.42000" os-version="Microsoft Windows NT 6.2.9200.0" platform="Win32NT" cwd="C:\Users\Daniil\Desktop\C#\ООП С#\Инкапсуляция\Рациональные числа\bin\Debug" machine-name="DESKTOP-SU09UBG" user="Daniil" user-domain="DESKTOP-SU09UBG" culture="ru-RU" uiculture="ru-RU" os-architecture="x86" />
    <settings>
      <setting name="WorkDirectory" value="C:\Users\Daniil\Desktop\C#\ООП С#\Инкапсуляция\Рациональные числа\bin\Debug" />
      <setting name="NumberOfTestWorkers" value="12" />
    </settings>
    <properties>
      <property name="_PID" value="15012" />
      <property name="_APPDOMAIN" value="Incapsulation.RationalNumbers.exe" />
    </properties>
    <test-suite type="TestSuite" id="1054" name="Incapsulation" fullname="Incapsulation" runstate="Runnable" testcasecount="48" result="Passed" start-time="2023-10-29 15:29:29Z" end-time="2023-10-29 15:29:31Z" duration="1.684615" total="48" passed="48" failed="0" warnings="0" inconclusive="0" skipped="0" asserts="88">
      <test-suite type="TestSuite" id="1055" name="RationalNumbers" fullname="Incapsulation.RationalNumbers" runstate="Runnable" testcasecount="48" result="Passed" start-time="2023-10-29 15:29:29Z" end-time="2023-10-29 15:29:31Z" duration="1.653905" total="48" passed="48" failed="0" warnings="0" inconclusive="0" skipped="0" asserts="88">
        <test-suite type="TestFixture" id="1000" name="Rational_should" fullname="Incapsulation.RationalNumbers.Rational_should" classname="Incapsulation.RationalNumbers.Rational_should" runstate="Runnable" testcasecount="48" result="Passed" start-time="2023-10-29 15:29:29Z" end-time="2023-10-29 15:29:31Z" duration="1.622886" total="48" passed="48" failed="0" warnings="0" inconclusive="0" skipped="0" asserts="88">
          <test-case id="1004" name="BeCorrectWithZeroNumerator" fullname="Incapsulation.RationalNumbers.Rational_should.BeCorrectWithZeroNumerator" methodname="BeCorrectWithZeroNumerator" classname="Incapsulation.RationalNumbers.Rational_should" runstate="Runnable" seed="2045538320" result="Passed" start-time="2023-10-29 15:29:29Z" end-time="2023-10-29 15:29:29Z" duration="0.007174" asserts="3" />
          <test-case id="1032" name="ConvertFromInt" fullname="Incapsulation.RationalNumbers.Rational_should.ConvertFromInt" methodname="ConvertFromInt" classname="Incapsulation.RationalNumbers.Rational_should" runstate="Runnable" seed="1122660231" result="Passed" start-time="2023-10-29 15:29:29Z" end-time="2023-10-29 15:29:29Z" duration="0.000259" asserts="3" />
          <test-suite type="ParameterizedMethod" id="1031" name="ConvertToDouble" fullname="Incapsulation.RationalNumbers.Rational_should.ConvertToDouble" classname="Incapsulation.RationalNumbers.Rational_should" runstate="Runnable" testcasecount="6" result="Passed" start-time="2023-10-29 15:29:29Z" end-time="2023-10-29 15:29:29Z" duration="0.186467" total="6" passed="6" failed="0" warnings="0" inconclusive="0" skipped="0" asserts="6">
            <test-case id="1025" name="ConvertToDouble(1,2,0.5d)" fullname="Incapsulation.RationalNumbers.Rational_should.ConvertToDouble(1,2,0.5d)" methodname="ConvertToDouble" classname="Incapsulation.RationalNumbers.Rational_should" runstate="Runnable" seed="248578319" result="Passed" start-time="2023-10-29 15:29:29Z" end-time="2023-10-29 15:29:29Z" duration="0.001669" asserts="1" />
            <test-case id="1026" name="ConvertToDouble(10,5,2.0d)" fullname="Incapsulation.RationalNumbers.Rational_should.ConvertToDouble(10,5,2.0d)" methodname="ConvertToDouble" classname="Incapsulation.RationalNumbers.Rational_should" runstate="Runnable" seed="1889801045" result="Passed" start-time="2023-10-29 15:29:29Z" end-time="2023-10-29 15:29:29Z" duration="0.000067" asserts="1" />
            <test-case id="1027" name="ConvertToDouble(-1,5,-0.2d)" fullname="Incapsulation.RationalNumbers.Rational_should.ConvertToDouble(-1,5,-0.2d)" methodname="ConvertToDouble" classname="Incapsulation.RationalNumbers.Rational_should" runstate="Runnable" seed="1813570733" result="Passed" start-time="2023-10-29 15:29:29Z" end-time="2023-10-29 15:29:29Z" duration="0.000047" asserts="1" />
            <test-case id="1028" name="ConvertToDouble(10,0,double.NaN)" fullname="Incapsulation.RationalNumbers.Rational_should.ConvertToDouble(10,0,double.NaN)" methodname="ConvertToDouble" classname="Incapsulation.RationalNumbers.Rational_should" runstate="Runnable" seed="607810188" result="Passed" start-time="2023-10-29 15:29:29Z" end-time="2023-10-29 15:29:29Z" duration="0.000051" asserts="1" />
            <test-case id="1029" name="ConvertToDouble(-10,0,double.NaN)" fullname="Incapsulation.RationalNumbers.Rational_should.ConvertToDouble(-10,0,double.NaN)" methodname="ConvertToDouble" classname="Incapsulation.RationalNumbers.Rational_should" runstate="Runnable" seed="1591858182" result="Passed" start-time="2023-10-29 15:29:29Z" end-time="2023-10-29 15:29:29Z" duration="0.000049" asserts="1" />
            <test-case id="1030" name="ConvertToDouble(0,0,double.NaN)" fullname="Incapsulation.RationalNumbers.Rational_should.ConvertToDouble(0,0,double.NaN)" methodname="ConvertToDouble" classname="Incapsulation.RationalNumbers.Rational_should" runstate="Runnable" seed="333354811" result="Passed" start-time="2023-10-29 15:29:29Z" end-time="2023-10-29 15:29:29Z" duration="0.000052" asserts="1" />
          </test-suite>
          <test-case id="1022" name="Divide" fullname="Incapsulation.RationalNumbers.Rational_should.Divide" methodname="Divide" classname="Incapsulation.RationalNumbers.Rational_should" runstate="Runnable" seed="306645167" result="Passed" start-time="2023-10-29 15:29:29Z" end-time="2023-10-29 15:29:29Z" duration="0.000220" asserts="3" />
          <test-case id="1024" name="DivideToZero" fullname="Incapsulation.RationalNumbers.Rational_should.DivideToZero" methodname="DivideToZero" classname="Incapsulation.RationalNumbers.Rational_should" runstate="Runnable" seed="41679516" result="Passed" start-time="2023-10-29 15:29:29Z" end-time="2023-10-29 15:29:29Z" duration="0.000627" asserts="1" />
          <test-case id="1023" name="DivideWithNan" fullname="Incapsulation.RationalNumbers.Rational_should.DivideWithNan" methodname="DivideWithNan" classname="Incapsulation.RationalNumbers.Rational_should" runstate="Runnable" seed="871432987" result="Passed" start-time="2023-10-29 15:29:29Z" end-time="2023-10-29 15:29:29Z" duration="0.000110" asserts="2" />
          <test-suite type="ParameterizedMethod" id="1045" name="ExplicitlyConvertToInt" fullname="Incapsulation.RationalNumbers.Rational_should.ExplicitlyConvertToInt" classname="Incapsulation.RationalNumbers.Rational_should" runstate="Runnable" testcasecount="12" result="Passed" start-time="2023-10-29 15:29:30Z" end-time="2023-10-29 15:29:30Z" duration="0.378985" total="12" passed="12" failed="0" warnings="0" inconclusive="0" skipped="0" asserts="12">
            <test-case id="1033" name="ExplicitlyConvertToInt(0,1,0)" fullname="Incapsulation.RationalNumbers.Rational_should.ExplicitlyConvertToInt(0,1,0)" methodname="ExplicitlyConvertToInt" classname="Incapsulation.RationalNumbers.Rational_should" runstate="Runnable" seed="1572768396" result="Passed" start-time="2023-10-29 15:29:30Z" end-time="2023-10-29 15:29:30Z" duration="0.000306" asserts="1" />
            <test-case id="1034" name="ExplicitlyConvertToInt(1,1,1)" fullname="Incapsulation.RationalNumbers.Rational_should.ExplicitlyConvertToInt(1,1,1)" methodname="ExplicitlyConvertToInt" classname="Incapsulation.RationalNumbers.Rational_should" runstate="Runnable" seed="259015092" result="Passed" start-time="2023-10-29 15:29:30Z" end-time="2023-10-29 15:29:30Z" duration="0.000079" asserts="1" />
            <test-case id="1035" name="ExplicitlyConvertToInt(2,1,2)" fullname="Incapsulation.RationalNumbers.Rational_should.ExplicitlyConvertToInt(2,1,2)" methodname="ExplicitlyConvertToInt" classname="Incapsulation.RationalNumbers.Rational_should" runstate="Runnable" seed="1916336331" result="Passed" start-time="2023-10-29 15:29:30Z" end-time="2023-10-29 15:29:30Z" duration="0.000068" asserts="1" />
            <test-case id="1036" name="ExplicitlyConvertToInt(3,1,3)" fullname="Incapsulation.RationalNumbers.Rational_should.ExplicitlyConvertToInt(3,1,3)" methodname="ExplicitlyConvertToInt" classname="Incapsulation.RationalNumbers.Rational_should" runstate="Runnable" seed="490179834" result="Passed" start-time="2023-10-29 15:29:30Z" end-time="2023-10-29 15:29:30Z" duration="0.000112" asserts="1" />
            <test-case id="1037" name="ExplicitlyConvertToInt(2,2,1)" fullname="Incapsulation.RationalNumbers.Rational_should.ExplicitlyConvertToInt(2,2,1)" methodname="ExplicitlyConvertToInt" classname="Incapsulation.RationalNumbers.Rational_should" runstate="Runnable" seed="1827091523" result="Passed" start-time="2023-10-29 15:29:30Z" end-time="2023-10-29 15:29:30Z" duration="0.000103" asserts="1" />
            <test-case id="1038" name="ExplicitlyConvertToInt(6,3,2)" fullname="Incapsulation.RationalNumbers.Rational_should.ExplicitlyConvertToInt(6,3,2)" methodname="ExplicitlyConvertToInt" classname="Incapsulation.RationalNumbers.Rational_should" runstate="Runnable" seed="1299136253" result="Passed" start-time="2023-10-29 15:29:30Z" end-time="2023-10-29 15:29:30Z" duration="0.000085" asserts="1" />
            <test-case id="1039" name="ExplicitlyConvertToInt(12,2,6)" fullname="Incapsulation.RationalNumbers.Rational_should.ExplicitlyConvertToInt(12,2,6)" methodname="ExplicitlyConvertToInt" classname="Incapsulation.RationalNumbers.Rational_should" runstate="Runnable" seed="950628294" result="Passed" start-time="2023-10-29 15:29:30Z" end-time="2023-10-29 15:29:30Z" duration="0.000252" asserts="1" />
            <test-case id="1040" name="ExplicitlyConvertToInt(12,3,4)" fullname="Incapsulation.RationalNumbers.Rational_should.ExplicitlyConvertToInt(12,3,4)" methodname="ExplicitlyConvertToInt" classname="Incapsulation.RationalNumbers.Rational_should" runstate="Runnable" seed="14016593" result="Passed" start-time="2023-10-29 15:29:30Z" end-time="2023-10-29 15:29:30Z" duration="0.000124" asserts="1" />
            <test-case id="1041" name="ExplicitlyConvertToInt(12,4,3)" fullname="Incapsulation.RationalNumbers.Rational_should.ExplicitlyConvertToInt(12,4,3)" methodname="ExplicitlyConvertToInt" classname="Incapsulation.RationalNumbers.Rational_should" runstate="Runnable" seed="1935684771" result="Passed" start-time="2023-10-29 15:29:30Z" end-time="2023-10-29 15:29:30Z" duration="0.000100" asserts="1" />
            <test-case id="1042" name="ExplicitlyConvertToInt(12,6,2)" fullname="Incapsulation.RationalNumbers.Rational_should.ExplicitlyConvertToInt(12,6,2)" methodname="ExplicitlyConvertToInt" classname="Incapsulation.RationalNumbers.Rational_should" runstate="Runnable" seed="287411933" result="Passed" start-time="2023-10-29 15:29:30Z" end-time="2023-10-29 15:29:30Z" duration="0.000061" asserts="1" />
            <test-case id="1043" name="ExplicitlyConvertToInt(12,12,1)" fullname="Incapsulation.RationalNumbers.Rational_should.ExplicitlyConvertToInt(12,12,1)" methodname="ExplicitlyConvertToInt" classname="Incapsulation.RationalNumbers.Rational_should" runstate="Runnable" seed="1276106715" result="Passed" start-time="2023-10-29 15:29:30Z" end-time="2023-10-29 15:29:30Z" duration="0.000065" asserts="1" />
            <test-case id="1044" name="ExplicitlyConvertToInt(1000,1,1000)" fullname="Incapsulation.RationalNumbers.Rational_should.ExplicitlyConvertToInt(1000,1,1000)" methodname="ExplicitlyConvertToInt" classname="Incapsulation.RationalNumbers.Rational_should" runstate="Runnable" seed="636080823" result="Passed" start-time="2023-10-29 15:29:30Z" end-time="2023-10-29 15:29:30Z" duration="0.000093" asserts="1" />
          </test-suite>
          <test-suite type="ParameterizedMethod" id="1052" name="ExplicitlyConvertToIntAndFailsIfNonConvertible" fullname="Incapsulation.RationalNumbers.Rational_should.ExplicitlyConvertToIntAndFailsIfNonConvertible" classname="Incapsulation.RationalNumbers.Rational_should" runstate="Runnable" testcasecount="6" result="Passed" start-time="2023-10-29 15:29:30Z" end-time="2023-10-29 15:29:30Z" duration="0.185790" total="6" passed="6" failed="0" warnings="0" inconclusive="0" skipped="0" asserts="6">
            <test-case id="1046" name="ExplicitlyConvertToIntAndFailsIfNonConvertible(1,2)" fullname="Incapsulation.RationalNumbers.Rational_should.ExplicitlyConvertToIntAndFailsIfNonConvertible(1,2)" methodname="ExplicitlyConvertToIntAndFailsIfNonConvertible" classname="Incapsulation.RationalNumbers.Rational_should" runstate="Runnable" seed="1307618657" result="Passed" start-time="2023-10-29 15:29:30Z" end-time="2023-10-29 15:29:30Z" duration="0.004739" asserts="1" />
            <test-case id="1047" name="ExplicitlyConvertToIntAndFailsIfNonConvertible(12,5)" fullname="Incapsulation.RationalNumbers.Rational_should.ExplicitlyConvertToIntAndFailsIfNonConvertible(12,5)" methodname="ExplicitlyConvertToIntAndFailsIfNonConvertible" classname="Incapsulation.RationalNumbers.Rational_should" runstate="Runnable" seed="703051895" result="Passed" start-time="2023-10-29 15:29:30Z" end-time="2023-10-29 15:29:30Z" duration="0.000163" asserts="1" />
            <test-case id="1048" name="ExplicitlyConvertToIntAndFailsIfNonConvertible(12,10)" fullname="Incapsulation.RationalNumbers.Rational_should.ExplicitlyConvertToIntAndFailsIfNonConvertible(12,10)" methodname="ExplicitlyConvertToIntAndFailsIfNonConvertible" classname="Incapsulation.RationalNumbers.Rational_should" runstate="Runnable" seed="1460726235" result="Passed" start-time="2023-10-29 15:29:30Z" end-time="2023-10-29 15:29:30Z" duration="0.000159" asserts="1" />
            <test-case id="1049" name="ExplicitlyConvertToIntAndFailsIfNonConvertible(25,8)" fullname="Incapsulation.RationalNumbers.Rational_should.ExplicitlyConvertToIntAndFailsIfNonConvertible(25,8)" methodname="ExplicitlyConvertToIntAndFailsIfNonConvertible" classname="Incapsulation.RationalNumbers.Rational_should" runstate="Runnable" seed="265708310" result="Passed" start-time="2023-10-29 15:29:30Z" end-time="2023-10-29 15:29:30Z" duration="0.000206" asserts="1" />
            <test-case id="1050" name="ExplicitlyConvertToIntAndFailsIfNonConvertible(2,3)" fullname="Incapsulation.RationalNumbers.Rational_should.ExplicitlyConvertToIntAndFailsIfNonConvertible(2,3)" methodname="ExplicitlyConvertToIntAndFailsIfNonConvertible" classname="Incapsulation.RationalNumbers.Rational_should" runstate="Runnable" seed="1892946064" result="Passed" start-time="2023-10-29 15:29:30Z" end-time="2023-10-29 15:29:30Z" duration="0.000135" asserts="1" />
            <test-case id="1051" name="ExplicitlyConvertToIntAndFailsIfNonConvertible(2,4)" fullname="Incapsulation.RationalNumbers.Rational_should.ExplicitlyConvertToIntAndFailsIfNonConvertible(2,4)" methodname="ExplicitlyConvertToIntAndFailsIfNonConvertible" classname="Incapsulation.RationalNumbers.Rational_should" runstate="Runnable" seed="1704860568" result="Passed" start-time="2023-10-29 15:29:30Z" end-time="2023-10-29 15:29:30Z" duration="0.000096" asserts="1" />
          </test-suite>
          <test-suite type="ParameterizedMethod" id="1015" name="InitializeAndReduce1" fullname="Incapsulation.RationalNumbers.Rational_should.InitializeAndReduce1" classname="Incapsulation.RationalNumbers.Rational_should" runstate="Runnable" testcasecount="10" result="Passed" start-time="2023-10-29 15:29:30Z" end-time="2023-10-29 15:29:30Z" duration="0.309795" total="10" passed="10" failed="0" warnings="0" inconclusive="0" skipped="0" asserts="30">
            <test-case id="1005" name="InitializeAndReduce1(1,2,2,4)" fullname="Incapsulation.RationalNumbers.Rational_should.InitializeAndReduce1(1,2,2,4)" methodname="InitializeAndReduce1" classname="Incapsulation.RationalNumbers.Rational_should" runstate="Runnable" seed="471399287" result="Passed" start-time="2023-10-29 15:29:30Z" end-time="2023-10-29 15:29:30Z" duration="0.000201" asserts="3" />
            <test-case id="1006" name="InitializeAndReduce1(-1,2,-2,4)" fullname="Incapsulation.RationalNumbers.Rational_should.InitializeAndReduce1(-1,2,-2,4)" methodname="InitializeAndReduce1" classname="Incapsulation.RationalNumbers.Rational_should" runstate="Runnable" seed="1318613898" result="Passed" start-time="2023-10-29 15:29:30Z" end-time="2023-10-29 15:29:30Z" duration="0.000067" asserts="3" />
            <test-case id="1007" name="InitializeAndReduce1(-1,2,2,-4)" fullname="Incapsulation.RationalNumbers.Rational_should.InitializeAndReduce1(-1,2,2,-4)" methodname="InitializeAndReduce1" classname="Incapsulation.RationalNumbers.Rational_should" runstate="Runnable" seed="1384124832" result="Passed" start-time="2023-10-29 15:29:30Z" end-time="2023-10-29 15:29:30Z" duration="0.000090" asserts="3" />
            <test-case id="1008" name="InitializeAndReduce1(1,2,-2,-4)" fullname="Incapsulation.RationalNumbers.Rational_should.InitializeAndReduce1(1,2,-2,-4)" methodname="InitializeAndReduce1" classname="Incapsulation.RationalNumbers.Rational_should" runstate="Runnable" seed="493406174" result="Passed" start-time="2023-10-29 15:29:30Z" end-time="2023-10-29 15:29:30Z" duration="0.000093" asserts="3" />
            <test-case id="1009" name="InitializeAndReduce1(1,2,1,2)" fullname="Incapsulation.RationalNumbers.Rational_should.InitializeAndReduce1(1,2,1,2)" methodname="InitializeAndReduce1" classname="Incapsulation.RationalNumbers.Rational_should" runstate="Runnable" seed="825901924" result="Passed" start-time="2023-10-29 15:29:30Z" end-time="2023-10-29 15:29:30Z" duration="0.000056" asserts="3" />
            <test-case id="1010" name="InitializeAndReduce1(1,2,8,16)" fullname="Incapsulation.RationalNumbers.Rational_should.InitializeAndReduce1(1,2,8,16)" methodname="InitializeAndReduce1" classname="Incapsulation.RationalNumbers.Rational_should" runstate="Runnable" seed="695839073" result="Passed" start-time="2023-10-29 15:29:30Z" end-time="2023-10-29 15:29:30Z" duration="0.000049" asserts="3" />
            <test-case id="1011" name="InitializeAndReduce1(2,3,10,15)" fullname="Incapsulation.RationalNumbers.Rational_should.InitializeAndReduce1(2,3,10,15)" methodname="InitializeAndReduce1" classname="Incapsulation.RationalNumbers.Rational_should" runstate="Runnable" seed="1025287305" result="Passed" start-time="2023-10-29 15:29:30Z" end-time="2023-10-29 15:29:30Z" duration="0.000055" asserts="3" />
            <test-case id="1012" name="InitializeAndReduce1(4,7,16,28)" fullname="Incapsulation.RationalNumbers.Rational_should.InitializeAndReduce1(4,7,16,28)" methodname="InitializeAndReduce1" classname="Incapsulation.RationalNumbers.Rational_should" runstate="Runnable" seed="1047126934" result="Passed" start-time="2023-10-29 15:29:30Z" end-time="2023-10-29 15:29:30Z" duration="0.000054" asserts="3" />
            <test-case id="1013" name="InitializeAndReduce1(3,256,12,1024)" fullname="Incapsulation.RationalNumbers.Rational_should.InitializeAndReduce1(3,256,12,1024)" methodname="InitializeAndReduce1" classname="Incapsulation.RationalNumbers.Rational_should" runstate="Runnable" seed="678238948" result="Passed" start-time="2023-10-29 15:29:30Z" end-time="2023-10-29 15:29:30Z" duration="0.000082" asserts="3" />
            <test-case id="1014" name="InitializeAndReduce1(1,1,1,1)" fullname="Incapsulation.RationalNumbers.Rational_should.InitializeAndReduce1(1,1,1,1)" methodname="InitializeAndReduce1" classname="Incapsulation.RationalNumbers.Rational_should" runstate="Runnable" seed="1970356592" result="Passed" start-time="2023-10-29 15:29:30Z" end-time="2023-10-29 15:29:30Z" duration="0.000055" asserts="3" />
          </test-suite>
          <test-case id="1001" name="InitializeSimpleRatioCorrectly" fullname="Incapsulation.RationalNumbers.Rational_should.InitializeSimpleRatioCorrectly" methodname="InitializeSimpleRatioCorrectly" classname="Incapsulation.RationalNumbers.Rational_should" runstate="Runnable" seed="7676514" result="Passed" start-time="2023-10-29 15:29:30Z" end-time="2023-10-29 15:29:30Z" duration="0.000157" asserts="3" />
          <test-case id="1002" name="InitializeWithoutDenominator" fullname="Incapsulation.RationalNumbers.Rational_should.InitializeWithoutDenominator" methodname="InitializeWithoutDenominator" classname="Incapsulation.RationalNumbers.Rational_should" runstate="Runnable" seed="452440562" result="Passed" start-time="2023-10-29 15:29:31Z" end-time="2023-10-29 15:29:31Z" duration="0.000170" asserts="3" />
          <test-case id="1003" name="InitializeWithZeroDenominator" fullname="Incapsulation.RationalNumbers.Rational_should.InitializeWithZeroDenominator" methodname="InitializeWithZeroDenominator" classname="Incapsulation.RationalNumbers.Rational_should" runstate="Runnable" seed="1172498978" result="Passed" start-time="2023-10-29 15:29:31Z" end-time="2023-10-29 15:29:31Z" duration="0.000154" asserts="1" />
          <test-case id="1020" name="Multiply" fullname="Incapsulation.RationalNumbers.Rational_should.Multiply" methodname="Multiply" classname="Incapsulation.RationalNumbers.Rational_should" runstate="Runnable" seed="2094703017" result="Passed" start-time="2023-10-29 15:29:31Z" end-time="2023-10-29 15:29:31Z" duration="0.000278" asserts="3" />
          <test-case id="1021" name="MultiplyWithNan" fullname="Incapsulation.RationalNumbers.Rational_should.MultiplyWithNan" methodname="MultiplyWithNan" classname="Incapsulation.RationalNumbers.Rational_should" runstate="Runnable" seed="1464924770" result="Passed" start-time="2023-10-29 15:29:31Z" end-time="2023-10-29 15:29:31Z" duration="0.000130" asserts="2" />
          <test-case id="1018" name="Subtract" fullname="Incapsulation.RationalNumbers.Rational_should.Subtract" methodname="Subtract" classname="Incapsulation.RationalNumbers.Rational_should" runstate="Runnable" seed="1903504786" result="Passed" start-time="2023-10-29 15:29:31Z" end-time="2023-10-29 15:29:31Z" duration="0.000305" asserts="3" />
          <test-case id="1019" name="SubtractWithNan" fullname="Incapsulation.RationalNumbers.Rational_should.SubtractWithNan" methodname="SubtractWithNan" classname="Incapsulation.RationalNumbers.Rational_should" runstate="Runnable" seed="877165789" result="Passed" start-time="2023-10-29 15:29:31Z" end-time="2023-10-29 15:29:31Z" duration="0.000153" asserts="2" />
          <test-case id="1016" name="Sum" fullname="Incapsulation.RationalNumbers.Rational_should.Sum" methodname="Sum" classname="Incapsulation.RationalNumbers.Rational_should" runstate="Runnable" seed="1590639476" result="Passed" start-time="2023-10-29 15:29:31Z" end-time="2023-10-29 15:29:31Z" duration="0.000382" asserts="3" />
          <test-case id="1017" name="SumWithNan" fullname="Incapsulation.RationalNumbers.Rational_should.SumWithNan" methodname="SumWithNan" classname="Incapsulation.RationalNumbers.Rational_should" runstate="Runnable" seed="438323278" result="Passed" start-time="2023-10-29 15:29:31Z" end-time="2023-10-29 15:29:31Z" duration="0.000198" asserts="2" />
        </test-suite>
      </test-suite>
    </test-suite>
  </test-suite>
</test-run>