<?xml version="1.0" encoding="utf-8"?>
<test-run id="2" name="Delegates.TreeTraversal.exe" fullname="C:/Users/Daniil/Desktop/C#/ООП С#/лабы/Обходы деревьев/bin/Debug/Delegates.TreeTraversal.exe" testcasecount="3" result="Passed" start-time="2023-12-02 13:28:50Z" end-time="2023-12-02 13:28:50Z" duration="0.190379" total="3" passed="3" failed="0" inconclusive="0" skipped="0" asserts="3" random-seed="699425770">
  <command-line><![CDATA["C:\Users\Daniil\Desktop\C#\ООП С#\лабы\Обходы деревьев\bin\Debug\Delegates.TreeTraversal.exe"   ]]></command-line>
  <filter />
  <test-suite type="Assembly" id="1004" name="Delegates.TreeTraversal.exe" fullname="C:/Users/Daniil/Desktop/C#/ООП С#/лабы/Обходы деревьев/bin/Debug/Delegates.TreeTraversal.exe" runstate="Runnable" testcasecount="3" result="Passed" start-time="2023-12-02 13:28:50Z" end-time="2023-12-02 13:28:50Z" duration="0.190379" total="3" passed="3" failed="0" warnings="0" inconclusive="0" skipped="0" asserts="3">
    <environment framework-version="3.6.0.0" clr-version="4.0.30319.42000" os-version="Microsoft Windows NT 6.2.9200.0" platform="Win32NT" cwd="C:\Users\Daniil\Desktop\C#\ООП С#\лабы\Обходы деревьев\bin\Debug" machine-name="DESKTOP-SU09UBG" user="Daniil" user-domain="DESKTOP-SU09UBG" culture="ru-RU" uiculture="ru-RU" os-architecture="x86" />
    <settings>
      <setting name="WorkDirectory" value="C:\Users\Daniil\Desktop\C#\ООП С#\лабы\Обходы деревьев\bin\Debug" />
      <setting name="NumberOfTestWorkers" value="12" />
    </settings>
    <properties>
      <property name="_PID" value="22240" />
      <property name="_APPDOMAIN" value="Delegates.TreeTraversal.exe" />
    </properties>
    <test-suite type="TestSuite" id="1005" name="Delegates" fullname="Delegates" runstate="Runnable" testcasecount="3" result="Passed" start-time="2023-12-02 13:28:50Z" end-time="2023-12-02 13:28:50Z" duration="0.158944" total="3" passed="3" failed="0" warnings="0" inconclusive="0" skipped="0" asserts="3">
      <test-suite type="TestSuite" id="1006" name="TreeTraversal" fullname="Delegates.TreeTraversal" runstate="Runnable" testcasecount="3" result="Passed" start-time="2023-12-02 13:28:50Z" end-time="2023-12-02 13:28:50Z" duration="0.127409" total="3" passed="3" failed="0" warnings="0" inconclusive="0" skipped="0" asserts="3">
        <test-suite type="TestFixture" id="1000" name="Traversal_should" fullname="Delegates.TreeTraversal.Traversal_should" classname="Delegates.TreeTraversal.Traversal_should" runstate="Runnable" testcasecount="3" result="Passed" start-time="2023-12-02 13:28:50Z" end-time="2023-12-02 13:28:50Z" duration="0.096379" total="3" passed="3" failed="0" warnings="0" inconclusive="0" skipped="0" asserts="3">
          <test-case id="1001" name="GetBinaryTreeValues" fullname="Delegates.TreeTraversal.Traversal_should.GetBinaryTreeValues" methodname="GetBinaryTreeValues" classname="Delegates.TreeTraversal.Traversal_should" runstate="Runnable" seed="91733378" result="Passed" start-time="2023-12-02 13:28:50Z" end-time="2023-12-02 13:28:50Z" duration="0.012613" asserts="1" />
          <test-case id="1002" name="GetEndJobs" fullname="Delegates.TreeTraversal.Traversal_should.GetEndJobs" methodname="GetEndJobs" classname="Delegates.TreeTraversal.Traversal_should" runstate="Runnable" seed="84421405" result="Passed" start-time="2023-12-02 13:28:50Z" end-time="2023-12-02 13:28:50Z" duration="0.002360" asserts="1" />
          <test-case id="1003" name="GetProducts" fullname="Delegates.TreeTraversal.Traversal_should.GetProducts" methodname="GetProducts" classname="Delegates.TreeTraversal.Traversal_should" runstate="Runnable" seed="278389529" result="Passed" start-time="2023-12-02 13:28:50Z" end-time="2023-12-02 13:28:50Z" duration="0.001531" asserts="1" />
        </test-suite>
      </test-suite>
    </test-suite>
  </test-suite>
</test-run>