<?xml version="1.0" encoding="utf-8"?>
<test-run id="2" name="Reflection.Differentiation.exe" fullname="C:/Users/Daniil/Desktop/Учёба/C#/ООП С#/лабы/Дифференцирование/bin/Debug/Reflection.Differentiation.exe" testcasecount="13" result="Passed" start-time="2024-01-06 22:54:17Z" end-time="2024-01-06 22:54:18Z" duration="0.503238" total="13" passed="13" failed="0" inconclusive="0" skipped="0" asserts="565" random-seed="1846520953">
  <command-line><![CDATA["C:\Users\Daniil\Desktop\Учёба\C#\ООП С#\лабы\Дифференцирование\bin\Debug\Reflection.Differentiation.exe"   ]]></command-line>
  <filter />
  <test-suite type="Assembly" id="1014" name="Reflection.Differentiation.exe" fullname="C:/Users/Daniil/Desktop/Учёба/C#/ООП С#/лабы/Дифференцирование/bin/Debug/Reflection.Differentiation.exe" runstate="Runnable" testcasecount="13" result="Passed" start-time="2024-01-06 22:54:17Z" end-time="2024-01-06 22:54:18Z" duration="0.503238" total="13" passed="13" failed="0" warnings="0" inconclusive="0" skipped="0" asserts="565">
    <environment framework-version="3.6.0.0" clr-version="4.0.30319.42000" os-version="Microsoft Windows NT 6.2.9200.0" platform="Win32NT" cwd="C:\Users\Daniil\Desktop\Учёба\C#\ООП С#\лабы\Дифференцирование\bin\Debug" machine-name="DESKTOP-SU09UBG" user="Daniil" user-domain="DESKTOP-SU09UBG" culture="ru-RU" uiculture="ru-RU" os-architecture="x86" />
    <settings>
      <setting name="WorkDirectory" value="C:\Users\Daniil\Desktop\Учёба\C#\ООП С#\лабы\Дифференцирование\bin\Debug" />
      <setting name="NumberOfTestWorkers" value="12" />
    </settings>
    <properties>
      <property name="_PID" value="7020" />
      <property name="_APPDOMAIN" value="Reflection.Differentiation.exe" />
    </properties>
    <test-suite type="TestSuite" id="1015" name="Reflection" fullname="Reflection" runstate="Runnable" testcasecount="13" result="Passed" start-time="2024-01-06 22:54:17Z" end-time="2024-01-06 22:54:17Z" duration="0.471923" total="13" passed="13" failed="0" warnings="0" inconclusive="0" skipped="0" asserts="565">
      <test-suite type="TestSuite" id="1016" name="Differentiation" fullname="Reflection.Differentiation" runstate="Runnable" testcasecount="13" result="Passed" start-time="2024-01-06 22:54:17Z" end-time="2024-01-06 22:54:17Z" duration="0.440924" total="13" passed="13" failed="0" warnings="0" inconclusive="0" skipped="0" asserts="565">
        <test-suite type="TestFixture" id="1000" name="Algebra_should" fullname="Reflection.Differentiation.Algebra_should" classname="Reflection.Differentiation.Algebra_should" runstate="Runnable" testcasecount="13" result="Passed" start-time="2024-01-06 22:54:17Z" end-time="2024-01-06 22:54:17Z" duration="0.409032" total="13" passed="13" failed="0" warnings="0" inconclusive="0" skipped="0" asserts="565">
          <test-case id="1011" name="DifferentiateComplexExpression" fullname="Reflection.Differentiation.Algebra_should.DifferentiateComplexExpression" methodname="DifferentiateComplexExpression" classname="Reflection.Differentiation.Algebra_should" runstate="Runnable" seed="1519222232" result="Passed" start-time="2024-01-06 22:54:17Z" end-time="2024-01-06 22:54:17Z" duration="0.011027" asserts="51" />
          <test-case id="1001" name="DifferentiateConstant" fullname="Reflection.Differentiation.Algebra_should.DifferentiateConstant" methodname="DifferentiateConstant" classname="Reflection.Differentiation.Algebra_should" runstate="Runnable" seed="76274472" result="Passed" start-time="2024-01-06 22:54:17Z" end-time="2024-01-06 22:54:17Z" duration="0.000292" asserts="51" />
          <test-case id="1009" name="DifferentiateCos1" fullname="Reflection.Differentiation.Algebra_should.DifferentiateCos1" methodname="DifferentiateCos1" classname="Reflection.Differentiation.Algebra_should" runstate="Runnable" seed="2144433507" result="Passed" start-time="2024-01-06 22:54:17Z" end-time="2024-01-06 22:54:17Z" duration="0.000489" asserts="51" />
          <test-case id="1010" name="DifferentiateCos2" fullname="Reflection.Differentiation.Algebra_should.DifferentiateCos2" methodname="DifferentiateCos2" classname="Reflection.Differentiation.Algebra_should" runstate="Runnable" seed="920514483" result="Passed" start-time="2024-01-06 22:54:17Z" end-time="2024-01-06 22:54:17Z" duration="0.000539" asserts="51" />
          <test-case id="1003" name="DifferentiateLinearFunction" fullname="Reflection.Differentiation.Algebra_should.DifferentiateLinearFunction" methodname="DifferentiateLinearFunction" classname="Reflection.Differentiation.Algebra_should" runstate="Runnable" seed="503255317" result="Passed" start-time="2024-01-06 22:54:17Z" end-time="2024-01-06 22:54:17Z" duration="0.000327" asserts="51" />
          <test-case id="1002" name="DifferentiateParameter" fullname="Reflection.Differentiation.Algebra_should.DifferentiateParameter" methodname="DifferentiateParameter" classname="Reflection.Differentiation.Algebra_should" runstate="Runnable" seed="185266408" result="Passed" start-time="2024-01-06 22:54:17Z" end-time="2024-01-06 22:54:17Z" duration="0.000215" asserts="51" />
          <test-case id="1004" name="DifferentiateQuadraticFunction" fullname="Reflection.Differentiation.Algebra_should.DifferentiateQuadraticFunction" methodname="DifferentiateQuadraticFunction" classname="Reflection.Differentiation.Algebra_should" runstate="Runnable" seed="1648138947" result="Passed" start-time="2024-01-06 22:54:17Z" end-time="2024-01-06 22:54:17Z" duration="0.000340" asserts="51" />
          <test-case id="1007" name="DifferentiateSin1" fullname="Reflection.Differentiation.Algebra_should.DifferentiateSin1" methodname="DifferentiateSin1" classname="Reflection.Differentiation.Algebra_should" runstate="Runnable" seed="1677425153" result="Passed" start-time="2024-01-06 22:54:17Z" end-time="2024-01-06 22:54:17Z" duration="0.000512" asserts="51" />
          <test-case id="1008" name="DifferentiateSin2" fullname="Reflection.Differentiation.Algebra_should.DifferentiateSin2" methodname="DifferentiateSin2" classname="Reflection.Differentiation.Algebra_should" runstate="Runnable" seed="1485005908" result="Passed" start-time="2024-01-06 22:54:17Z" end-time="2024-01-06 22:54:17Z" duration="0.000570" asserts="51" />
          <test-case id="1005" name="DifferentiateSum" fullname="Reflection.Differentiation.Algebra_should.DifferentiateSum" methodname="DifferentiateSum" classname="Reflection.Differentiation.Algebra_should" runstate="Runnable" seed="1117860816" result="Passed" start-time="2024-01-06 22:54:17Z" end-time="2024-01-06 22:54:17Z" duration="0.000275" asserts="51" />
          <test-case id="1006" name="DifferentiateSumAndProduct" fullname="Reflection.Differentiation.Algebra_should.DifferentiateSumAndProduct" methodname="DifferentiateSumAndProduct" classname="Reflection.Differentiation.Algebra_should" runstate="Runnable" seed="1902119395" result="Passed" start-time="2024-01-06 22:54:17Z" end-time="2024-01-06 22:54:17Z" duration="0.000339" asserts="51" />
          <test-case id="1012" name="InformativeMessage_OnNotSupportedSyntax" fullname="Reflection.Differentiation.Algebra_should.InformativeMessage_OnNotSupportedSyntax" methodname="InformativeMessage_OnNotSupportedSyntax" classname="Reflection.Differentiation.Algebra_should" runstate="Runnable" seed="1032003070" result="Passed" start-time="2024-01-06 22:54:17Z" end-time="2024-01-06 22:54:17Z" duration="0.005481" asserts="2" />
          <test-case id="1013" name="InformativeMessage_OnUnknownFunction" fullname="Reflection.Differentiation.Algebra_should.InformativeMessage_OnUnknownFunction" methodname="InformativeMessage_OnUnknownFunction" classname="Reflection.Differentiation.Algebra_should" runstate="Runnable" seed="1341975206" result="Passed" start-time="2024-01-06 22:54:17Z" end-time="2024-01-06 22:54:17Z" duration="0.000418" asserts="2" />
        </test-suite>
      </test-suite>
    </test-suite>
  </test-suite>
</test-run>