<?xml version="1.0" encoding="utf-8"?>
<test-run id="2" name="Inheritance.Geometry.exe" fullname="C:/Users/Daniil/Desktop/C#/ООП С#/Инкапсуляция/Геометрия-1 и Геометрия-2/bin/Debug/Inheritance.Geometry.exe" testcasecount="155" result="Passed" start-time="2023-11-14 17:22:25Z" end-time="2023-11-14 17:22:31Z" duration="5.549976" total="155" passed="155" failed="0" inconclusive="0" skipped="0" asserts="9564" random-seed="1820052046">
  <command-line><![CDATA["C:\Users\Daniil\Desktop\C#\ООП С#\Инкапсуляция\Геометрия-1 и Геометрия-2\bin\Debug\Inheritance.Geometry.exe"   ]]></command-line>
  <filter />
  <test-suite type="Assembly" id="1172" name="Inheritance.Geometry.exe" fullname="C:/Users/Daniil/Desktop/C#/ООП С#/Инкапсуляция/Геометрия-1 и Геометрия-2/bin/Debug/Inheritance.Geometry.exe" runstate="Runnable" testcasecount="155" result="Passed" start-time="2023-11-14 17:22:25Z" end-time="2023-11-14 17:22:31Z" duration="5.549976" total="155" passed="155" failed="0" warnings="0" inconclusive="0" skipped="0" asserts="9564">
    <environment framework-version="3.6.0.0" clr-version="4.0.30319.42000" os-version="Microsoft Windows NT 6.2.9200.0" platform="Win32NT" cwd="C:\Users\Daniil\Desktop\C#\ООП С#\Инкапсуляция\Геометрия-1 и Геометрия-2\bin\Debug" machine-name="DESKTOP-SU09UBG" user="Daniil" user-domain="DESKTOP-SU09UBG" culture="ru-RU" uiculture="ru-RU" os-architecture="x86" />
    <settings>
      <setting name="WorkDirectory" value="C:\Users\Daniil\Desktop\C#\ООП С#\Инкапсуляция\Геометрия-1 и Геометрия-2\bin\Debug" />
      <setting name="NumberOfTestWorkers" value="12" />
    </settings>
    <properties>
      <property name="_PID" value="7000" />
      <property name="_APPDOMAIN" value="Inheritance.Geometry.exe" />
    </properties>
    <test-suite type="TestSuite" id="1173" name="Inheritance" fullname="Inheritance" runstate="Runnable" testcasecount="155" result="Passed" start-time="2023-11-14 17:22:25Z" end-time="2023-11-14 17:22:31Z" duration="5.518432" total="155" passed="155" failed="0" warnings="0" inconclusive="0" skipped="0" asserts="9564">
      <test-suite type="TestSuite" id="1174" name="Geometry" fullname="Inheritance.Geometry" runstate="Runnable" testcasecount="155" result="Passed" start-time="2023-11-14 17:22:25Z" end-time="2023-11-14 17:22:30Z" duration="5.486396" total="155" passed="155" failed="0" warnings="0" inconclusive="0" skipped="0" asserts="9564">
        <test-suite type="TestSuite" id="1175" name="Virtual" fullname="Inheritance.Geometry.Virtual" runstate="Runnable" testcasecount="100" result="Passed" start-time="2023-11-14 17:22:25Z" end-time="2023-11-14 17:22:29Z" duration="3.490022" total="100" passed="100" failed="0" warnings="0" inconclusive="0" skipped="0" asserts="9264">
          <test-suite type="TestFixture" id="1000" name="VirtualTask_Should" fullname="Inheritance.Geometry.Virtual.VirtualTask_Should" classname="Inheritance.Geometry.Virtual.VirtualTask_Should" runstate="Runnable" testcasecount="100" result="Passed" start-time="2023-11-14 17:22:25Z" end-time="2023-11-14 17:22:28Z" duration="3.441990" total="100" passed="100" failed="0" warnings="0" inconclusive="0" skipped="0" asserts="9264">
            <test-suite type="ParameterizedMethod" id="1028" name="Ball_BoundingBox_IsCorrect" fullname="Inheritance.Geometry.Virtual.VirtualTask_Should.Ball_BoundingBox_IsCorrect" classname="Inheritance.Geometry.Virtual.VirtualTask_Should" runstate="Runnable" testcasecount="13" result="Passed" start-time="2023-11-14 17:22:25Z" end-time="2023-11-14 17:22:25Z" duration="0.413329" total="13" passed="13" failed="0" warnings="0" inconclusive="0" skipped="0" asserts="52">
              <test-case id="1015" name="Ball_BoundingBox_IsCorrect(0,0,0,1)" fullname="Inheritance.Geometry.Virtual.VirtualTask_Should.Ball_BoundingBox_IsCorrect(0,0,0,1)" methodname="Ball_BoundingBox_IsCorrect" classname="Inheritance.Geometry.Virtual.VirtualTask_Should" runstate="Runnable" seed="1006768996" result="Passed" start-time="2023-11-14 17:22:25Z" end-time="2023-11-14 17:22:25Z" duration="0.009348" asserts="4" />
              <test-case id="1016" name="Ball_BoundingBox_IsCorrect(6,2,4,0)" fullname="Inheritance.Geometry.Virtual.VirtualTask_Should.Ball_BoundingBox_IsCorrect(6,2,4,0)" methodname="Ball_BoundingBox_IsCorrect" classname="Inheritance.Geometry.Virtual.VirtualTask_Should" runstate="Runnable" seed="550263449" result="Passed" start-time="2023-11-14 17:22:25Z" end-time="2023-11-14 17:22:25Z" duration="0.000114" asserts="4" />
              <test-case id="1017" name="Ball_BoundingBox_IsCorrect(-6,2,4,0)" fullname="Inheritance.Geometry.Virtual.VirtualTask_Should.Ball_BoundingBox_IsCorrect(-6,2,4,0)" methodname="Ball_BoundingBox_IsCorrect" classname="Inheritance.Geometry.Virtual.VirtualTask_Should" runstate="Runnable" seed="498756836" result="Passed" start-time="2023-11-14 17:22:25Z" end-time="2023-11-14 17:22:25Z" duration="0.000099" asserts="4" />
              <test-case id="1018" name="Ball_BoundingBox_IsCorrect(-6,-2,4,0)" fullname="Inheritance.Geometry.Virtual.VirtualTask_Should.Ball_BoundingBox_IsCorrect(-6,-2,4,0)" methodname="Ball_BoundingBox_IsCorrect" classname="Inheritance.Geometry.Virtual.VirtualTask_Should" runstate="Runnable" seed="1817142882" result="Passed" start-time="2023-11-14 17:22:25Z" end-time="2023-11-14 17:22:25Z" duration="0.000073" asserts="4" />
              <test-case id="1019" name="Ball_BoundingBox_IsCorrect(-6,-2,-4,0)" fullname="Inheritance.Geometry.Virtual.VirtualTask_Should.Ball_BoundingBox_IsCorrect(-6,-2,-4,0)" methodname="Ball_BoundingBox_IsCorrect" classname="Inheritance.Geometry.Virtual.VirtualTask_Should" runstate="Runnable" seed="447837713" result="Passed" start-time="2023-11-14 17:22:25Z" end-time="2023-11-14 17:22:25Z" duration="0.000058" asserts="4" />
              <test-case id="1020" name="Ball_BoundingBox_IsCorrect(6,2,-4,0)" fullname="Inheritance.Geometry.Virtual.VirtualTask_Should.Ball_BoundingBox_IsCorrect(6,2,-4,0)" methodname="Ball_BoundingBox_IsCorrect" classname="Inheritance.Geometry.Virtual.VirtualTask_Should" runstate="Runnable" seed="1780989128" result="Passed" start-time="2023-11-14 17:22:25Z" end-time="2023-11-14 17:22:25Z" duration="0.000068" asserts="4" />
              <test-case id="1021" name="Ball_BoundingBox_IsCorrect(6,-2,-4,0)" fullname="Inheritance.Geometry.Virtual.VirtualTask_Should.Ball_BoundingBox_IsCorrect(6,-2,-4,0)" methodname="Ball_BoundingBox_IsCorrect" classname="Inheritance.Geometry.Virtual.VirtualTask_Should" runstate="Runnable" seed="579107077" result="Passed" start-time="2023-11-14 17:22:25Z" end-time="2023-11-14 17:22:25Z" duration="0.000090" asserts="4" />
              <test-case id="1022" name="Ball_BoundingBox_IsCorrect(6,2,4,2)" fullname="Inheritance.Geometry.Virtual.VirtualTask_Should.Ball_BoundingBox_IsCorrect(6,2,4,2)" methodname="Ball_BoundingBox_IsCorrect" classname="Inheritance.Geometry.Virtual.VirtualTask_Should" runstate="Runnable" seed="614567187" result="Passed" start-time="2023-11-14 17:22:25Z" end-time="2023-11-14 17:22:25Z" duration="0.000073" asserts="4" />
              <test-case id="1023" name="Ball_BoundingBox_IsCorrect(-6,2,4,4)" fullname="Inheritance.Geometry.Virtual.VirtualTask_Should.Ball_BoundingBox_IsCorrect(-6,2,4,4)" methodname="Ball_BoundingBox_IsCorrect" classname="Inheritance.Geometry.Virtual.VirtualTask_Should" runstate="Runnable" seed="973248295" result="Passed" start-time="2023-11-14 17:22:25Z" end-time="2023-11-14 17:22:25Z" duration="0.000068" asserts="4" />
              <test-case id="1024" name="Ball_BoundingBox_IsCorrect(-6,-2,4,9)" fullname="Inheritance.Geometry.Virtual.VirtualTask_Should.Ball_BoundingBox_IsCorrect(-6,-2,4,9)" methodname="Ball_BoundingBox_IsCorrect" classname="Inheritance.Geometry.Virtual.VirtualTask_Should" runstate="Runnable" seed="783619900" result="Passed" start-time="2023-11-14 17:22:25Z" end-time="2023-11-14 17:22:25Z" duration="0.000068" asserts="4" />
              <test-case id="1025" name="Ball_BoundingBox_IsCorrect(-6,-2,-4,8)" fullname="Inheritance.Geometry.Virtual.VirtualTask_Should.Ball_BoundingBox_IsCorrect(-6,-2,-4,8)" methodname="Ball_BoundingBox_IsCorrect" classname="Inheritance.Geometry.Virtual.VirtualTask_Should" runstate="Runnable" seed="90642221" result="Passed" start-time="2023-11-14 17:22:25Z" end-time="2023-11-14 17:22:25Z" duration="0.000075" asserts="4" />
              <test-case id="1026" name="Ball_BoundingBox_IsCorrect(6,2,-4,7)" fullname="Inheritance.Geometry.Virtual.VirtualTask_Should.Ball_BoundingBox_IsCorrect(6,2,-4,7)" methodname="Ball_BoundingBox_IsCorrect" classname="Inheritance.Geometry.Virtual.VirtualTask_Should" runstate="Runnable" seed="135623302" result="Passed" start-time="2023-11-14 17:22:25Z" end-time="2023-11-14 17:22:25Z" duration="0.000079" asserts="4" />
              <test-case id="1027" name="Ball_BoundingBox_IsCorrect(6,-2,-4,1)" fullname="Inheritance.Geometry.Virtual.VirtualTask_Should.Ball_BoundingBox_IsCorrect(6,-2,-4,1)" methodname="Ball_BoundingBox_IsCorrect" classname="Inheritance.Geometry.Virtual.VirtualTask_Should" runstate="Runnable" seed="1088954513" result="Passed" start-time="2023-11-14 17:22:25Z" end-time="2023-11-14 17:22:25Z" duration="0.000076" asserts="4" />
            </test-suite>
            <test-suite type="ParameterizedMethod" id="1014" name="Ball_ContainsPoint_IsCorrect" fullname="Inheritance.Geometry.Virtual.VirtualTask_Should.Ball_ContainsPoint_IsCorrect" classname="Inheritance.Geometry.Virtual.VirtualTask_Should" runstate="Runnable" testcasecount="13" result="Passed" start-time="2023-11-14 17:22:26Z" end-time="2023-11-14 17:22:26Z" duration="0.411898" total="13" passed="13" failed="0" warnings="0" inconclusive="0" skipped="0" asserts="195">
              <test-case id="1001" name="Ball_ContainsPoint_IsCorrect(0,0,0,1)" fullname="Inheritance.Geometry.Virtual.VirtualTask_Should.Ball_ContainsPoint_IsCorrect(0,0,0,1)" methodname="Ball_ContainsPoint_IsCorrect" classname="Inheritance.Geometry.Virtual.VirtualTask_Should" runstate="Runnable" seed="792316335" result="Passed" start-time="2023-11-14 17:22:26Z" end-time="2023-11-14 17:22:26Z" duration="0.002340" asserts="15" />
              <test-case id="1002" name="Ball_ContainsPoint_IsCorrect(6,2,4,0)" fullname="Inheritance.Geometry.Virtual.VirtualTask_Should.Ball_ContainsPoint_IsCorrect(6,2,4,0)" methodname="Ball_ContainsPoint_IsCorrect" classname="Inheritance.Geometry.Virtual.VirtualTask_Should" runstate="Runnable" seed="705616397" result="Passed" start-time="2023-11-14 17:22:26Z" end-time="2023-11-14 17:22:26Z" duration="0.000109" asserts="15" />
              <test-case id="1003" name="Ball_ContainsPoint_IsCorrect(-6,2,4,0)" fullname="Inheritance.Geometry.Virtual.VirtualTask_Should.Ball_ContainsPoint_IsCorrect(-6,2,4,0)" methodname="Ball_ContainsPoint_IsCorrect" classname="Inheritance.Geometry.Virtual.VirtualTask_Should" runstate="Runnable" seed="156133507" result="Passed" start-time="2023-11-14 17:22:26Z" end-time="2023-11-14 17:22:26Z" duration="0.000132" asserts="15" />
              <test-case id="1004" name="Ball_ContainsPoint_IsCorrect(-6,-2,4,0)" fullname="Inheritance.Geometry.Virtual.VirtualTask_Should.Ball_ContainsPoint_IsCorrect(-6,-2,4,0)" methodname="Ball_ContainsPoint_IsCorrect" classname="Inheritance.Geometry.Virtual.VirtualTask_Should" runstate="Runnable" seed="1493485973" result="Passed" start-time="2023-11-14 17:22:26Z" end-time="2023-11-14 17:22:26Z" duration="0.000111" asserts="15" />
              <test-case id="1005" name="Ball_ContainsPoint_IsCorrect(-6,-2,-4,0)" fullname="Inheritance.Geometry.Virtual.VirtualTask_Should.Ball_ContainsPoint_IsCorrect(-6,-2,-4,0)" methodname="Ball_ContainsPoint_IsCorrect" classname="Inheritance.Geometry.Virtual.VirtualTask_Should" runstate="Runnable" seed="1338172713" result="Passed" start-time="2023-11-14 17:22:26Z" end-time="2023-11-14 17:22:26Z" duration="0.000103" asserts="15" />
              <test-case id="1006" name="Ball_ContainsPoint_IsCorrect(6,2,-4,0)" fullname="Inheritance.Geometry.Virtual.VirtualTask_Should.Ball_ContainsPoint_IsCorrect(6,2,-4,0)" methodname="Ball_ContainsPoint_IsCorrect" classname="Inheritance.Geometry.Virtual.VirtualTask_Should" runstate="Runnable" seed="1711194251" result="Passed" start-time="2023-11-14 17:22:26Z" end-time="2023-11-14 17:22:26Z" duration="0.000115" asserts="15" />
              <test-case id="1007" name="Ball_ContainsPoint_IsCorrect(6,-2,-4,0)" fullname="Inheritance.Geometry.Virtual.VirtualTask_Should.Ball_ContainsPoint_IsCorrect(6,-2,-4,0)" methodname="Ball_ContainsPoint_IsCorrect" classname="Inheritance.Geometry.Virtual.VirtualTask_Should" runstate="Runnable" seed="569447950" result="Passed" start-time="2023-11-14 17:22:26Z" end-time="2023-11-14 17:22:26Z" duration="0.000125" asserts="15" />
              <test-case id="1008" name="Ball_ContainsPoint_IsCorrect(6,2,4,2)" fullname="Inheritance.Geometry.Virtual.VirtualTask_Should.Ball_ContainsPoint_IsCorrect(6,2,4,2)" methodname="Ball_ContainsPoint_IsCorrect" classname="Inheritance.Geometry.Virtual.VirtualTask_Should" runstate="Runnable" seed="123137124" result="Passed" start-time="2023-11-14 17:22:26Z" end-time="2023-11-14 17:22:26Z" duration="0.000081" asserts="15" />
              <test-case id="1009" name="Ball_ContainsPoint_IsCorrect(-6,2,4,4)" fullname="Inheritance.Geometry.Virtual.VirtualTask_Should.Ball_ContainsPoint_IsCorrect(-6,2,4,4)" methodname="Ball_ContainsPoint_IsCorrect" classname="Inheritance.Geometry.Virtual.VirtualTask_Should" runstate="Runnable" seed="1170822031" result="Passed" start-time="2023-11-14 17:22:26Z" end-time="2023-11-14 17:22:26Z" duration="0.000121" asserts="15" />
              <test-case id="1010" name="Ball_ContainsPoint_IsCorrect(-6,-2,4,9)" fullname="Inheritance.Geometry.Virtual.VirtualTask_Should.Ball_ContainsPoint_IsCorrect(-6,-2,4,9)" methodname="Ball_ContainsPoint_IsCorrect" classname="Inheritance.Geometry.Virtual.VirtualTask_Should" runstate="Runnable" seed="470674753" result="Passed" start-time="2023-11-14 17:22:26Z" end-time="2023-11-14 17:22:26Z" duration="0.000101" asserts="15" />
              <test-case id="1011" name="Ball_ContainsPoint_IsCorrect(-6,-2,-4,8)" fullname="Inheritance.Geometry.Virtual.VirtualTask_Should.Ball_ContainsPoint_IsCorrect(-6,-2,-4,8)" methodname="Ball_ContainsPoint_IsCorrect" classname="Inheritance.Geometry.Virtual.VirtualTask_Should" runstate="Runnable" seed="455327067" result="Passed" start-time="2023-11-14 17:22:26Z" end-time="2023-11-14 17:22:26Z" duration="0.000136" asserts="15" />
              <test-case id="1012" name="Ball_ContainsPoint_IsCorrect(6,2,-4,7)" fullname="Inheritance.Geometry.Virtual.VirtualTask_Should.Ball_ContainsPoint_IsCorrect(6,2,-4,7)" methodname="Ball_ContainsPoint_IsCorrect" classname="Inheritance.Geometry.Virtual.VirtualTask_Should" runstate="Runnable" seed="113895021" result="Passed" start-time="2023-11-14 17:22:26Z" end-time="2023-11-14 17:22:26Z" duration="0.000098" asserts="15" />
              <test-case id="1013" name="Ball_ContainsPoint_IsCorrect(6,-2,-4,1)" fullname="Inheritance.Geometry.Virtual.VirtualTask_Should.Ball_ContainsPoint_IsCorrect(6,-2,-4,1)" methodname="Ball_ContainsPoint_IsCorrect" classname="Inheritance.Geometry.Virtual.VirtualTask_Should" runstate="Runnable" seed="1369377801" result="Passed" start-time="2023-11-14 17:22:26Z" end-time="2023-11-14 17:22:26Z" duration="0.000088" asserts="15" />
            </test-suite>
            <test-suite type="ParameterizedMethod" id="1109" name="CompoundBody_BoundingBox_IsCorrect" fullname="Inheritance.Geometry.Virtual.VirtualTask_Should.CompoundBody_BoundingBox_IsCorrect" classname="Inheritance.Geometry.Virtual.VirtualTask_Should" runstate="Runnable" testcasecount="9" result="Passed" start-time="2023-11-14 17:22:26Z" end-time="2023-11-14 17:22:26Z" duration="0.284526" total="9" passed="9" failed="0" warnings="0" inconclusive="0" skipped="0" asserts="108">
              <test-case id="1100" name="CompoundBody_BoundingBox_IsCorrect(0,0,0,1)" fullname="Inheritance.Geometry.Virtual.VirtualTask_Should.CompoundBody_BoundingBox_IsCorrect(0,0,0,1)" methodname="CompoundBody_BoundingBox_IsCorrect" classname="Inheritance.Geometry.Virtual.VirtualTask_Should" runstate="Runnable" seed="648870576" result="Passed" start-time="2023-11-14 17:22:26Z" end-time="2023-11-14 17:22:26Z" duration="0.002313" asserts="12" />
              <test-case id="1101" name="CompoundBody_BoundingBox_IsCorrect(0,0,0,6)" fullname="Inheritance.Geometry.Virtual.VirtualTask_Should.CompoundBody_BoundingBox_IsCorrect(0,0,0,6)" methodname="CompoundBody_BoundingBox_IsCorrect" classname="Inheritance.Geometry.Virtual.VirtualTask_Should" runstate="Runnable" seed="367820895" result="Passed" start-time="2023-11-14 17:22:26Z" end-time="2023-11-14 17:22:26Z" duration="0.000096" asserts="12" />
              <test-case id="1102" name="CompoundBody_BoundingBox_IsCorrect(0,0,0,7)" fullname="Inheritance.Geometry.Virtual.VirtualTask_Should.CompoundBody_BoundingBox_IsCorrect(0,0,0,7)" methodname="CompoundBody_BoundingBox_IsCorrect" classname="Inheritance.Geometry.Virtual.VirtualTask_Should" runstate="Runnable" seed="1646202412" result="Passed" start-time="2023-11-14 17:22:26Z" end-time="2023-11-14 17:22:26Z" duration="0.000085" asserts="12" />
              <test-case id="1103" name="CompoundBody_BoundingBox_IsCorrect(1,1,1,7)" fullname="Inheritance.Geometry.Virtual.VirtualTask_Should.CompoundBody_BoundingBox_IsCorrect(1,1,1,7)" methodname="CompoundBody_BoundingBox_IsCorrect" classname="Inheritance.Geometry.Virtual.VirtualTask_Should" runstate="Runnable" seed="1510230265" result="Passed" start-time="2023-11-14 17:22:26Z" end-time="2023-11-14 17:22:26Z" duration="0.000083" asserts="12" />
              <test-case id="1104" name="CompoundBody_BoundingBox_IsCorrect(2,3,6,5)" fullname="Inheritance.Geometry.Virtual.VirtualTask_Should.CompoundBody_BoundingBox_IsCorrect(2,3,6,5)" methodname="CompoundBody_BoundingBox_IsCorrect" classname="Inheritance.Geometry.Virtual.VirtualTask_Should" runstate="Runnable" seed="1867646894" result="Passed" start-time="2023-11-14 17:22:26Z" end-time="2023-11-14 17:22:26Z" duration="0.000876" asserts="12" />
              <test-case id="1105" name="CompoundBody_BoundingBox_IsCorrect(-2,-3,6,3)" fullname="Inheritance.Geometry.Virtual.VirtualTask_Should.CompoundBody_BoundingBox_IsCorrect(-2,-3,6,3)" methodname="CompoundBody_BoundingBox_IsCorrect" classname="Inheritance.Geometry.Virtual.VirtualTask_Should" runstate="Runnable" seed="861014228" result="Passed" start-time="2023-11-14 17:22:26Z" end-time="2023-11-14 17:22:26Z" duration="0.000085" asserts="12" />
              <test-case id="1106" name="CompoundBody_BoundingBox_IsCorrect(-12,-23,-46,13)" fullname="Inheritance.Geometry.Virtual.VirtualTask_Should.CompoundBody_BoundingBox_IsCorrect(-12,-23,-46,13)" methodname="CompoundBody_BoundingBox_IsCorrect" classname="Inheritance.Geometry.Virtual.VirtualTask_Should" runstate="Runnable" seed="294593849" result="Passed" start-time="2023-11-14 17:22:26Z" end-time="2023-11-14 17:22:26Z" duration="0.000082" asserts="12" />
              <test-case id="1107" name="CompoundBody_BoundingBox_IsCorrect(12,-23,6,14)" fullname="Inheritance.Geometry.Virtual.VirtualTask_Should.CompoundBody_BoundingBox_IsCorrect(12,-23,6,14)" methodname="CompoundBody_BoundingBox_IsCorrect" classname="Inheritance.Geometry.Virtual.VirtualTask_Should" runstate="Runnable" seed="1688267699" result="Passed" start-time="2023-11-14 17:22:26Z" end-time="2023-11-14 17:22:26Z" duration="0.000095" asserts="12" />
              <test-case id="1108" name="CompoundBody_BoundingBox_IsCorrect(8,5,-16,12)" fullname="Inheritance.Geometry.Virtual.VirtualTask_Should.CompoundBody_BoundingBox_IsCorrect(8,5,-16,12)" methodname="CompoundBody_BoundingBox_IsCorrect" classname="Inheritance.Geometry.Virtual.VirtualTask_Should" runstate="Runnable" seed="1159410434" result="Passed" start-time="2023-11-14 17:22:26Z" end-time="2023-11-14 17:22:26Z" duration="0.000112" asserts="12" />
            </test-suite>
            <test-suite type="ParameterizedMethod" id="1094" name="CompoundBody_ContainsPoint_IsCorrect" fullname="Inheritance.Geometry.Virtual.VirtualTask_Should.CompoundBody_ContainsPoint_IsCorrect" classname="Inheritance.Geometry.Virtual.VirtualTask_Should" runstate="Runnable" testcasecount="9" result="Passed" start-time="2023-11-14 17:22:26Z" end-time="2023-11-14 17:22:27Z" duration="0.283196" total="9" passed="9" failed="0" warnings="0" inconclusive="0" skipped="0" asserts="432">
              <test-case id="1085" name="CompoundBody_ContainsPoint_IsCorrect(0,0,0,1)" fullname="Inheritance.Geometry.Virtual.VirtualTask_Should.CompoundBody_ContainsPoint_IsCorrect(0,0,0,1)" methodname="CompoundBody_ContainsPoint_IsCorrect" classname="Inheritance.Geometry.Virtual.VirtualTask_Should" runstate="Runnable" seed="2087987355" result="Passed" start-time="2023-11-14 17:22:26Z" end-time="2023-11-14 17:22:26Z" duration="0.001544" asserts="48" />
              <test-case id="1086" name="CompoundBody_ContainsPoint_IsCorrect(0,0,0,6)" fullname="Inheritance.Geometry.Virtual.VirtualTask_Should.CompoundBody_ContainsPoint_IsCorrect(0,0,0,6)" methodname="CompoundBody_ContainsPoint_IsCorrect" classname="Inheritance.Geometry.Virtual.VirtualTask_Should" runstate="Runnable" seed="1493306948" result="Passed" start-time="2023-11-14 17:22:26Z" end-time="2023-11-14 17:22:26Z" duration="0.000141" asserts="48" />
              <test-case id="1087" name="CompoundBody_ContainsPoint_IsCorrect(0,0,0,7)" fullname="Inheritance.Geometry.Virtual.VirtualTask_Should.CompoundBody_ContainsPoint_IsCorrect(0,0,0,7)" methodname="CompoundBody_ContainsPoint_IsCorrect" classname="Inheritance.Geometry.Virtual.VirtualTask_Should" runstate="Runnable" seed="1094893758" result="Passed" start-time="2023-11-14 17:22:26Z" end-time="2023-11-14 17:22:26Z" duration="0.000125" asserts="48" />
              <test-case id="1088" name="CompoundBody_ContainsPoint_IsCorrect(1,1,1,7)" fullname="Inheritance.Geometry.Virtual.VirtualTask_Should.CompoundBody_ContainsPoint_IsCorrect(1,1,1,7)" methodname="CompoundBody_ContainsPoint_IsCorrect" classname="Inheritance.Geometry.Virtual.VirtualTask_Should" runstate="Runnable" seed="841291805" result="Passed" start-time="2023-11-14 17:22:26Z" end-time="2023-11-14 17:22:26Z" duration="0.000104" asserts="48" />
              <test-case id="1089" name="CompoundBody_ContainsPoint_IsCorrect(2,3,6,5)" fullname="Inheritance.Geometry.Virtual.VirtualTask_Should.CompoundBody_ContainsPoint_IsCorrect(2,3,6,5)" methodname="CompoundBody_ContainsPoint_IsCorrect" classname="Inheritance.Geometry.Virtual.VirtualTask_Should" runstate="Runnable" seed="1629752417" result="Passed" start-time="2023-11-14 17:22:26Z" end-time="2023-11-14 17:22:26Z" duration="0.000134" asserts="48" />
              <test-case id="1090" name="CompoundBody_ContainsPoint_IsCorrect(-2,-3,6,3)" fullname="Inheritance.Geometry.Virtual.VirtualTask_Should.CompoundBody_ContainsPoint_IsCorrect(-2,-3,6,3)" methodname="CompoundBody_ContainsPoint_IsCorrect" classname="Inheritance.Geometry.Virtual.VirtualTask_Should" runstate="Runnable" seed="586301379" result="Passed" start-time="2023-11-14 17:22:26Z" end-time="2023-11-14 17:22:26Z" duration="0.000091" asserts="48" />
              <test-case id="1091" name="CompoundBody_ContainsPoint_IsCorrect(-12,-23,-46,13)" fullname="Inheritance.Geometry.Virtual.VirtualTask_Should.CompoundBody_ContainsPoint_IsCorrect(-12,-23,-46,13)" methodname="CompoundBody_ContainsPoint_IsCorrect" classname="Inheritance.Geometry.Virtual.VirtualTask_Should" runstate="Runnable" seed="1366139028" result="Passed" start-time="2023-11-14 17:22:26Z" end-time="2023-11-14 17:22:26Z" duration="0.000130" asserts="48" />
              <test-case id="1092" name="CompoundBody_ContainsPoint_IsCorrect(12,-23,6,14)" fullname="Inheritance.Geometry.Virtual.VirtualTask_Should.CompoundBody_ContainsPoint_IsCorrect(12,-23,6,14)" methodname="CompoundBody_ContainsPoint_IsCorrect" classname="Inheritance.Geometry.Virtual.VirtualTask_Should" runstate="Runnable" seed="499269777" result="Passed" start-time="2023-11-14 17:22:27Z" end-time="2023-11-14 17:22:27Z" duration="0.000114" asserts="48" />
              <test-case id="1093" name="CompoundBody_ContainsPoint_IsCorrect(8,5,-16,12)" fullname="Inheritance.Geometry.Virtual.VirtualTask_Should.CompoundBody_ContainsPoint_IsCorrect(8,5,-16,12)" methodname="CompoundBody_ContainsPoint_IsCorrect" classname="Inheritance.Geometry.Virtual.VirtualTask_Should" runstate="Runnable" seed="199397234" result="Passed" start-time="2023-11-14 17:22:27Z" end-time="2023-11-14 17:22:27Z" duration="0.000133" asserts="48" />
            </test-suite>
            <test-suite type="ParameterizedMethod" id="1099" name="CompoundBody_Of_TwoCuboids_BoundingBox_Correct" fullname="Inheritance.Geometry.Virtual.VirtualTask_Should.CompoundBody_Of_TwoCuboids_BoundingBox_Correct" classname="Inheritance.Geometry.Virtual.VirtualTask_Should" runstate="Runnable" testcasecount="3" result="Passed" start-time="2023-11-14 17:22:27Z" end-time="2023-11-14 17:22:27Z" duration="0.094715" total="3" passed="3" failed="0" warnings="0" inconclusive="0" skipped="0" asserts="9">
              <test-case id="1096" name="CompoundBody_Of_TwoCuboids_BoundingBox_Correct(1,2,3,2,1,3,5,5,4)" fullname="Inheritance.Geometry.Virtual.VirtualTask_Should.CompoundBody_Of_TwoCuboids_BoundingBox_Correct(1,2,3,2,1,3,5,5,4)" methodname="CompoundBody_Of_TwoCuboids_BoundingBox_Correct" classname="Inheritance.Geometry.Virtual.VirtualTask_Should" runstate="Runnable" seed="1537563016" result="Passed" start-time="2023-11-14 17:22:27Z" end-time="2023-11-14 17:22:27Z" duration="0.000438" asserts="3" />
              <test-case id="1097" name="CompoundBody_Of_TwoCuboids_BoundingBox_Correct(1,1,1,2,2,2,5,5,5)" fullname="Inheritance.Geometry.Virtual.VirtualTask_Should.CompoundBody_Of_TwoCuboids_BoundingBox_Correct(1,1,1,2,2,2,5,5,5)" methodname="CompoundBody_Of_TwoCuboids_BoundingBox_Correct" classname="Inheritance.Geometry.Virtual.VirtualTask_Should" runstate="Runnable" seed="493739214" result="Passed" start-time="2023-11-14 17:22:27Z" end-time="2023-11-14 17:22:27Z" duration="0.000090" asserts="3" />
              <test-case id="1098" name="CompoundBody_Of_TwoCuboids_BoundingBox_Correct(2,1,1,1,2,2,5,5,5)" fullname="Inheritance.Geometry.Virtual.VirtualTask_Should.CompoundBody_Of_TwoCuboids_BoundingBox_Correct(2,1,1,1,2,2,5,5,5)" methodname="CompoundBody_Of_TwoCuboids_BoundingBox_Correct" classname="Inheritance.Geometry.Virtual.VirtualTask_Should" runstate="Runnable" seed="940550576" result="Passed" start-time="2023-11-14 17:22:27Z" end-time="2023-11-14 17:22:27Z" duration="0.000065" asserts="3" />
            </test-suite>
            <test-case id="1095" name="CompoundBody_WithBall_ContainsPoint_IsCorrect" fullname="Inheritance.Geometry.Virtual.VirtualTask_Should.CompoundBody_WithBall_ContainsPoint_IsCorrect" methodname="CompoundBody_WithBall_ContainsPoint_IsCorrect" classname="Inheritance.Geometry.Virtual.VirtualTask_Should" runstate="Runnable" seed="2027255414" result="Passed" start-time="2023-11-14 17:22:27Z" end-time="2023-11-14 17:22:27Z" duration="0.012565" asserts="8000" />
            <test-suite type="ParameterizedMethod" id="1084" name="Cylinder_BoundingBox_IsCorrect" fullname="Inheritance.Geometry.Virtual.VirtualTask_Should.Cylinder_BoundingBox_IsCorrect" classname="Inheritance.Geometry.Virtual.VirtualTask_Should" runstate="Runnable" testcasecount="13" result="Passed" start-time="2023-11-14 17:22:27Z" end-time="2023-11-14 17:22:27Z" duration="0.412269" total="13" passed="13" failed="0" warnings="0" inconclusive="0" skipped="0" asserts="52">
              <test-case id="1071" name="Cylinder_BoundingBox_IsCorrect(0,0,0,1,2)" fullname="Inheritance.Geometry.Virtual.VirtualTask_Should.Cylinder_BoundingBox_IsCorrect(0,0,0,1,2)" methodname="Cylinder_BoundingBox_IsCorrect" classname="Inheritance.Geometry.Virtual.VirtualTask_Should" runstate="Runnable" seed="90591964" result="Passed" start-time="2023-11-14 17:22:27Z" end-time="2023-11-14 17:22:27Z" duration="0.000217" asserts="4" />
              <test-case id="1072" name="Cylinder_BoundingBox_IsCorrect(6,2,4,5,4)" fullname="Inheritance.Geometry.Virtual.VirtualTask_Should.Cylinder_BoundingBox_IsCorrect(6,2,4,5,4)" methodname="Cylinder_BoundingBox_IsCorrect" classname="Inheritance.Geometry.Virtual.VirtualTask_Should" runstate="Runnable" seed="456111396" result="Passed" start-time="2023-11-14 17:22:27Z" end-time="2023-11-14 17:22:27Z" duration="0.000073" asserts="4" />
              <test-case id="1073" name="Cylinder_BoundingBox_IsCorrect(-6,2,4,5,5)" fullname="Inheritance.Geometry.Virtual.VirtualTask_Should.Cylinder_BoundingBox_IsCorrect(-6,2,4,5,5)" methodname="Cylinder_BoundingBox_IsCorrect" classname="Inheritance.Geometry.Virtual.VirtualTask_Should" runstate="Runnable" seed="1624209500" result="Passed" start-time="2023-11-14 17:22:27Z" end-time="2023-11-14 17:22:27Z" duration="0.000066" asserts="4" />
              <test-case id="1074" name="Cylinder_BoundingBox_IsCorrect(-6,-2,4)" fullname="Inheritance.Geometry.Virtual.VirtualTask_Should.Cylinder_BoundingBox_IsCorrect(-6,-2,4)" methodname="Cylinder_BoundingBox_IsCorrect" classname="Inheritance.Geometry.Virtual.VirtualTask_Should" runstate="Runnable" seed="1505421754" result="Passed" start-time="2023-11-14 17:22:27Z" end-time="2023-11-14 17:22:27Z" duration="0.000074" asserts="4" />
              <test-case id="1075" name="Cylinder_BoundingBox_IsCorrect(-6,-2,-4)" fullname="Inheritance.Geometry.Virtual.VirtualTask_Should.Cylinder_BoundingBox_IsCorrect(-6,-2,-4)" methodname="Cylinder_BoundingBox_IsCorrect" classname="Inheritance.Geometry.Virtual.VirtualTask_Should" runstate="Runnable" seed="952653783" result="Passed" start-time="2023-11-14 17:22:27Z" end-time="2023-11-14 17:22:27Z" duration="0.000064" asserts="4" />
              <test-case id="1076" name="Cylinder_BoundingBox_IsCorrect(6,2,-4)" fullname="Inheritance.Geometry.Virtual.VirtualTask_Should.Cylinder_BoundingBox_IsCorrect(6,2,-4)" methodname="Cylinder_BoundingBox_IsCorrect" classname="Inheritance.Geometry.Virtual.VirtualTask_Should" runstate="Runnable" seed="518269612" result="Passed" start-time="2023-11-14 17:22:27Z" end-time="2023-11-14 17:22:27Z" duration="0.000063" asserts="4" />
              <test-case id="1077" name="Cylinder_BoundingBox_IsCorrect(6,-2,-4)" fullname="Inheritance.Geometry.Virtual.VirtualTask_Should.Cylinder_BoundingBox_IsCorrect(6,-2,-4)" methodname="Cylinder_BoundingBox_IsCorrect" classname="Inheritance.Geometry.Virtual.VirtualTask_Should" runstate="Runnable" seed="2137529806" result="Passed" start-time="2023-11-14 17:22:27Z" end-time="2023-11-14 17:22:27Z" duration="0.000081" asserts="4" />
              <test-case id="1078" name="Cylinder_BoundingBox_IsCorrect(6,2,4)" fullname="Inheritance.Geometry.Virtual.VirtualTask_Should.Cylinder_BoundingBox_IsCorrect(6,2,4)" methodname="Cylinder_BoundingBox_IsCorrect" classname="Inheritance.Geometry.Virtual.VirtualTask_Should" runstate="Runnable" seed="243094675" result="Passed" start-time="2023-11-14 17:22:27Z" end-time="2023-11-14 17:22:27Z" duration="0.000065" asserts="4" />
              <test-case id="1079" name="Cylinder_BoundingBox_IsCorrect(-6,2,4)" fullname="Inheritance.Geometry.Virtual.VirtualTask_Should.Cylinder_BoundingBox_IsCorrect(-6,2,4)" methodname="Cylinder_BoundingBox_IsCorrect" classname="Inheritance.Geometry.Virtual.VirtualTask_Should" runstate="Runnable" seed="1736287813" result="Passed" start-time="2023-11-14 17:22:27Z" end-time="2023-11-14 17:22:27Z" duration="0.000071" asserts="4" />
              <test-case id="1080" name="Cylinder_BoundingBox_IsCorrect(-6,-2,4)" fullname="Inheritance.Geometry.Virtual.VirtualTask_Should.Cylinder_BoundingBox_IsCorrect(-6,-2,4)" methodname="Cylinder_BoundingBox_IsCorrect" classname="Inheritance.Geometry.Virtual.VirtualTask_Should" runstate="Runnable" seed="1712624162" result="Passed" start-time="2023-11-14 17:22:27Z" end-time="2023-11-14 17:22:27Z" duration="0.000066" asserts="4" />
              <test-case id="1081" name="Cylinder_BoundingBox_IsCorrect(-6,-2,-4)" fullname="Inheritance.Geometry.Virtual.VirtualTask_Should.Cylinder_BoundingBox_IsCorrect(-6,-2,-4)" methodname="Cylinder_BoundingBox_IsCorrect" classname="Inheritance.Geometry.Virtual.VirtualTask_Should" runstate="Runnable" seed="1600775777" result="Passed" start-time="2023-11-14 17:22:27Z" end-time="2023-11-14 17:22:27Z" duration="0.000068" asserts="4" />
              <test-case id="1082" name="Cylinder_BoundingBox_IsCorrect(6,2,-4)" fullname="Inheritance.Geometry.Virtual.VirtualTask_Should.Cylinder_BoundingBox_IsCorrect(6,2,-4)" methodname="Cylinder_BoundingBox_IsCorrect" classname="Inheritance.Geometry.Virtual.VirtualTask_Should" runstate="Runnable" seed="24475188" result="Passed" start-time="2023-11-14 17:22:27Z" end-time="2023-11-14 17:22:27Z" duration="0.000068" asserts="4" />
              <test-case id="1083" name="Cylinder_BoundingBox_IsCorrect(6,-2,-4)" fullname="Inheritance.Geometry.Virtual.VirtualTask_Should.Cylinder_BoundingBox_IsCorrect(6,-2,-4)" methodname="Cylinder_BoundingBox_IsCorrect" classname="Inheritance.Geometry.Virtual.VirtualTask_Should" runstate="Runnable" seed="313583755" result="Passed" start-time="2023-11-14 17:22:27Z" end-time="2023-11-14 17:22:27Z" duration="0.000062" asserts="4" />
            </test-suite>
            <test-suite type="ParameterizedMethod" id="1070" name="Cylinder_ContainsPoint_IsCorrect" fullname="Inheritance.Geometry.Virtual.VirtualTask_Should.Cylinder_ContainsPoint_IsCorrect" classname="Inheritance.Geometry.Virtual.VirtualTask_Should" runstate="Runnable" testcasecount="13" result="Passed" start-time="2023-11-14 17:22:27Z" end-time="2023-11-14 17:22:28Z" duration="0.407759" total="13" passed="13" failed="0" warnings="0" inconclusive="0" skipped="0" asserts="182">
              <test-case id="1057" name="Cylinder_ContainsPoint_IsCorrect(0,0,0,2,8)" fullname="Inheritance.Geometry.Virtual.VirtualTask_Should.Cylinder_ContainsPoint_IsCorrect(0,0,0,2,8)" methodname="Cylinder_ContainsPoint_IsCorrect" classname="Inheritance.Geometry.Virtual.VirtualTask_Should" runstate="Runnable" seed="1291963648" result="Passed" start-time="2023-11-14 17:22:27Z" end-time="2023-11-14 17:22:27Z" duration="0.000172" asserts="14" />
              <test-case id="1058" name="Cylinder_ContainsPoint_IsCorrect(6,2,4,6,4)" fullname="Inheritance.Geometry.Virtual.VirtualTask_Should.Cylinder_ContainsPoint_IsCorrect(6,2,4,6,4)" methodname="Cylinder_ContainsPoint_IsCorrect" classname="Inheritance.Geometry.Virtual.VirtualTask_Should" runstate="Runnable" seed="932109153" result="Passed" start-time="2023-11-14 17:22:27Z" end-time="2023-11-14 17:22:27Z" duration="0.000077" asserts="14" />
              <test-case id="1059" name="Cylinder_ContainsPoint_IsCorrect(-6,2,4,6,4)" fullname="Inheritance.Geometry.Virtual.VirtualTask_Should.Cylinder_ContainsPoint_IsCorrect(-6,2,4,6,4)" methodname="Cylinder_ContainsPoint_IsCorrect" classname="Inheritance.Geometry.Virtual.VirtualTask_Should" runstate="Runnable" seed="814955651" result="Passed" start-time="2023-11-14 17:22:27Z" end-time="2023-11-14 17:22:27Z" duration="0.000080" asserts="14" />
              <test-case id="1060" name="Cylinder_ContainsPoint_IsCorrect(-6,-2,4)" fullname="Inheritance.Geometry.Virtual.VirtualTask_Should.Cylinder_ContainsPoint_IsCorrect(-6,-2,4)" methodname="Cylinder_ContainsPoint_IsCorrect" classname="Inheritance.Geometry.Virtual.VirtualTask_Should" runstate="Runnable" seed="614661310" result="Passed" start-time="2023-11-14 17:22:27Z" end-time="2023-11-14 17:22:27Z" duration="0.000106" asserts="14" />
              <test-case id="1061" name="Cylinder_ContainsPoint_IsCorrect(-6,-2,-4)" fullname="Inheritance.Geometry.Virtual.VirtualTask_Should.Cylinder_ContainsPoint_IsCorrect(-6,-2,-4)" methodname="Cylinder_ContainsPoint_IsCorrect" classname="Inheritance.Geometry.Virtual.VirtualTask_Should" runstate="Runnable" seed="34351637" result="Passed" start-time="2023-11-14 17:22:27Z" end-time="2023-11-14 17:22:27Z" duration="0.000100" asserts="14" />
              <test-case id="1062" name="Cylinder_ContainsPoint_IsCorrect(6,2,-4)" fullname="Inheritance.Geometry.Virtual.VirtualTask_Should.Cylinder_ContainsPoint_IsCorrect(6,2,-4)" methodname="Cylinder_ContainsPoint_IsCorrect" classname="Inheritance.Geometry.Virtual.VirtualTask_Should" runstate="Runnable" seed="951488879" result="Passed" start-time="2023-11-14 17:22:27Z" end-time="2023-11-14 17:22:27Z" duration="0.000097" asserts="14" />
              <test-case id="1063" name="Cylinder_ContainsPoint_IsCorrect(6,-2,-4)" fullname="Inheritance.Geometry.Virtual.VirtualTask_Should.Cylinder_ContainsPoint_IsCorrect(6,-2,-4)" methodname="Cylinder_ContainsPoint_IsCorrect" classname="Inheritance.Geometry.Virtual.VirtualTask_Should" runstate="Runnable" seed="984990350" result="Passed" start-time="2023-11-14 17:22:27Z" end-time="2023-11-14 17:22:27Z" duration="0.000089" asserts="14" />
              <test-case id="1064" name="Cylinder_ContainsPoint_IsCorrect(6,2,4)" fullname="Inheritance.Geometry.Virtual.VirtualTask_Should.Cylinder_ContainsPoint_IsCorrect(6,2,4)" methodname="Cylinder_ContainsPoint_IsCorrect" classname="Inheritance.Geometry.Virtual.VirtualTask_Should" runstate="Runnable" seed="1795279653" result="Passed" start-time="2023-11-14 17:22:27Z" end-time="2023-11-14 17:22:27Z" duration="0.000094" asserts="14" />
              <test-case id="1065" name="Cylinder_ContainsPoint_IsCorrect(-6,2,4)" fullname="Inheritance.Geometry.Virtual.VirtualTask_Should.Cylinder_ContainsPoint_IsCorrect(-6,2,4)" methodname="Cylinder_ContainsPoint_IsCorrect" classname="Inheritance.Geometry.Virtual.VirtualTask_Should" runstate="Runnable" seed="164298049" result="Passed" start-time="2023-11-14 17:22:27Z" end-time="2023-11-14 17:22:27Z" duration="0.000096" asserts="14" />
              <test-case id="1066" name="Cylinder_ContainsPoint_IsCorrect(-6,-2,4)" fullname="Inheritance.Geometry.Virtual.VirtualTask_Should.Cylinder_ContainsPoint_IsCorrect(-6,-2,4)" methodname="Cylinder_ContainsPoint_IsCorrect" classname="Inheritance.Geometry.Virtual.VirtualTask_Should" runstate="Runnable" seed="1672783965" result="Passed" start-time="2023-11-14 17:22:27Z" end-time="2023-11-14 17:22:27Z" duration="0.000095" asserts="14" />
              <test-case id="1067" name="Cylinder_ContainsPoint_IsCorrect(-6,-2,-4)" fullname="Inheritance.Geometry.Virtual.VirtualTask_Should.Cylinder_ContainsPoint_IsCorrect(-6,-2,-4)" methodname="Cylinder_ContainsPoint_IsCorrect" classname="Inheritance.Geometry.Virtual.VirtualTask_Should" runstate="Runnable" seed="556658575" result="Passed" start-time="2023-11-14 17:22:28Z" end-time="2023-11-14 17:22:28Z" duration="0.000099" asserts="14" />
              <test-case id="1068" name="Cylinder_ContainsPoint_IsCorrect(6,2,-4)" fullname="Inheritance.Geometry.Virtual.VirtualTask_Should.Cylinder_ContainsPoint_IsCorrect(6,2,-4)" methodname="Cylinder_ContainsPoint_IsCorrect" classname="Inheritance.Geometry.Virtual.VirtualTask_Should" runstate="Runnable" seed="64391064" result="Passed" start-time="2023-11-14 17:22:28Z" end-time="2023-11-14 17:22:28Z" duration="0.000104" asserts="14" />
              <test-case id="1069" name="Cylinder_ContainsPoint_IsCorrect(6,-2,-4)" fullname="Inheritance.Geometry.Virtual.VirtualTask_Should.Cylinder_ContainsPoint_IsCorrect(6,-2,-4)" methodname="Cylinder_ContainsPoint_IsCorrect" classname="Inheritance.Geometry.Virtual.VirtualTask_Should" runstate="Runnable" seed="1387316194" result="Passed" start-time="2023-11-14 17:22:28Z" end-time="2023-11-14 17:22:28Z" duration="0.000127" asserts="14" />
            </test-suite>
            <test-suite type="ParameterizedMethod" id="1056" name="RectangularCuboid_BoundingBox_IsCorrect" fullname="Inheritance.Geometry.Virtual.VirtualTask_Should.RectangularCuboid_BoundingBox_IsCorrect" classname="Inheritance.Geometry.Virtual.VirtualTask_Should" runstate="Runnable" testcasecount="13" result="Passed" start-time="2023-11-14 17:22:28Z" end-time="2023-11-14 17:22:28Z" duration="0.408040" total="13" passed="13" failed="0" warnings="0" inconclusive="0" skipped="0" asserts="52">
              <test-case id="1043" name="RectangularCuboid_BoundingBox_IsCorrect(0,0,0,1,2,3)" fullname="Inheritance.Geometry.Virtual.VirtualTask_Should.RectangularCuboid_BoundingBox_IsCorrect(0,0,0,1,2,3)" methodname="RectangularCuboid_BoundingBox_IsCorrect" classname="Inheritance.Geometry.Virtual.VirtualTask_Should" runstate="Runnable" seed="36632927" result="Passed" start-time="2023-11-14 17:22:28Z" end-time="2023-11-14 17:22:28Z" duration="0.000208" asserts="4" />
              <test-case id="1044" name="RectangularCuboid_BoundingBox_IsCorrect(6,2,4,5,4,7)" fullname="Inheritance.Geometry.Virtual.VirtualTask_Should.RectangularCuboid_BoundingBox_IsCorrect(6,2,4,5,4,7)" methodname="RectangularCuboid_BoundingBox_IsCorrect" classname="Inheritance.Geometry.Virtual.VirtualTask_Should" runstate="Runnable" seed="142265519" result="Passed" start-time="2023-11-14 17:22:28Z" end-time="2023-11-14 17:22:28Z" duration="0.000106" asserts="4" />
              <test-case id="1045" name="RectangularCuboid_BoundingBox_IsCorrect(-6,2,4,5,5,5)" fullname="Inheritance.Geometry.Virtual.VirtualTask_Should.RectangularCuboid_BoundingBox_IsCorrect(-6,2,4,5,5,5)" methodname="RectangularCuboid_BoundingBox_IsCorrect" classname="Inheritance.Geometry.Virtual.VirtualTask_Should" runstate="Runnable" seed="606927633" result="Passed" start-time="2023-11-14 17:22:28Z" end-time="2023-11-14 17:22:28Z" duration="0.000085" asserts="4" />
              <test-case id="1046" name="RectangularCuboid_BoundingBox_IsCorrect(-6,-2,4,0)" fullname="Inheritance.Geometry.Virtual.VirtualTask_Should.RectangularCuboid_BoundingBox_IsCorrect(-6,-2,4,0)" methodname="RectangularCuboid_BoundingBox_IsCorrect" classname="Inheritance.Geometry.Virtual.VirtualTask_Should" runstate="Runnable" seed="2085097252" result="Passed" start-time="2023-11-14 17:22:28Z" end-time="2023-11-14 17:22:28Z" duration="0.000087" asserts="4" />
              <test-case id="1047" name="RectangularCuboid_BoundingBox_IsCorrect(-6,-2,-4,0)" fullname="Inheritance.Geometry.Virtual.VirtualTask_Should.RectangularCuboid_BoundingBox_IsCorrect(-6,-2,-4,0)" methodname="RectangularCuboid_BoundingBox_IsCorrect" classname="Inheritance.Geometry.Virtual.VirtualTask_Should" runstate="Runnable" seed="94443071" result="Passed" start-time="2023-11-14 17:22:28Z" end-time="2023-11-14 17:22:28Z" duration="0.000073" asserts="4" />
              <test-case id="1048" name="RectangularCuboid_BoundingBox_IsCorrect(6,2,-4,0)" fullname="Inheritance.Geometry.Virtual.VirtualTask_Should.RectangularCuboid_BoundingBox_IsCorrect(6,2,-4,0)" methodname="RectangularCuboid_BoundingBox_IsCorrect" classname="Inheritance.Geometry.Virtual.VirtualTask_Should" runstate="Runnable" seed="476591224" result="Passed" start-time="2023-11-14 17:22:28Z" end-time="2023-11-14 17:22:28Z" duration="0.000071" asserts="4" />
              <test-case id="1049" name="RectangularCuboid_BoundingBox_IsCorrect(6,-2,-4,0)" fullname="Inheritance.Geometry.Virtual.VirtualTask_Should.RectangularCuboid_BoundingBox_IsCorrect(6,-2,-4,0)" methodname="RectangularCuboid_BoundingBox_IsCorrect" classname="Inheritance.Geometry.Virtual.VirtualTask_Should" runstate="Runnable" seed="276082761" result="Passed" start-time="2023-11-14 17:22:28Z" end-time="2023-11-14 17:22:28Z" duration="0.000056" asserts="4" />
              <test-case id="1050" name="RectangularCuboid_BoundingBox_IsCorrect(6,2,4,2)" fullname="Inheritance.Geometry.Virtual.VirtualTask_Should.RectangularCuboid_BoundingBox_IsCorrect(6,2,4,2)" methodname="RectangularCuboid_BoundingBox_IsCorrect" classname="Inheritance.Geometry.Virtual.VirtualTask_Should" runstate="Runnable" seed="177198830" result="Passed" start-time="2023-11-14 17:22:28Z" end-time="2023-11-14 17:22:28Z" duration="0.000076" asserts="4" />
              <test-case id="1051" name="RectangularCuboid_BoundingBox_IsCorrect(-6,2,4,4)" fullname="Inheritance.Geometry.Virtual.VirtualTask_Should.RectangularCuboid_BoundingBox_IsCorrect(-6,2,4,4)" methodname="RectangularCuboid_BoundingBox_IsCorrect" classname="Inheritance.Geometry.Virtual.VirtualTask_Should" runstate="Runnable" seed="406746115" result="Passed" start-time="2023-11-14 17:22:28Z" end-time="2023-11-14 17:22:28Z" duration="0.000079" asserts="4" />
              <test-case id="1052" name="RectangularCuboid_BoundingBox_IsCorrect(-6,-2,4,9)" fullname="Inheritance.Geometry.Virtual.VirtualTask_Should.RectangularCuboid_BoundingBox_IsCorrect(-6,-2,4,9)" methodname="RectangularCuboid_BoundingBox_IsCorrect" classname="Inheritance.Geometry.Virtual.VirtualTask_Should" runstate="Runnable" seed="1932260848" result="Passed" start-time="2023-11-14 17:22:28Z" end-time="2023-11-14 17:22:28Z" duration="0.000072" asserts="4" />
              <test-case id="1053" name="RectangularCuboid_BoundingBox_IsCorrect(-6,-2,-4,8)" fullname="Inheritance.Geometry.Virtual.VirtualTask_Should.RectangularCuboid_BoundingBox_IsCorrect(-6,-2,-4,8)" methodname="RectangularCuboid_BoundingBox_IsCorrect" classname="Inheritance.Geometry.Virtual.VirtualTask_Should" runstate="Runnable" seed="806840436" result="Passed" start-time="2023-11-14 17:22:28Z" end-time="2023-11-14 17:22:28Z" duration="0.000075" asserts="4" />
              <test-case id="1054" name="RectangularCuboid_BoundingBox_IsCorrect(6,2,-4,7)" fullname="Inheritance.Geometry.Virtual.VirtualTask_Should.RectangularCuboid_BoundingBox_IsCorrect(6,2,-4,7)" methodname="RectangularCuboid_BoundingBox_IsCorrect" classname="Inheritance.Geometry.Virtual.VirtualTask_Should" runstate="Runnable" seed="1835135733" result="Passed" start-time="2023-11-14 17:22:28Z" end-time="2023-11-14 17:22:28Z" duration="0.000068" asserts="4" />
              <test-case id="1055" name="RectangularCuboid_BoundingBox_IsCorrect(6,-2,-4,1)" fullname="Inheritance.Geometry.Virtual.VirtualTask_Should.RectangularCuboid_BoundingBox_IsCorrect(6,-2,-4,1)" methodname="RectangularCuboid_BoundingBox_IsCorrect" classname="Inheritance.Geometry.Virtual.VirtualTask_Should" runstate="Runnable" seed="646941765" result="Passed" start-time="2023-11-14 17:22:28Z" end-time="2023-11-14 17:22:28Z" duration="0.000053" asserts="4" />
            </test-suite>
            <test-suite type="ParameterizedMethod" id="1042" name="RectangularCuboid_ContainsPoint_IsCorrect" fullname="Inheritance.Geometry.Virtual.VirtualTask_Should.RectangularCuboid_ContainsPoint_IsCorrect" classname="Inheritance.Geometry.Virtual.VirtualTask_Should" runstate="Runnable" testcasecount="13" result="Passed" start-time="2023-11-14 17:22:28Z" end-time="2023-11-14 17:22:28Z" duration="0.411179" total="13" passed="13" failed="0" warnings="0" inconclusive="0" skipped="0" asserts="182">
              <test-case id="1029" name="RectangularCuboid_ContainsPoint_IsCorrect(0,0,0,8,8,8)" fullname="Inheritance.Geometry.Virtual.VirtualTask_Should.RectangularCuboid_ContainsPoint_IsCorrect(0,0,0,8,8,8)" methodname="RectangularCuboid_ContainsPoint_IsCorrect" classname="Inheritance.Geometry.Virtual.VirtualTask_Should" runstate="Runnable" seed="697742320" result="Passed" start-time="2023-11-14 17:22:28Z" end-time="2023-11-14 17:22:28Z" duration="0.000237" asserts="14" />
              <test-case id="1030" name="RectangularCuboid_ContainsPoint_IsCorrect(6,2,4)" fullname="Inheritance.Geometry.Virtual.VirtualTask_Should.RectangularCuboid_ContainsPoint_IsCorrect(6,2,4)" methodname="RectangularCuboid_ContainsPoint_IsCorrect" classname="Inheritance.Geometry.Virtual.VirtualTask_Should" runstate="Runnable" seed="935137924" result="Passed" start-time="2023-11-14 17:22:28Z" end-time="2023-11-14 17:22:28Z" duration="0.000092" asserts="14" />
              <test-case id="1031" name="RectangularCuboid_ContainsPoint_IsCorrect(-6,2,4)" fullname="Inheritance.Geometry.Virtual.VirtualTask_Should.RectangularCuboid_ContainsPoint_IsCorrect(-6,2,4)" methodname="RectangularCuboid_ContainsPoint_IsCorrect" classname="Inheritance.Geometry.Virtual.VirtualTask_Should" runstate="Runnable" seed="1865972250" result="Passed" start-time="2023-11-14 17:22:28Z" end-time="2023-11-14 17:22:28Z" duration="0.000087" asserts="14" />
              <test-case id="1032" name="RectangularCuboid_ContainsPoint_IsCorrect(-6,-2,4)" fullname="Inheritance.Geometry.Virtual.VirtualTask_Should.RectangularCuboid_ContainsPoint_IsCorrect(-6,-2,4)" methodname="RectangularCuboid_ContainsPoint_IsCorrect" classname="Inheritance.Geometry.Virtual.VirtualTask_Should" runstate="Runnable" seed="342138648" result="Passed" start-time="2023-11-14 17:22:28Z" end-time="2023-11-14 17:22:28Z" duration="0.000089" asserts="14" />
              <test-case id="1033" name="RectangularCuboid_ContainsPoint_IsCorrect(-6,-2,-4)" fullname="Inheritance.Geometry.Virtual.VirtualTask_Should.RectangularCuboid_ContainsPoint_IsCorrect(-6,-2,-4)" methodname="RectangularCuboid_ContainsPoint_IsCorrect" classname="Inheritance.Geometry.Virtual.VirtualTask_Should" runstate="Runnable" seed="1116831992" result="Passed" start-time="2023-11-14 17:22:28Z" end-time="2023-11-14 17:22:28Z" duration="0.000087" asserts="14" />
              <test-case id="1034" name="RectangularCuboid_ContainsPoint_IsCorrect(6,2,-4)" fullname="Inheritance.Geometry.Virtual.VirtualTask_Should.RectangularCuboid_ContainsPoint_IsCorrect(6,2,-4)" methodname="RectangularCuboid_ContainsPoint_IsCorrect" classname="Inheritance.Geometry.Virtual.VirtualTask_Should" runstate="Runnable" seed="717098636" result="Passed" start-time="2023-11-14 17:22:28Z" end-time="2023-11-14 17:22:28Z" duration="0.000093" asserts="14" />
              <test-case id="1035" name="RectangularCuboid_ContainsPoint_IsCorrect(6,-2,-4)" fullname="Inheritance.Geometry.Virtual.VirtualTask_Should.RectangularCuboid_ContainsPoint_IsCorrect(6,-2,-4)" methodname="RectangularCuboid_ContainsPoint_IsCorrect" classname="Inheritance.Geometry.Virtual.VirtualTask_Should" runstate="Runnable" seed="764050527" result="Passed" start-time="2023-11-14 17:22:28Z" end-time="2023-11-14 17:22:28Z" duration="0.000102" asserts="14" />
              <test-case id="1036" name="RectangularCuboid_ContainsPoint_IsCorrect(6,2,4,4,4,4)" fullname="Inheritance.Geometry.Virtual.VirtualTask_Should.RectangularCuboid_ContainsPoint_IsCorrect(6,2,4,4,4,4)" methodname="RectangularCuboid_ContainsPoint_IsCorrect" classname="Inheritance.Geometry.Virtual.VirtualTask_Should" runstate="Runnable" seed="1098507130" result="Passed" start-time="2023-11-14 17:22:28Z" end-time="2023-11-14 17:22:28Z" duration="0.000086" asserts="14" />
              <test-case id="1037" name="RectangularCuboid_ContainsPoint_IsCorrect(-6,2,4)" fullname="Inheritance.Geometry.Virtual.VirtualTask_Should.RectangularCuboid_ContainsPoint_IsCorrect(-6,2,4)" methodname="RectangularCuboid_ContainsPoint_IsCorrect" classname="Inheritance.Geometry.Virtual.VirtualTask_Should" runstate="Runnable" seed="2019267031" result="Passed" start-time="2023-11-14 17:22:28Z" end-time="2023-11-14 17:22:28Z" duration="0.000094" asserts="14" />
              <test-case id="1038" name="RectangularCuboid_ContainsPoint_IsCorrect(-6,-2,4)" fullname="Inheritance.Geometry.Virtual.VirtualTask_Should.RectangularCuboid_ContainsPoint_IsCorrect(-6,-2,4)" methodname="RectangularCuboid_ContainsPoint_IsCorrect" classname="Inheritance.Geometry.Virtual.VirtualTask_Should" runstate="Runnable" seed="1602240986" result="Passed" start-time="2023-11-14 17:22:28Z" end-time="2023-11-14 17:22:28Z" duration="0.000090" asserts="14" />
              <test-case id="1039" name="RectangularCuboid_ContainsPoint_IsCorrect(-6,-2,-4)" fullname="Inheritance.Geometry.Virtual.VirtualTask_Should.RectangularCuboid_ContainsPoint_IsCorrect(-6,-2,-4)" methodname="RectangularCuboid_ContainsPoint_IsCorrect" classname="Inheritance.Geometry.Virtual.VirtualTask_Should" runstate="Runnable" seed="1752528928" result="Passed" start-time="2023-11-14 17:22:28Z" end-time="2023-11-14 17:22:28Z" duration="0.000080" asserts="14" />
              <test-case id="1040" name="RectangularCuboid_ContainsPoint_IsCorrect(6,2,-4)" fullname="Inheritance.Geometry.Virtual.VirtualTask_Should.RectangularCuboid_ContainsPoint_IsCorrect(6,2,-4)" methodname="RectangularCuboid_ContainsPoint_IsCorrect" classname="Inheritance.Geometry.Virtual.VirtualTask_Should" runstate="Runnable" seed="502011505" result="Passed" start-time="2023-11-14 17:22:28Z" end-time="2023-11-14 17:22:28Z" duration="0.000080" asserts="14" />
              <test-case id="1041" name="RectangularCuboid_ContainsPoint_IsCorrect(6,-2,-4)" fullname="Inheritance.Geometry.Virtual.VirtualTask_Should.RectangularCuboid_ContainsPoint_IsCorrect(6,-2,-4)" methodname="RectangularCuboid_ContainsPoint_IsCorrect" classname="Inheritance.Geometry.Virtual.VirtualTask_Should" runstate="Runnable" seed="240447244" result="Passed" start-time="2023-11-14 17:22:28Z" end-time="2023-11-14 17:22:28Z" duration="0.000092" asserts="14" />
            </test-suite>
          </test-suite>
        </test-suite>
        <test-suite type="TestSuite" id="1176" name="Visitor" fullname="Inheritance.Geometry.Visitor" runstate="Runnable" testcasecount="55" result="Passed" start-time="2023-11-14 17:22:25Z" end-time="2023-11-14 17:22:30Z" duration="5.439121" total="55" passed="55" failed="0" warnings="0" inconclusive="0" skipped="0" asserts="300">
          <test-suite type="TestFixture" id="1110" name="BoundingBoxVisitor_Should" fullname="Inheritance.Geometry.Visitor.BoundingBoxVisitor_Should" classname="Inheritance.Geometry.Visitor.BoundingBoxVisitor_Should" runstate="Runnable" testcasecount="51" result="Passed" start-time="2023-11-14 17:22:29Z" end-time="2023-11-14 17:22:30Z" duration="1.762275" total="51" passed="51" failed="0" warnings="0" inconclusive="0" skipped="0" asserts="273">
            <test-suite type="ParameterizedMethod" id="1128" name="Ball_BoundingBoxVisitor_IsCorrect" fullname="Inheritance.Geometry.Visitor.BoundingBoxVisitor_Should.Ball_BoundingBoxVisitor_IsCorrect" classname="Inheritance.Geometry.Visitor.BoundingBoxVisitor_Should" runstate="Runnable" testcasecount="13" result="Passed" start-time="2023-11-14 17:22:29Z" end-time="2023-11-14 17:22:29Z" duration="0.412527" total="13" passed="13" failed="0" warnings="0" inconclusive="0" skipped="0" asserts="52">
              <test-case id="1115" name="Ball_BoundingBoxVisitor_IsCorrect(0,0,0,1)" fullname="Inheritance.Geometry.Visitor.BoundingBoxVisitor_Should.Ball_BoundingBoxVisitor_IsCorrect(0,0,0,1)" methodname="Ball_BoundingBoxVisitor_IsCorrect" classname="Inheritance.Geometry.Visitor.BoundingBoxVisitor_Should" runstate="Runnable" seed="464446860" result="Passed" start-time="2023-11-14 17:22:29Z" end-time="2023-11-14 17:22:29Z" duration="0.009875" asserts="4" />
              <test-case id="1116" name="Ball_BoundingBoxVisitor_IsCorrect(6,2,4,0)" fullname="Inheritance.Geometry.Visitor.BoundingBoxVisitor_Should.Ball_BoundingBoxVisitor_IsCorrect(6,2,4,0)" methodname="Ball_BoundingBoxVisitor_IsCorrect" classname="Inheritance.Geometry.Visitor.BoundingBoxVisitor_Should" runstate="Runnable" seed="1266887844" result="Passed" start-time="2023-11-14 17:22:29Z" end-time="2023-11-14 17:22:29Z" duration="0.000076" asserts="4" />
              <test-case id="1117" name="Ball_BoundingBoxVisitor_IsCorrect(-6,2,4,0)" fullname="Inheritance.Geometry.Visitor.BoundingBoxVisitor_Should.Ball_BoundingBoxVisitor_IsCorrect(-6,2,4,0)" methodname="Ball_BoundingBoxVisitor_IsCorrect" classname="Inheritance.Geometry.Visitor.BoundingBoxVisitor_Should" runstate="Runnable" seed="230586647" result="Passed" start-time="2023-11-14 17:22:29Z" end-time="2023-11-14 17:22:29Z" duration="0.000063" asserts="4" />
              <test-case id="1118" name="Ball_BoundingBoxVisitor_IsCorrect(-6,-2,4,0)" fullname="Inheritance.Geometry.Visitor.BoundingBoxVisitor_Should.Ball_BoundingBoxVisitor_IsCorrect(-6,-2,4,0)" methodname="Ball_BoundingBoxVisitor_IsCorrect" classname="Inheritance.Geometry.Visitor.BoundingBoxVisitor_Should" runstate="Runnable" seed="2137485753" result="Passed" start-time="2023-11-14 17:22:29Z" end-time="2023-11-14 17:22:29Z" duration="0.000076" asserts="4" />
              <test-case id="1119" name="Ball_BoundingBoxVisitor_IsCorrect(-6,-2,-4,0)" fullname="Inheritance.Geometry.Visitor.BoundingBoxVisitor_Should.Ball_BoundingBoxVisitor_IsCorrect(-6,-2,-4,0)" methodname="Ball_BoundingBoxVisitor_IsCorrect" classname="Inheritance.Geometry.Visitor.BoundingBoxVisitor_Should" runstate="Runnable" seed="1274962316" result="Passed" start-time="2023-11-14 17:22:29Z" end-time="2023-11-14 17:22:29Z" duration="0.000077" asserts="4" />
              <test-case id="1120" name="Ball_BoundingBoxVisitor_IsCorrect(6,2,-4,0)" fullname="Inheritance.Geometry.Visitor.BoundingBoxVisitor_Should.Ball_BoundingBoxVisitor_IsCorrect(6,2,-4,0)" methodname="Ball_BoundingBoxVisitor_IsCorrect" classname="Inheritance.Geometry.Visitor.BoundingBoxVisitor_Should" runstate="Runnable" seed="2141717840" result="Passed" start-time="2023-11-14 17:22:29Z" end-time="2023-11-14 17:22:29Z" duration="0.000080" asserts="4" />
              <test-case id="1121" name="Ball_BoundingBoxVisitor_IsCorrect(6,-2,-4,0)" fullname="Inheritance.Geometry.Visitor.BoundingBoxVisitor_Should.Ball_BoundingBoxVisitor_IsCorrect(6,-2,-4,0)" methodname="Ball_BoundingBoxVisitor_IsCorrect" classname="Inheritance.Geometry.Visitor.BoundingBoxVisitor_Should" runstate="Runnable" seed="213126714" result="Passed" start-time="2023-11-14 17:22:29Z" end-time="2023-11-14 17:22:29Z" duration="0.000085" asserts="4" />
              <test-case id="1122" name="Ball_BoundingBoxVisitor_IsCorrect(6,2,4,2)" fullname="Inheritance.Geometry.Visitor.BoundingBoxVisitor_Should.Ball_BoundingBoxVisitor_IsCorrect(6,2,4,2)" methodname="Ball_BoundingBoxVisitor_IsCorrect" classname="Inheritance.Geometry.Visitor.BoundingBoxVisitor_Should" runstate="Runnable" seed="1661313930" result="Passed" start-time="2023-11-14 17:22:29Z" end-time="2023-11-14 17:22:29Z" duration="0.000081" asserts="4" />
              <test-case id="1123" name="Ball_BoundingBoxVisitor_IsCorrect(-6,2,4,4)" fullname="Inheritance.Geometry.Visitor.BoundingBoxVisitor_Should.Ball_BoundingBoxVisitor_IsCorrect(-6,2,4,4)" methodname="Ball_BoundingBoxVisitor_IsCorrect" classname="Inheritance.Geometry.Visitor.BoundingBoxVisitor_Should" runstate="Runnable" seed="1150917733" result="Passed" start-time="2023-11-14 17:22:29Z" end-time="2023-11-14 17:22:29Z" duration="0.000068" asserts="4" />
              <test-case id="1124" name="Ball_BoundingBoxVisitor_IsCorrect(-6,-2,4,9)" fullname="Inheritance.Geometry.Visitor.BoundingBoxVisitor_Should.Ball_BoundingBoxVisitor_IsCorrect(-6,-2,4,9)" methodname="Ball_BoundingBoxVisitor_IsCorrect" classname="Inheritance.Geometry.Visitor.BoundingBoxVisitor_Should" runstate="Runnable" seed="1816309708" result="Passed" start-time="2023-11-14 17:22:29Z" end-time="2023-11-14 17:22:29Z" duration="0.000058" asserts="4" />
              <test-case id="1125" name="Ball_BoundingBoxVisitor_IsCorrect(-6,-2,-4,8)" fullname="Inheritance.Geometry.Visitor.BoundingBoxVisitor_Should.Ball_BoundingBoxVisitor_IsCorrect(-6,-2,-4,8)" methodname="Ball_BoundingBoxVisitor_IsCorrect" classname="Inheritance.Geometry.Visitor.BoundingBoxVisitor_Should" runstate="Runnable" seed="486341882" result="Passed" start-time="2023-11-14 17:22:29Z" end-time="2023-11-14 17:22:29Z" duration="0.000086" asserts="4" />
              <test-case id="1126" name="Ball_BoundingBoxVisitor_IsCorrect(6,2,-4,7)" fullname="Inheritance.Geometry.Visitor.BoundingBoxVisitor_Should.Ball_BoundingBoxVisitor_IsCorrect(6,2,-4,7)" methodname="Ball_BoundingBoxVisitor_IsCorrect" classname="Inheritance.Geometry.Visitor.BoundingBoxVisitor_Should" runstate="Runnable" seed="1037761886" result="Passed" start-time="2023-11-14 17:22:29Z" end-time="2023-11-14 17:22:29Z" duration="0.000078" asserts="4" />
              <test-case id="1127" name="Ball_BoundingBoxVisitor_IsCorrect(6,-2,-4,1)" fullname="Inheritance.Geometry.Visitor.BoundingBoxVisitor_Should.Ball_BoundingBoxVisitor_IsCorrect(6,-2,-4,1)" methodname="Ball_BoundingBoxVisitor_IsCorrect" classname="Inheritance.Geometry.Visitor.BoundingBoxVisitor_Should" runstate="Runnable" seed="1663695418" result="Passed" start-time="2023-11-14 17:22:29Z" end-time="2023-11-14 17:22:29Z" duration="0.000064" asserts="4" />
            </test-suite>
            <test-suite type="ParameterizedMethod" id="1166" name="CompoundBody_BoundingBox_IsCorrect" fullname="Inheritance.Geometry.Visitor.BoundingBoxVisitor_Should.CompoundBody_BoundingBox_IsCorrect" classname="Inheritance.Geometry.Visitor.BoundingBoxVisitor_Should" runstate="Runnable" testcasecount="9" result="Passed" start-time="2023-11-14 17:22:29Z" end-time="2023-11-14 17:22:29Z" duration="0.281972" total="9" passed="9" failed="0" warnings="0" inconclusive="0" skipped="0" asserts="108">
              <test-case id="1157" name="CompoundBody_BoundingBox_IsCorrect(0,0,0,1)" fullname="Inheritance.Geometry.Visitor.BoundingBoxVisitor_Should.CompoundBody_BoundingBox_IsCorrect(0,0,0,1)" methodname="CompoundBody_BoundingBox_IsCorrect" classname="Inheritance.Geometry.Visitor.BoundingBoxVisitor_Should" runstate="Runnable" seed="2054880225" result="Passed" start-time="2023-11-14 17:22:29Z" end-time="2023-11-14 17:22:29Z" duration="0.002840" asserts="12" />
              <test-case id="1158" name="CompoundBody_BoundingBox_IsCorrect(0,0,0,6)" fullname="Inheritance.Geometry.Visitor.BoundingBoxVisitor_Should.CompoundBody_BoundingBox_IsCorrect(0,0,0,6)" methodname="CompoundBody_BoundingBox_IsCorrect" classname="Inheritance.Geometry.Visitor.BoundingBoxVisitor_Should" runstate="Runnable" seed="1253516103" result="Passed" start-time="2023-11-14 17:22:29Z" end-time="2023-11-14 17:22:29Z" duration="0.000088" asserts="12" />
              <test-case id="1159" name="CompoundBody_BoundingBox_IsCorrect(0,0,0,7)" fullname="Inheritance.Geometry.Visitor.BoundingBoxVisitor_Should.CompoundBody_BoundingBox_IsCorrect(0,0,0,7)" methodname="CompoundBody_BoundingBox_IsCorrect" classname="Inheritance.Geometry.Visitor.BoundingBoxVisitor_Should" runstate="Runnable" seed="793416911" result="Passed" start-time="2023-11-14 17:22:29Z" end-time="2023-11-14 17:22:29Z" duration="0.000085" asserts="12" />
              <test-case id="1160" name="CompoundBody_BoundingBox_IsCorrect(1,1,1,7)" fullname="Inheritance.Geometry.Visitor.BoundingBoxVisitor_Should.CompoundBody_BoundingBox_IsCorrect(1,1,1,7)" methodname="CompoundBody_BoundingBox_IsCorrect" classname="Inheritance.Geometry.Visitor.BoundingBoxVisitor_Should" runstate="Runnable" seed="1382847888" result="Passed" start-time="2023-11-14 17:22:29Z" end-time="2023-11-14 17:22:29Z" duration="0.000077" asserts="12" />
              <test-case id="1161" name="CompoundBody_BoundingBox_IsCorrect(2,3,6,5)" fullname="Inheritance.Geometry.Visitor.BoundingBoxVisitor_Should.CompoundBody_BoundingBox_IsCorrect(2,3,6,5)" methodname="CompoundBody_BoundingBox_IsCorrect" classname="Inheritance.Geometry.Visitor.BoundingBoxVisitor_Should" runstate="Runnable" seed="190493977" result="Passed" start-time="2023-11-14 17:22:29Z" end-time="2023-11-14 17:22:29Z" duration="0.000100" asserts="12" />
              <test-case id="1162" name="CompoundBody_BoundingBox_IsCorrect(-2,-3,6,3)" fullname="Inheritance.Geometry.Visitor.BoundingBoxVisitor_Should.CompoundBody_BoundingBox_IsCorrect(-2,-3,6,3)" methodname="CompoundBody_BoundingBox_IsCorrect" classname="Inheritance.Geometry.Visitor.BoundingBoxVisitor_Should" runstate="Runnable" seed="1217552647" result="Passed" start-time="2023-11-14 17:22:29Z" end-time="2023-11-14 17:22:29Z" duration="0.000094" asserts="12" />
              <test-case id="1163" name="CompoundBody_BoundingBox_IsCorrect(-12,-23,-46,13)" fullname="Inheritance.Geometry.Visitor.BoundingBoxVisitor_Should.CompoundBody_BoundingBox_IsCorrect(-12,-23,-46,13)" methodname="CompoundBody_BoundingBox_IsCorrect" classname="Inheritance.Geometry.Visitor.BoundingBoxVisitor_Should" runstate="Runnable" seed="970313095" result="Passed" start-time="2023-11-14 17:22:29Z" end-time="2023-11-14 17:22:29Z" duration="0.000092" asserts="12" />
              <test-case id="1164" name="CompoundBody_BoundingBox_IsCorrect(12,-23,6,14)" fullname="Inheritance.Geometry.Visitor.BoundingBoxVisitor_Should.CompoundBody_BoundingBox_IsCorrect(12,-23,6,14)" methodname="CompoundBody_BoundingBox_IsCorrect" classname="Inheritance.Geometry.Visitor.BoundingBoxVisitor_Should" runstate="Runnable" seed="1755449213" result="Passed" start-time="2023-11-14 17:22:29Z" end-time="2023-11-14 17:22:29Z" duration="0.000089" asserts="12" />
              <test-case id="1165" name="CompoundBody_BoundingBox_IsCorrect(8,5,-16,12)" fullname="Inheritance.Geometry.Visitor.BoundingBoxVisitor_Should.CompoundBody_BoundingBox_IsCorrect(8,5,-16,12)" methodname="CompoundBody_BoundingBox_IsCorrect" classname="Inheritance.Geometry.Visitor.BoundingBoxVisitor_Should" runstate="Runnable" seed="1660351934" result="Passed" start-time="2023-11-14 17:22:29Z" end-time="2023-11-14 17:22:29Z" duration="0.000088" asserts="12" />
            </test-suite>
            <test-suite type="ParameterizedMethod" id="1114" name="CompoundBody_Of_TwoCuboids_BoundingBox_Correct" fullname="Inheritance.Geometry.Visitor.BoundingBoxVisitor_Should.CompoundBody_Of_TwoCuboids_BoundingBox_Correct" classname="Inheritance.Geometry.Visitor.BoundingBoxVisitor_Should" runstate="Runnable" testcasecount="3" result="Passed" start-time="2023-11-14 17:22:29Z" end-time="2023-11-14 17:22:29Z" duration="0.092142" total="3" passed="3" failed="0" warnings="0" inconclusive="0" skipped="0" asserts="9">
              <test-case id="1111" name="CompoundBody_Of_TwoCuboids_BoundingBox_Correct(1,2,3,2,1,3,5,5,4)" fullname="Inheritance.Geometry.Visitor.BoundingBoxVisitor_Should.CompoundBody_Of_TwoCuboids_BoundingBox_Correct(1,2,3,2,1,3,5,5,4)" methodname="CompoundBody_Of_TwoCuboids_BoundingBox_Correct" classname="Inheritance.Geometry.Visitor.BoundingBoxVisitor_Should" runstate="Runnable" seed="661927035" result="Passed" start-time="2023-11-14 17:22:29Z" end-time="2023-11-14 17:22:29Z" duration="0.000362" asserts="3" />
              <test-case id="1112" name="CompoundBody_Of_TwoCuboids_BoundingBox_Correct(1,1,1,2,2,2,5,5,5)" fullname="Inheritance.Geometry.Visitor.BoundingBoxVisitor_Should.CompoundBody_Of_TwoCuboids_BoundingBox_Correct(1,1,1,2,2,2,5,5,5)" methodname="CompoundBody_Of_TwoCuboids_BoundingBox_Correct" classname="Inheritance.Geometry.Visitor.BoundingBoxVisitor_Should" runstate="Runnable" seed="573481079" result="Passed" start-time="2023-11-14 17:22:29Z" end-time="2023-11-14 17:22:29Z" duration="0.001394" asserts="3" />
              <test-case id="1113" name="CompoundBody_Of_TwoCuboids_BoundingBox_Correct(2,1,1,1,2,2,5,5,5)" fullname="Inheritance.Geometry.Visitor.BoundingBoxVisitor_Should.CompoundBody_Of_TwoCuboids_BoundingBox_Correct(2,1,1,1,2,2,5,5,5)" methodname="CompoundBody_Of_TwoCuboids_BoundingBox_Correct" classname="Inheritance.Geometry.Visitor.BoundingBoxVisitor_Should" runstate="Runnable" seed="1569471995" result="Passed" start-time="2023-11-14 17:22:29Z" end-time="2023-11-14 17:22:29Z" duration="0.000059" asserts="3" />
            </test-suite>
            <test-suite type="ParameterizedMethod" id="1156" name="Cylinder_BoundingBox_IsCorrect" fullname="Inheritance.Geometry.Visitor.BoundingBoxVisitor_Should.Cylinder_BoundingBox_IsCorrect" classname="Inheritance.Geometry.Visitor.BoundingBoxVisitor_Should" runstate="Runnable" testcasecount="13" result="Passed" start-time="2023-11-14 17:22:29Z" end-time="2023-11-14 17:22:30Z" duration="0.412234" total="13" passed="13" failed="0" warnings="0" inconclusive="0" skipped="0" asserts="52">
              <test-case id="1143" name="Cylinder_BoundingBox_IsCorrect(0,0,0,1,2)" fullname="Inheritance.Geometry.Visitor.BoundingBoxVisitor_Should.Cylinder_BoundingBox_IsCorrect(0,0,0,1,2)" methodname="Cylinder_BoundingBox_IsCorrect" classname="Inheritance.Geometry.Visitor.BoundingBoxVisitor_Should" runstate="Runnable" seed="317270055" result="Passed" start-time="2023-11-14 17:22:29Z" end-time="2023-11-14 17:22:29Z" duration="0.000683" asserts="4" />
              <test-case id="1144" name="Cylinder_BoundingBox_IsCorrect(6,2,4,5,4)" fullname="Inheritance.Geometry.Visitor.BoundingBoxVisitor_Should.Cylinder_BoundingBox_IsCorrect(6,2,4,5,4)" methodname="Cylinder_BoundingBox_IsCorrect" classname="Inheritance.Geometry.Visitor.BoundingBoxVisitor_Should" runstate="Runnable" seed="1303448437" result="Passed" start-time="2023-11-14 17:22:29Z" end-time="2023-11-14 17:22:29Z" duration="0.000097" asserts="4" />
              <test-case id="1145" name="Cylinder_BoundingBox_IsCorrect(-6,2,4,5,5)" fullname="Inheritance.Geometry.Visitor.BoundingBoxVisitor_Should.Cylinder_BoundingBox_IsCorrect(-6,2,4,5,5)" methodname="Cylinder_BoundingBox_IsCorrect" classname="Inheritance.Geometry.Visitor.BoundingBoxVisitor_Should" runstate="Runnable" seed="1097065745" result="Passed" start-time="2023-11-14 17:22:30Z" end-time="2023-11-14 17:22:30Z" duration="0.000085" asserts="4" />
              <test-case id="1146" name="Cylinder_BoundingBox_IsCorrect(-6,-2,4)" fullname="Inheritance.Geometry.Visitor.BoundingBoxVisitor_Should.Cylinder_BoundingBox_IsCorrect(-6,-2,4)" methodname="Cylinder_BoundingBox_IsCorrect" classname="Inheritance.Geometry.Visitor.BoundingBoxVisitor_Should" runstate="Runnable" seed="1536093984" result="Passed" start-time="2023-11-14 17:22:30Z" end-time="2023-11-14 17:22:30Z" duration="0.000070" asserts="4" />
              <test-case id="1147" name="Cylinder_BoundingBox_IsCorrect(-6,-2,-4)" fullname="Inheritance.Geometry.Visitor.BoundingBoxVisitor_Should.Cylinder_BoundingBox_IsCorrect(-6,-2,-4)" methodname="Cylinder_BoundingBox_IsCorrect" classname="Inheritance.Geometry.Visitor.BoundingBoxVisitor_Should" runstate="Runnable" seed="2017378965" result="Passed" start-time="2023-11-14 17:22:30Z" end-time="2023-11-14 17:22:30Z" duration="0.000081" asserts="4" />
              <test-case id="1148" name="Cylinder_BoundingBox_IsCorrect(6,2,-4)" fullname="Inheritance.Geometry.Visitor.BoundingBoxVisitor_Should.Cylinder_BoundingBox_IsCorrect(6,2,-4)" methodname="Cylinder_BoundingBox_IsCorrect" classname="Inheritance.Geometry.Visitor.BoundingBoxVisitor_Should" runstate="Runnable" seed="210648787" result="Passed" start-time="2023-11-14 17:22:30Z" end-time="2023-11-14 17:22:30Z" duration="0.000103" asserts="4" />
              <test-case id="1149" name="Cylinder_BoundingBox_IsCorrect(6,-2,-4)" fullname="Inheritance.Geometry.Visitor.BoundingBoxVisitor_Should.Cylinder_BoundingBox_IsCorrect(6,-2,-4)" methodname="Cylinder_BoundingBox_IsCorrect" classname="Inheritance.Geometry.Visitor.BoundingBoxVisitor_Should" runstate="Runnable" seed="1142703246" result="Passed" start-time="2023-11-14 17:22:30Z" end-time="2023-11-14 17:22:30Z" duration="0.000063" asserts="4" />
              <test-case id="1150" name="Cylinder_BoundingBox_IsCorrect(6,2,4)" fullname="Inheritance.Geometry.Visitor.BoundingBoxVisitor_Should.Cylinder_BoundingBox_IsCorrect(6,2,4)" methodname="Cylinder_BoundingBox_IsCorrect" classname="Inheritance.Geometry.Visitor.BoundingBoxVisitor_Should" runstate="Runnable" seed="93656522" result="Passed" start-time="2023-11-14 17:22:30Z" end-time="2023-11-14 17:22:30Z" duration="0.000072" asserts="4" />
              <test-case id="1151" name="Cylinder_BoundingBox_IsCorrect(-6,2,4)" fullname="Inheritance.Geometry.Visitor.BoundingBoxVisitor_Should.Cylinder_BoundingBox_IsCorrect(-6,2,4)" methodname="Cylinder_BoundingBox_IsCorrect" classname="Inheritance.Geometry.Visitor.BoundingBoxVisitor_Should" runstate="Runnable" seed="719088268" result="Passed" start-time="2023-11-14 17:22:30Z" end-time="2023-11-14 17:22:30Z" duration="0.000074" asserts="4" />
              <test-case id="1152" name="Cylinder_BoundingBox_IsCorrect(-6,-2,4)" fullname="Inheritance.Geometry.Visitor.BoundingBoxVisitor_Should.Cylinder_BoundingBox_IsCorrect(-6,-2,4)" methodname="Cylinder_BoundingBox_IsCorrect" classname="Inheritance.Geometry.Visitor.BoundingBoxVisitor_Should" runstate="Runnable" seed="2063332654" result="Passed" start-time="2023-11-14 17:22:30Z" end-time="2023-11-14 17:22:30Z" duration="0.000071" asserts="4" />
              <test-case id="1153" name="Cylinder_BoundingBox_IsCorrect(-6,-2,-4)" fullname="Inheritance.Geometry.Visitor.BoundingBoxVisitor_Should.Cylinder_BoundingBox_IsCorrect(-6,-2,-4)" methodname="Cylinder_BoundingBox_IsCorrect" classname="Inheritance.Geometry.Visitor.BoundingBoxVisitor_Should" runstate="Runnable" seed="1225183806" result="Passed" start-time="2023-11-14 17:22:30Z" end-time="2023-11-14 17:22:30Z" duration="0.000074" asserts="4" />
              <test-case id="1154" name="Cylinder_BoundingBox_IsCorrect(6,2,-4)" fullname="Inheritance.Geometry.Visitor.BoundingBoxVisitor_Should.Cylinder_BoundingBox_IsCorrect(6,2,-4)" methodname="Cylinder_BoundingBox_IsCorrect" classname="Inheritance.Geometry.Visitor.BoundingBoxVisitor_Should" runstate="Runnable" seed="1007525259" result="Passed" start-time="2023-11-14 17:22:30Z" end-time="2023-11-14 17:22:30Z" duration="0.000076" asserts="4" />
              <test-case id="1155" name="Cylinder_BoundingBox_IsCorrect(6,-2,-4)" fullname="Inheritance.Geometry.Visitor.BoundingBoxVisitor_Should.Cylinder_BoundingBox_IsCorrect(6,-2,-4)" methodname="Cylinder_BoundingBox_IsCorrect" classname="Inheritance.Geometry.Visitor.BoundingBoxVisitor_Should" runstate="Runnable" seed="1995339408" result="Passed" start-time="2023-11-14 17:22:30Z" end-time="2023-11-14 17:22:30Z" duration="0.000066" asserts="4" />
            </test-suite>
            <test-suite type="ParameterizedMethod" id="1142" name="RectangularCuboid_BoundingBoxVisitor_IsCorrect" fullname="Inheritance.Geometry.Visitor.BoundingBoxVisitor_Should.RectangularCuboid_BoundingBoxVisitor_IsCorrect" classname="Inheritance.Geometry.Visitor.BoundingBoxVisitor_Should" runstate="Runnable" testcasecount="13" result="Passed" start-time="2023-11-14 17:22:30Z" end-time="2023-11-14 17:22:30Z" duration="0.405286" total="13" passed="13" failed="0" warnings="0" inconclusive="0" skipped="0" asserts="52">
              <test-case id="1129" name="RectangularCuboid_BoundingBoxVisitor_IsCorrect(0,0,0,1,2,3)" fullname="Inheritance.Geometry.Visitor.BoundingBoxVisitor_Should.RectangularCuboid_BoundingBoxVisitor_IsCorrect(0,0,0,1,2,3)" methodname="RectangularCuboid_BoundingBoxVisitor_IsCorrect" classname="Inheritance.Geometry.Visitor.BoundingBoxVisitor_Should" runstate="Runnable" seed="1748692885" result="Passed" start-time="2023-11-14 17:22:30Z" end-time="2023-11-14 17:22:30Z" duration="0.000680" asserts="4" />
              <test-case id="1130" name="RectangularCuboid_BoundingBoxVisitor_IsCorrect(6,2,4,5,4,7)" fullname="Inheritance.Geometry.Visitor.BoundingBoxVisitor_Should.RectangularCuboid_BoundingBoxVisitor_IsCorrect(6,2,4,5,4,7)" methodname="RectangularCuboid_BoundingBoxVisitor_IsCorrect" classname="Inheritance.Geometry.Visitor.BoundingBoxVisitor_Should" runstate="Runnable" seed="265127205" result="Passed" start-time="2023-11-14 17:22:30Z" end-time="2023-11-14 17:22:30Z" duration="0.000073" asserts="4" />
              <test-case id="1131" name="RectangularCuboid_BoundingBoxVisitor_IsCorrect(-6,2,4,5,5,5)" fullname="Inheritance.Geometry.Visitor.BoundingBoxVisitor_Should.RectangularCuboid_BoundingBoxVisitor_IsCorrect(-6,2,4,5,5,5)" methodname="RectangularCuboid_BoundingBoxVisitor_IsCorrect" classname="Inheritance.Geometry.Visitor.BoundingBoxVisitor_Should" runstate="Runnable" seed="654660498" result="Passed" start-time="2023-11-14 17:22:30Z" end-time="2023-11-14 17:22:30Z" duration="0.000062" asserts="4" />
              <test-case id="1132" name="RectangularCuboid_BoundingBoxVisitor_IsCorrect(-6,-2,4,0)" fullname="Inheritance.Geometry.Visitor.BoundingBoxVisitor_Should.RectangularCuboid_BoundingBoxVisitor_IsCorrect(-6,-2,4,0)" methodname="RectangularCuboid_BoundingBoxVisitor_IsCorrect" classname="Inheritance.Geometry.Visitor.BoundingBoxVisitor_Should" runstate="Runnable" seed="184185485" result="Passed" start-time="2023-11-14 17:22:30Z" end-time="2023-11-14 17:22:30Z" duration="0.000065" asserts="4" />
              <test-case id="1133" name="RectangularCuboid_BoundingBoxVisitor_IsCorrect(-6,-2,-4,0)" fullname="Inheritance.Geometry.Visitor.BoundingBoxVisitor_Should.RectangularCuboid_BoundingBoxVisitor_IsCorrect(-6,-2,-4,0)" methodname="RectangularCuboid_BoundingBoxVisitor_IsCorrect" classname="Inheritance.Geometry.Visitor.BoundingBoxVisitor_Should" runstate="Runnable" seed="1570723770" result="Passed" start-time="2023-11-14 17:22:30Z" end-time="2023-11-14 17:22:30Z" duration="0.000063" asserts="4" />
              <test-case id="1134" name="RectangularCuboid_BoundingBoxVisitor_IsCorrect(6,2,-4,0)" fullname="Inheritance.Geometry.Visitor.BoundingBoxVisitor_Should.RectangularCuboid_BoundingBoxVisitor_IsCorrect(6,2,-4,0)" methodname="RectangularCuboid_BoundingBoxVisitor_IsCorrect" classname="Inheritance.Geometry.Visitor.BoundingBoxVisitor_Should" runstate="Runnable" seed="935200158" result="Passed" start-time="2023-11-14 17:22:30Z" end-time="2023-11-14 17:22:30Z" duration="0.000073" asserts="4" />
              <test-case id="1135" name="RectangularCuboid_BoundingBoxVisitor_IsCorrect(6,-2,-4,0)" fullname="Inheritance.Geometry.Visitor.BoundingBoxVisitor_Should.RectangularCuboid_BoundingBoxVisitor_IsCorrect(6,-2,-4,0)" methodname="RectangularCuboid_BoundingBoxVisitor_IsCorrect" classname="Inheritance.Geometry.Visitor.BoundingBoxVisitor_Should" runstate="Runnable" seed="1505358406" result="Passed" start-time="2023-11-14 17:22:30Z" end-time="2023-11-14 17:22:30Z" duration="0.000067" asserts="4" />
              <test-case id="1136" name="RectangularCuboid_BoundingBoxVisitor_IsCorrect(6,2,4,2)" fullname="Inheritance.Geometry.Visitor.BoundingBoxVisitor_Should.RectangularCuboid_BoundingBoxVisitor_IsCorrect(6,2,4,2)" methodname="RectangularCuboid_BoundingBoxVisitor_IsCorrect" classname="Inheritance.Geometry.Visitor.BoundingBoxVisitor_Should" runstate="Runnable" seed="1993532170" result="Passed" start-time="2023-11-14 17:22:30Z" end-time="2023-11-14 17:22:30Z" duration="0.000073" asserts="4" />
              <test-case id="1137" name="RectangularCuboid_BoundingBoxVisitor_IsCorrect(-6,2,4,4)" fullname="Inheritance.Geometry.Visitor.BoundingBoxVisitor_Should.RectangularCuboid_BoundingBoxVisitor_IsCorrect(-6,2,4,4)" methodname="RectangularCuboid_BoundingBoxVisitor_IsCorrect" classname="Inheritance.Geometry.Visitor.BoundingBoxVisitor_Should" runstate="Runnable" seed="2137352636" result="Passed" start-time="2023-11-14 17:22:30Z" end-time="2023-11-14 17:22:30Z" duration="0.000058" asserts="4" />
              <test-case id="1138" name="RectangularCuboid_BoundingBoxVisitor_IsCorrect(-6,-2,4,9)" fullname="Inheritance.Geometry.Visitor.BoundingBoxVisitor_Should.RectangularCuboid_BoundingBoxVisitor_IsCorrect(-6,-2,4,9)" methodname="RectangularCuboid_BoundingBoxVisitor_IsCorrect" classname="Inheritance.Geometry.Visitor.BoundingBoxVisitor_Should" runstate="Runnable" seed="1185255600" result="Passed" start-time="2023-11-14 17:22:30Z" end-time="2023-11-14 17:22:30Z" duration="0.000076" asserts="4" />
              <test-case id="1139" name="RectangularCuboid_BoundingBoxVisitor_IsCorrect(-6,-2,-4,8)" fullname="Inheritance.Geometry.Visitor.BoundingBoxVisitor_Should.RectangularCuboid_BoundingBoxVisitor_IsCorrect(-6,-2,-4,8)" methodname="RectangularCuboid_BoundingBoxVisitor_IsCorrect" classname="Inheritance.Geometry.Visitor.BoundingBoxVisitor_Should" runstate="Runnable" seed="1793475076" result="Passed" start-time="2023-11-14 17:22:30Z" end-time="2023-11-14 17:22:30Z" duration="0.000064" asserts="4" />
              <test-case id="1140" name="RectangularCuboid_BoundingBoxVisitor_IsCorrect(6,2,-4,7)" fullname="Inheritance.Geometry.Visitor.BoundingBoxVisitor_Should.RectangularCuboid_BoundingBoxVisitor_IsCorrect(6,2,-4,7)" methodname="RectangularCuboid_BoundingBoxVisitor_IsCorrect" classname="Inheritance.Geometry.Visitor.BoundingBoxVisitor_Should" runstate="Runnable" seed="2106293502" result="Passed" start-time="2023-11-14 17:22:30Z" end-time="2023-11-14 17:22:30Z" duration="0.000061" asserts="4" />
              <test-case id="1141" name="RectangularCuboid_BoundingBoxVisitor_IsCorrect(6,-2,-4,1)" fullname="Inheritance.Geometry.Visitor.BoundingBoxVisitor_Should.RectangularCuboid_BoundingBoxVisitor_IsCorrect(6,-2,-4,1)" methodname="RectangularCuboid_BoundingBoxVisitor_IsCorrect" classname="Inheritance.Geometry.Visitor.BoundingBoxVisitor_Should" runstate="Runnable" seed="1501080264" result="Passed" start-time="2023-11-14 17:22:30Z" end-time="2023-11-14 17:22:30Z" duration="0.000062" asserts="4" />
            </test-suite>
          </test-suite>
          <test-suite type="TestFixture" id="1167" name="BoxifyVisitor_Should" fullname="Inheritance.Geometry.Visitor.BoxifyVisitor_Should" classname="Inheritance.Geometry.Visitor.BoxifyVisitor_Should" runstate="Runnable" testcasecount="4" result="Passed" start-time="2023-11-14 17:22:30Z" end-time="2023-11-14 17:22:30Z" duration="0.123018" total="4" passed="4" failed="0" warnings="0" inconclusive="0" skipped="0" asserts="27">
            <test-case id="1168" name="Ball_BoxifyVisitor_IsCorrect" fullname="Inheritance.Geometry.Visitor.BoxifyVisitor_Should.Ball_BoxifyVisitor_IsCorrect" methodname="Ball_BoxifyVisitor_IsCorrect" classname="Inheritance.Geometry.Visitor.BoxifyVisitor_Should" runstate="Runnable" seed="46383736" result="Passed" start-time="2023-11-14 17:22:30Z" end-time="2023-11-14 17:22:30Z" duration="0.000924" asserts="4" />
            <test-case id="1171" name="CompoundBody_BoxifyVisitor_IsCorrect" fullname="Inheritance.Geometry.Visitor.BoxifyVisitor_Should.CompoundBody_BoxifyVisitor_IsCorrect" methodname="CompoundBody_BoxifyVisitor_IsCorrect" classname="Inheritance.Geometry.Visitor.BoxifyVisitor_Should" runstate="Runnable" seed="509843444" result="Passed" start-time="2023-11-14 17:22:30Z" end-time="2023-11-14 17:22:30Z" duration="0.004669" asserts="15" />
            <test-case id="1170" name="Cylinder_BoxifyVisitor_IsCorrect" fullname="Inheritance.Geometry.Visitor.BoxifyVisitor_Should.Cylinder_BoxifyVisitor_IsCorrect" methodname="Cylinder_BoxifyVisitor_IsCorrect" classname="Inheritance.Geometry.Visitor.BoxifyVisitor_Should" runstate="Runnable" seed="786235769" result="Passed" start-time="2023-11-14 17:22:30Z" end-time="2023-11-14 17:22:30Z" duration="0.000478" asserts="4" />
            <test-case id="1169" name="RectangularCuboid_BoxifyVisitor_IsCorrect" fullname="Inheritance.Geometry.Visitor.BoxifyVisitor_Should.RectangularCuboid_BoxifyVisitor_IsCorrect" methodname="RectangularCuboid_BoxifyVisitor_IsCorrect" classname="Inheritance.Geometry.Visitor.BoxifyVisitor_Should" runstate="Runnable" seed="604926593" result="Passed" start-time="2023-11-14 17:22:30Z" end-time="2023-11-14 17:22:30Z" duration="0.000459" asserts="4" />
          </test-suite>
        </test-suite>
      </test-suite>
    </test-suite>
  </test-suite>
</test-run>