<?xml version="1.0" encoding="utf-8"?>
<test-run id="2" name="Inheritance.DataStructure.exe" fullname="C:/Users/Daniil/Desktop/C#/ООП С#/Инкапсуляция/Структура данных/bin/Debug/Inheritance.DataStructure.exe" testcasecount="6" result="Passed" start-time="2023-11-11 16:54:12Z" end-time="2023-11-11 16:54:12Z" duration="0.283858" total="6" passed="6" failed="0" inconclusive="0" skipped="0" asserts="145" random-seed="1766929306">
  <command-line><![CDATA["C:\Users\Daniil\Desktop\C#\ООП С#\Инкапсуляция\Структура данных\bin\Debug\Inheritance.DataStructure.exe"   ]]></command-line>
  <filter />
  <test-suite type="Assembly" id="1007" name="Inheritance.DataStructure.exe" fullname="C:/Users/Daniil/Desktop/C#/ООП С#/Инкапсуляция/Структура данных/bin/Debug/Inheritance.DataStructure.exe" runstate="Runnable" testcasecount="6" result="Passed" start-time="2023-11-11 16:54:12Z" end-time="2023-11-11 16:54:12Z" duration="0.283858" total="6" passed="6" failed="0" warnings="0" inconclusive="0" skipped="0" asserts="145">
    <environment framework-version="3.6.0.0" clr-version="4.0.30319.42000" os-version="Microsoft Windows NT 6.2.9200.0" platform="Win32NT" cwd="C:\Users\Daniil\Desktop\C#\ООП С#\Инкапсуляция\Структура данных\bin\Debug" machine-name="DESKTOP-SU09UBG" user="Daniil" user-domain="DESKTOP-SU09UBG" culture="ru-RU" uiculture="ru-RU" os-architecture="x86" />
    <settings>
      <setting name="WorkDirectory" value="C:\Users\Daniil\Desktop\C#\ООП С#\Инкапсуляция\Структура данных\bin\Debug" />
      <setting name="NumberOfTestWorkers" value="12" />
    </settings>
    <properties>
      <property name="_PID" value="6052" />
      <property name="_APPDOMAIN" value="Inheritance.DataStructure.exe" />
    </properties>
    <test-suite type="TestSuite" id="1008" name="Inheritance" fullname="Inheritance" runstate="Runnable" testcasecount="6" result="Passed" start-time="2023-11-11 16:54:12Z" end-time="2023-11-11 16:54:12Z" duration="0.253401" total="6" passed="6" failed="0" warnings="0" inconclusive="0" skipped="0" asserts="145">
      <test-suite type="TestSuite" id="1009" name="DataStructure" fullname="Inheritance.DataStructure" runstate="Runnable" testcasecount="6" result="Passed" start-time="2023-11-11 16:54:12Z" end-time="2023-11-11 16:54:12Z" duration="0.221746" total="6" passed="6" failed="0" warnings="0" inconclusive="0" skipped="0" asserts="145">
        <test-suite type="TestFixture" id="1000" name="Category_should" fullname="Inheritance.DataStructure.Category_should" classname="Inheritance.DataStructure.Category_should" runstate="Runnable" testcasecount="6" result="Passed" start-time="2023-11-11 16:54:12Z" end-time="2023-11-11 16:54:12Z" duration="0.190393" total="6" passed="6" failed="0" warnings="0" inconclusive="0" skipped="0" asserts="145">
          <test-case id="1003" name="ImplementCompareToCorrectly" fullname="Inheritance.DataStructure.Category_should.ImplementCompareToCorrectly" methodname="ImplementCompareToCorrectly" classname="Inheritance.DataStructure.Category_should" runstate="Runnable" seed="1169407867" result="Passed" start-time="2023-11-11 16:54:12Z" end-time="2023-11-11 16:54:12Z" duration="0.008099" asserts="17" />
          <test-case id="1001" name="ImplementEqualsCorrectly" fullname="Inheritance.DataStructure.Category_should.ImplementEqualsCorrectly" methodname="ImplementEqualsCorrectly" classname="Inheritance.DataStructure.Category_should" runstate="Runnable" seed="1322355787" result="Passed" start-time="2023-11-11 16:54:12Z" end-time="2023-11-11 16:54:12Z" duration="0.001567" asserts="17" />
          <test-case id="1002" name="ImplementGetHashCodeCorrectly" fullname="Inheritance.DataStructure.Category_should.ImplementGetHashCodeCorrectly" methodname="ImplementGetHashCodeCorrectly" classname="Inheritance.DataStructure.Category_should" runstate="Runnable" seed="2091611904" result="Passed" start-time="2023-11-11 16:54:12Z" end-time="2023-11-11 16:54:12Z" duration="0.002407" asserts="13" />
          <test-case id="1005" name="ImplementIComparableInterface" fullname="Inheritance.DataStructure.Category_should.ImplementIComparableInterface" methodname="ImplementIComparableInterface" classname="Inheritance.DataStructure.Category_should" runstate="Runnable" seed="34169164" result="Passed" start-time="2023-11-11 16:54:12Z" end-time="2023-11-11 16:54:12Z" duration="0.000093" asserts="1" />
          <test-case id="1004" name="ImplementOperatorsCorrectly" fullname="Inheritance.DataStructure.Category_should.ImplementOperatorsCorrectly" methodname="ImplementOperatorsCorrectly" classname="Inheritance.DataStructure.Category_should" runstate="Runnable" seed="818791192" result="Passed" start-time="2023-11-11 16:54:12Z" end-time="2023-11-11 16:54:12Z" duration="0.000867" asserts="96" />
          <test-case id="1006" name="ImplementToStringCorrectly" fullname="Inheritance.DataStructure.Category_should.ImplementToStringCorrectly" methodname="ImplementToStringCorrectly" classname="Inheritance.DataStructure.Category_should" runstate="Runnable" seed="1190219836" result="Passed" start-time="2023-11-11 16:54:12Z" end-time="2023-11-11 16:54:12Z" duration="0.000483" asserts="1" />
        </test-suite>
      </test-suite>
    </test-suite>
  </test-suite>
</test-run>