<?xml version="1.0" encoding="utf-8"?>
<test-run id="2" name="Generics.Robots.exe" fullname="C:/Users/Daniil/Desktop/C#/ООП С#/лабы/Роботы/bin/Debug/Generics.Robots.exe" testcasecount="3" result="Passed" start-time="2023-11-26 15:04:10Z" end-time="2023-11-26 15:04:10Z" duration="0.189098" total="3" passed="3" failed="0" inconclusive="0" skipped="0" asserts="3" random-seed="1145568476">
  <command-line><![CDATA["C:\Users\Daniil\Desktop\C#\ООП С#\лабы\Роботы\bin\Debug\Generics.Robots.exe"   ]]></command-line>
  <filter />
  <test-suite type="Assembly" id="1004" name="Generics.Robots.exe" fullname="C:/Users/Daniil/Desktop/C#/ООП С#/лабы/Роботы/bin/Debug/Generics.Robots.exe" runstate="Runnable" testcasecount="3" result="Passed" start-time="2023-11-26 15:04:10Z" end-time="2023-11-26 15:04:10Z" duration="0.189098" total="3" passed="3" failed="0" warnings="0" inconclusive="0" skipped="0" asserts="3">
    <environment framework-version="3.6.0.0" clr-version="4.0.30319.42000" os-version="Microsoft Windows NT 6.2.9200.0" platform="Win32NT" cwd="C:\Users\Daniil\Desktop\C#\ООП С#\лабы\Роботы\bin\Debug" machine-name="DESKTOP-SU09UBG" user="Daniil" user-domain="DESKTOP-SU09UBG" culture="ru-RU" uiculture="ru-RU" os-architecture="x86" />
    <settings>
      <setting name="WorkDirectory" value="C:\Users\Daniil\Desktop\C#\ООП С#\лабы\Роботы\bin\Debug" />
      <setting name="NumberOfTestWorkers" value="12" />
    </settings>
    <properties>
      <property name="_PID" value="22512" />
      <property name="_APPDOMAIN" value="Generics.Robots.exe" />
    </properties>
    <test-suite type="TestSuite" id="1005" name="Generics" fullname="Generics" runstate="Runnable" testcasecount="3" result="Passed" start-time="2023-11-26 15:04:10Z" end-time="2023-11-26 15:04:10Z" duration="0.157634" total="3" passed="3" failed="0" warnings="0" inconclusive="0" skipped="0" asserts="3">
      <test-suite type="TestSuite" id="1006" name="Robots" fullname="Generics.Robots" runstate="Runnable" testcasecount="3" result="Passed" start-time="2023-11-26 15:04:10Z" end-time="2023-11-26 15:04:10Z" duration="0.127030" total="3" passed="3" failed="0" warnings="0" inconclusive="0" skipped="0" asserts="3">
        <test-suite type="TestFixture" id="1000" name="Architecture_Should" fullname="Generics.Robots.Architecture_Should" classname="Generics.Robots.Architecture_Should" runstate="Runnable" testcasecount="3" result="Passed" start-time="2023-11-26 15:04:10Z" end-time="2023-11-26 15:04:10Z" duration="0.095059" total="3" passed="3" failed="0" warnings="0" inconclusive="0" skipped="0" asserts="3">
          <test-case id="1003" name="BeCorrectForBuilder" fullname="Generics.Robots.Architecture_Should.BeCorrectForBuilder" methodname="BeCorrectForBuilder" classname="Generics.Robots.Architecture_Should" runstate="Runnable" seed="1906390953" result="Passed" start-time="2023-11-26 15:04:10Z" end-time="2023-11-26 15:04:10Z" duration="0.009760" asserts="1" />
          <test-case id="1001" name="BeCorrectForShooterAiWithShooterMover" fullname="Generics.Robots.Architecture_Should.BeCorrectForShooterAiWithShooterMover" methodname="BeCorrectForShooterAiWithShooterMover" classname="Generics.Robots.Architecture_Should" runstate="Runnable" seed="1911681406" result="Passed" start-time="2023-11-26 15:04:10Z" end-time="2023-11-26 15:04:10Z" duration="0.000853" asserts="1" />
          <test-case id="1002" name="BeCorrectForShooterAiWithStandardMover" fullname="Generics.Robots.Architecture_Should.BeCorrectForShooterAiWithStandardMover" methodname="BeCorrectForShooterAiWithStandardMover" classname="Generics.Robots.Architecture_Should" runstate="Runnable" seed="583565988" result="Passed" start-time="2023-11-26 15:04:10Z" end-time="2023-11-26 15:04:10Z" duration="0.000265" asserts="1" />
        </test-suite>
      </test-suite>
    </test-suite>
  </test-suite>
</test-run>